#
# A fatal error has been detected by the Java Runtime Environment:
#
#  SIGSEGV (0xb) at pc=0x00007fa533dad3ab, pid=27741, tid=140346668779264
#
# JRE version: 7.0_25-b30
# Java VM: OpenJDK 64-Bit Server VM (23.7-b01 mixed mode linux-amd64 compressed oops)
# Problematic frame:
# C  [sqlite-3.7.2-libsqlitejdbc.so+0x353ab]  sqlite3_load_extension+0x23e
#
# Failed to write core dump. Core dumps have been disabled. To enable core dumping, try "ulimit -c unlimited" before starting Java again
#
# If you would like to submit a bug report, please include
# instructions on how to reproduce the bug and visit:
#   https://bugs.launchpad.net/ubuntu/+source/openjdk-7/
# The crash happened outside the Java Virtual Machine in native code.
# See problematic frame for where to report the bug.
#

---------------  T H R E A D  ---------------

Current thread (0x00007fa544562000):  JavaThread "AWT-EventQueue-0" [_thread_in_native, id=27763, stack(0x00007fa501468000,0x00007fa501569000)]

siginfo:si_signo=SIGSEGV: si_errno=0, si_code=1 (SEGV_MAPERR), si_addr=0x0000000000000058

Registers:
RAX=0x0000000000000000, RBX=0x0000000000000000, RCX=0x0000000000000003, RDX=0x0000000000050001
RSP=0x00007fa501565b88, RBP=0x00007fa501565c40, RSI=0x0000000000000000, RDI=0x0000000000000000
R8 =0x00000000ecdc0628, R9 =0x00000000ec6d8af0, R10=0x00007fa541012937, R11=0x00007fa54a79ee10
R12=0x00007fa4ec17b7a8, R13=0x00000000b991d530, R14=0x00007fa501565c78, R15=0x00007fa544562000
RIP=0x00007fa533dad3ab, EFLAGS=0x0000000000010246, CSGSFS=0x0000000000000033, ERR=0x0000000000000004
  TRAPNO=0x000000000000000e

Top of Stack: (sp=0x00007fa501565b88)
0x00007fa501565b88:   00007fa533dae83b 00007fa501565bd0
0x00007fa501565b98:   00007fa5445621d8 00007fa54a545670
0x00007fa501565ba8:   00007fa533d8505b 0000000000000000
0x00007fa501565bb8:   00000000b991d530 0000000000000000
0x00007fa501565bc8:   00007fa541012963 00007fa501565c40
0x00007fa501565bd8:   00007fa541012715 00007fa501565bf8
0x00007fa501565be8:   00007fa5410126e1 0000000000000003
0x00007fa501565bf8:   00000000ecdc0628 00007fa501565bf0
0x00007fa501565c08:   00000000b991d530 00007fa501565c78
0x00007fa501565c18:   00000000b9926f20 0000000000000000
0x00007fa501565c28:   00000000b991d530 0000000000000000
0x00007fa501565c38:   00007fa501565c60 00007fa501565cc0
0x00007fa501565c48:   00007fa541006333 0000000000000000
0x00007fa501565c58:   00007fa54100eddb 0000000000000003
0x00007fa501565c68:   00007fa4ec17b7a8 00000000b99bbf3b
0x00007fa501565c78:   00000000ecdc0628 00007fa501565c80
0x00007fa501565c88:   00000000b99be560 00007fa501565cd8
0x00007fa501565c98:   00000000b99c32f8 0000000000000000
0x00007fa501565ca8:   00000000b99be588 00007fa501565c60
0x00007fa501565cb8:   00007fa501565cd0 00007fa501565d20
0x00007fa501565cc8:   00007fa541006333 0000000000000004
0x00007fa501565cd8:   00000000c3d0ee18 00007fa501565ce0
0x00007fa501565ce8:   00000000b99be65e 00007fa501565d38
0x00007fa501565cf8:   00000000b99c32f8 0000000000000000
0x00007fa501565d08:   00000000b99be688 00007fa501565cd0
0x00007fa501565d18:   00007fa501565d30 00007fa501565d88
0x00007fa501565d28:   00007fa5410069e1 00000000ec6d87e8
0x00007fa501565d38:   00000000c3d0ee18 00000000ec6d8748
0x00007fa501565d48:   00007fa501565d48 00000000b9e16abc
0x00007fa501565d58:   00007fa501565dd8 00000000b9ed2280
0x00007fa501565d68:   0000000000000000 00000000b9e16cf8
0x00007fa501565d78:   00007fa501565d30 00007fa501565dd0 

Instructions: (pc=0x00007fa533dad3ab)
0x00007fa533dad38b:   85 ff 53 48 89 fb 74 21 8b b7 90 00 00 00 48 8b
0x00007fa533dad39b:   3f e8 84 fc ff ff 89 83 90 00 00 00 48 8b 03 5b
0x00007fa533dad3ab:   48 8b 78 58 e9 4c 67 fd ff 5b c3 41 57 41 88 d7
0x00007fa533dad3bb:   41 56 49 89 f6 41 55 49 89 fd 41 54 55 53 31 db 

Register to memory mapping:

RAX=0x0000000000000000 is an unknown value
RBX=0x0000000000000000 is an unknown value
RCX=0x0000000000000003 is an unknown value
RDX=0x0000000000050001 is an unknown value
RSP=0x00007fa501565b88 is pointing into the stack for thread: 0x00007fa544562000
RBP=0x00007fa501565c40 is pointing into the stack for thread: 0x00007fa544562000
RSI=0x0000000000000000 is an unknown value
RDI=0x0000000000000000 is an unknown value
R8 =0x00000000ecdc0628 is an oop
org.sqlite.NativeDB 
 - klass: 'org/sqlite/NativeDB'
R9 =0x00000000ec6d8af0 is an oop
[C 
 - klass: {type array char}
 - length: 4
R10=0x00007fa541012937 is an Interpreter codelet
method entry point (kind = native_synchronized)  [0x00007fa541012560, 0x00007fa541012f20]  2496 bytes
R11=0x00007fa54a79ee10: <offset 0x797e10> in /usr/lib/jvm/java-7-openjdk-amd64/jre/lib/amd64/server/libjvm.so at 0x00007fa54a007000
R12=0x00007fa4ec17b7a8 is an unknown value
R13=0x00000000b991d530 is an oop
{method} 
 - klass: {other class}
R14=0x00007fa501565c78 is pointing into the stack for thread: 0x00007fa544562000
R15=0x00007fa544562000 is a thread


Stack: [0x00007fa501468000,0x00007fa501569000],  sp=0x00007fa501565b88,  free space=1014k
Native frames: (J=compiled Java code, j=interpreted, Vv=VM code, C=native code)
C  [sqlite-3.7.2-libsqlitejdbc.so+0x353ab]  sqlite3_load_extension+0x23e
j  org.sqlite.RS.getString(I)Ljava/lang/String;+16
j  org.sqlite.RS.getString(Ljava/lang/String;)Ljava/lang/String;+6
j  fr.sapk.jrecon.UIFrameHome.buildXMLMap(Ljava/lang/String;)V+116
j  fr.sapk.jrecon.UIFrameHome.ButtonShowGraphActionPerformed(Ljava/awt/event/ActionEvent;)V+20
j  fr.sapk.jrecon.UIFrameHome.access$900(Lfr/sapk/jrecon/UIFrameHome;Ljava/awt/event/ActionEvent;)V+2
j  fr.sapk.jrecon.UIFrameHome$10.actionPerformed(Ljava/awt/event/ActionEvent;)V+5
j  javax.swing.AbstractButton.fireActionPerformed(Ljava/awt/event/ActionEvent;)V+84
j  javax.swing.AbstractButton$Handler.actionPerformed(Ljava/awt/event/ActionEvent;)V+5
j  javax.swing.DefaultButtonModel.fireActionPerformed(Ljava/awt/event/ActionEvent;)V+35
j  javax.swing.DefaultButtonModel.setPressed(Z)V+117
j  javax.swing.plaf.basic.BasicButtonListener.mouseReleased(Ljava/awt/event/MouseEvent;)V+35
j  java.awt.Component.processMouseEvent(Ljava/awt/event/MouseEvent;)V+64
j  javax.swing.JComponent.processMouseEvent(Ljava/awt/event/MouseEvent;)V+23
j  java.awt.Component.processEvent(Ljava/awt/AWTEvent;)V+81
j  java.awt.Container.processEvent(Ljava/awt/AWTEvent;)V+18
j  java.awt.Component.dispatchEventImpl(Ljava/awt/AWTEvent;)V+581
j  java.awt.Container.dispatchEventImpl(Ljava/awt/AWTEvent;)V+42
j  java.awt.Component.dispatchEvent(Ljava/awt/AWTEvent;)V+2
j  java.awt.LightweightDispatcher.retargetMouseEvent(Ljava/awt/Component;ILjava/awt/event/MouseEvent;)V+327
j  java.awt.LightweightDispatcher.processMouseEvent(Ljava/awt/event/MouseEvent;)Z+139
j  java.awt.LightweightDispatcher.dispatchEvent(Ljava/awt/AWTEvent;)Z+50
j  java.awt.Container.dispatchEventImpl(Ljava/awt/AWTEvent;)V+12
j  java.awt.Window.dispatchEventImpl(Ljava/awt/AWTEvent;)V+19
j  java.awt.Component.dispatchEvent(Ljava/awt/AWTEvent;)V+2
j  java.awt.EventQueue.dispatchEventImpl(Ljava/awt/AWTEvent;Ljava/lang/Object;)V+41
j  java.awt.EventQueue.access$200(Ljava/awt/EventQueue;Ljava/awt/AWTEvent;Ljava/lang/Object;)V+3
j  java.awt.EventQueue$3.run()Ljava/lang/Void;+12
j  java.awt.EventQueue$3.run()Ljava/lang/Object;+1
v  ~StubRoutines::call_stub
V  [libjvm.so+0x52ef79]  JavaCalls::call_helper(JavaValue*, methodHandle*, JavaCallArguments*, Thread*)+0x339
V  [libjvm.so+0x52ea18]  JavaCalls::call(JavaValue*, methodHandle, JavaCallArguments*, Thread*)+0x28
V  [libjvm.so+0x56d00f]  JVM_DoPrivileged+0x23f
j  java.security.AccessController.doPrivileged(Ljava/security/PrivilegedAction;Ljava/security/AccessControlContext;)Ljava/lang/Object;+0
j  java.security.ProtectionDomain$1.doIntersectionPrivilege(Ljava/security/PrivilegedAction;Ljava/security/AccessControlContext;Ljava/security/AccessControlContext;)Ljava/lang/Object;+28
j  java.security.ProtectionDomain$1.doIntersectionPrivilege(Ljava/security/PrivilegedAction;Ljava/security/AccessControlContext;)Ljava/lang/Object;+6
j  java.awt.EventQueue$4.run()Ljava/lang/Void;+11
j  java.awt.EventQueue$4.run()Ljava/lang/Object;+1
v  ~StubRoutines::call_stub
V  [libjvm.so+0x52ef79]  JavaCalls::call_helper(JavaValue*, methodHandle*, JavaCallArguments*, Thread*)+0x339
V  [libjvm.so+0x52ea18]  JavaCalls::call(JavaValue*, methodHandle, JavaCallArguments*, Thread*)+0x28
V  [libjvm.so+0x56d00f]  JVM_DoPrivileged+0x23f
j  java.security.AccessController.doPrivileged(Ljava/security/PrivilegedAction;Ljava/security/AccessControlContext;)Ljava/lang/Object;+0
j  java.security.ProtectionDomain$1.doIntersectionPrivilege(Ljava/security/PrivilegedAction;Ljava/security/AccessControlContext;Ljava/security/AccessControlContext;)Ljava/lang/Object;+28
j  java.awt.EventQueue.dispatchEvent(Ljava/awt/AWTEvent;)V+73
j  java.awt.EventDispatchThread.pumpOneEventForFilters(I)V+245
j  java.awt.EventDispatchThread.pumpEventsForFilter(ILjava/awt/Conditional;Ljava/awt/EventFilter;)V+35
j  java.awt.EventDispatchThread.pumpEventsForHierarchy(ILjava/awt/Conditional;Ljava/awt/Component;)V+11
j  java.awt.EventDispatchThread.pumpEvents(ILjava/awt/Conditional;)V+4
j  java.awt.EventDispatchThread.pumpEvents(Ljava/awt/Conditional;)V+3
j  java.awt.EventDispatchThread.run()V+9
v  ~StubRoutines::call_stub
V  [libjvm.so+0x52ef79]  JavaCalls::call_helper(JavaValue*, methodHandle*, JavaCallArguments*, Thread*)+0x339
V  [libjvm.so+0x52dede]  JavaCalls::call_virtual(JavaValue*, Handle, KlassHandle, Symbol*, Symbol*, Thread*)+0x1fe
V  [libjvm.so+0x569661]  thread_entry(JavaThread*, Thread*)+0xd1
V  [libjvm.so+0x82f841]  JavaThread::thread_main_inner()+0xe1
V  [libjvm.so+0x70a9d2]  java_start(Thread*)+0xf2

Java frames: (J=compiled Java code, j=interpreted, Vv=VM code)
j  org.sqlite.NativeDB.column_text(JI)Ljava/lang/String;+0
j  org.sqlite.RS.getString(I)Ljava/lang/String;+16
j  org.sqlite.RS.getString(Ljava/lang/String;)Ljava/lang/String;+6
j  fr.sapk.jrecon.UIFrameHome.buildXMLMap(Ljava/lang/String;)V+116
j  fr.sapk.jrecon.UIFrameHome.ButtonShowGraphActionPerformed(Ljava/awt/event/ActionEvent;)V+20
j  fr.sapk.jrecon.UIFrameHome.access$900(Lfr/sapk/jrecon/UIFrameHome;Ljava/awt/event/ActionEvent;)V+2
j  fr.sapk.jrecon.UIFrameHome$10.actionPerformed(Ljava/awt/event/ActionEvent;)V+5
j  javax.swing.AbstractButton.fireActionPerformed(Ljava/awt/event/ActionEvent;)V+84
j  javax.swing.AbstractButton$Handler.actionPerformed(Ljava/awt/event/ActionEvent;)V+5
j  javax.swing.DefaultButtonModel.fireActionPerformed(Ljava/awt/event/ActionEvent;)V+35
j  javax.swing.DefaultButtonModel.setPressed(Z)V+117
j  javax.swing.plaf.basic.BasicButtonListener.mouseReleased(Ljava/awt/event/MouseEvent;)V+35
j  java.awt.Component.processMouseEvent(Ljava/awt/event/MouseEvent;)V+64
j  javax.swing.JComponent.processMouseEvent(Ljava/awt/event/MouseEvent;)V+23
j  java.awt.Component.processEvent(Ljava/awt/AWTEvent;)V+81
j  java.awt.Container.processEvent(Ljava/awt/AWTEvent;)V+18
j  java.awt.Component.dispatchEventImpl(Ljava/awt/AWTEvent;)V+581
j  java.awt.Container.dispatchEventImpl(Ljava/awt/AWTEvent;)V+42
j  java.awt.Component.dispatchEvent(Ljava/awt/AWTEvent;)V+2
j  java.awt.LightweightDispatcher.retargetMouseEvent(Ljava/awt/Component;ILjava/awt/event/MouseEvent;)V+327
j  java.awt.LightweightDispatcher.processMouseEvent(Ljava/awt/event/MouseEvent;)Z+139
j  java.awt.LightweightDispatcher.dispatchEvent(Ljava/awt/AWTEvent;)Z+50
j  java.awt.Container.dispatchEventImpl(Ljava/awt/AWTEvent;)V+12
j  java.awt.Window.dispatchEventImpl(Ljava/awt/AWTEvent;)V+19
j  java.awt.Component.dispatchEvent(Ljava/awt/AWTEvent;)V+2
j  java.awt.EventQueue.dispatchEventImpl(Ljava/awt/AWTEvent;Ljava/lang/Object;)V+41
j  java.awt.EventQueue.access$200(Ljava/awt/EventQueue;Ljava/awt/AWTEvent;Ljava/lang/Object;)V+3
j  java.awt.EventQueue$3.run()Ljava/lang/Void;+12
j  java.awt.EventQueue$3.run()Ljava/lang/Object;+1
v  ~StubRoutines::call_stub
j  java.security.AccessController.doPrivileged(Ljava/security/PrivilegedAction;Ljava/security/AccessControlContext;)Ljava/lang/Object;+0
j  java.security.ProtectionDomain$1.doIntersectionPrivilege(Ljava/security/PrivilegedAction;Ljava/security/AccessControlContext;Ljava/security/AccessControlContext;)Ljava/lang/Object;+28
j  java.security.ProtectionDomain$1.doIntersectionPrivilege(Ljava/security/PrivilegedAction;Ljava/security/AccessControlContext;)Ljava/lang/Object;+6
j  java.awt.EventQueue$4.run()Ljava/lang/Void;+11
j  java.awt.EventQueue$4.run()Ljava/lang/Object;+1
v  ~StubRoutines::call_stub
j  java.security.AccessController.doPrivileged(Ljava/security/PrivilegedAction;Ljava/security/AccessControlContext;)Ljava/lang/Object;+0
j  java.security.ProtectionDomain$1.doIntersectionPrivilege(Ljava/security/PrivilegedAction;Ljava/security/AccessControlContext;Ljava/security/AccessControlContext;)Ljava/lang/Object;+28
j  java.awt.EventQueue.dispatchEvent(Ljava/awt/AWTEvent;)V+73
j  java.awt.EventDispatchThread.pumpOneEventForFilters(I)V+245
j  java.awt.EventDispatchThread.pumpEventsForFilter(ILjava/awt/Conditional;Ljava/awt/EventFilter;)V+35
j  java.awt.EventDispatchThread.pumpEventsForHierarchy(ILjava/awt/Conditional;Ljava/awt/Component;)V+11
j  java.awt.EventDispatchThread.pumpEvents(ILjava/awt/Conditional;)V+4
j  java.awt.EventDispatchThread.pumpEvents(Ljava/awt/Conditional;)V+3
j  java.awt.EventDispatchThread.run()V+9
v  ~StubRoutines::call_stub

---------------  P R O C E S S  ---------------

Java Threads: ( => current thread )
  0x00007fa4e4055800 JavaThread "Thread-8" [_thread_blocked, id=27784, stack(0x00007fa500dcf000,0x00007fa500ed0000)]
  0x00007fa4dc02a000 JavaThread "process reaper" daemon [_thread_blocked, id=27774, stack(0x00007fa500da7000,0x00007fa500dcf000)]
  0x00007fa4ec188000 JavaThread "Thread-2" [_thread_blocked, id=27770, stack(0x00007fa500eea000,0x00007fa500feb000)]
  0x00007fa4ec186000 JavaThread "Thread-1" [_thread_blocked, id=27769, stack(0x00007fa501266000,0x00007fa501367000)]
  0x00007fa4ec17f800 JavaThread "TimerQueue" daemon [_thread_blocked, id=27764, stack(0x00007fa501367000,0x00007fa501468000)]
  0x00007fa544009000 JavaThread "DestroyJavaVM" [_thread_blocked, id=27746, stack(0x00007fa54b9f1000,0x00007fa54baf2000)]
=>0x00007fa544562000 JavaThread "AWT-EventQueue-0" [_thread_in_native, id=27763, stack(0x00007fa501468000,0x00007fa501569000)]
  0x00007fa544560800 JavaThread "AWT-Shutdown" [_thread_blocked, id=27762, stack(0x00007fa501569000,0x00007fa50166a000)]
  0x00007fa544356000 JavaThread "AWT-XAWT" daemon [_thread_in_native, id=27761, stack(0x00007fa503477000,0x00007fa503578000)]
  0x00007fa544321000 JavaThread "Java2D Disposer" daemon [_thread_blocked, id=27760, stack(0x00007fa530007000,0x00007fa530108000)]
  0x00007fa544113000 JavaThread "Service Thread" daemon [_thread_blocked, id=27757, stack(0x00007fa53839a000,0x00007fa53849b000)]
  0x00007fa544111000 JavaThread "C2 CompilerThread1" daemon [_thread_blocked, id=27756, stack(0x00007fa53849b000,0x00007fa53859c000)]
  0x00007fa54410e000 JavaThread "C2 CompilerThread0" daemon [_thread_blocked, id=27755, stack(0x00007fa53859c000,0x00007fa53869d000)]
  0x00007fa54410c000 JavaThread "Signal Dispatcher" daemon [_thread_blocked, id=27754, stack(0x00007fa53869d000,0x00007fa53879e000)]
  0x00007fa5440b2800 JavaThread "Finalizer" daemon [_thread_blocked, id=27753, stack(0x00007fa538e81000,0x00007fa538f82000)]
  0x00007fa5440b0000 JavaThread "Reference Handler" daemon [_thread_blocked, id=27752, stack(0x00007fa538f82000,0x00007fa539083000)]

Other Threads:
  0x00007fa5440a7800 VMThread [stack: 0x00007fa539083000,0x00007fa539184000] [id=27751]
  0x00007fa54411e000 WatcherThread [stack: 0x00007fa538299000,0x00007fa53839a000] [id=27758]

VM state:not at safepoint (normal execution)

VM Mutex/Monitor currently owned by a thread: None

Heap
 PSYoungGen      total 17984K, used 11183K [0x00000000ebeb0000, 0x00000000ed2c0000, 0x0000000100000000)
  eden space 15424K, 56% used [0x00000000ebeb0000,0x00000000ec71f830,0x00000000ecdc0000)
  from space 2560K, 99% used [0x00000000ecdc0000,0x00000000ed03c740,0x00000000ed040000)
  to   space 2560K, 0% used [0x00000000ed040000,0x00000000ed040000,0x00000000ed2c0000)
 ParOldGen       total 41152K, used 2432K [0x00000000c3c00000, 0x00000000c6430000, 0x00000000ebeb0000)
  object space 41152K, 5% used [0x00000000c3c00000,0x00000000c3e60088,0x00000000c6430000)
 PSPermGen       total 21248K, used 17357K [0x00000000b9600000, 0x00000000baac0000, 0x00000000c3c00000)
  object space 21248K, 81% used [0x00000000b9600000,0x00000000ba6f36b0,0x00000000baac0000)

Card table byte_map: [0x00007fa548527000,0x00007fa54875d000] byte_map_base: 0x00007fa547f5c000

Polling page: 0x00007fa54bb0a000

Code Cache  [0x00007fa541000000, 0x00007fa541270000, 0x00007fa544000000)
 total_blobs=708 nmethods=166 adapters=494 free_code_cache=48297Kb largest_free_block=49429568

Compilation events (10 events):
Event: 79,860 Thread 0x00007fa544111000  167             java.awt.Component::isVisible_NoClientCode (5 bytes)
Event: 79,861 Thread 0x00007fa544111000 nmethod 167 0x00007fa5410c7c10 code [0x00007fa5410c7d40, 0x00007fa5410c7d98]
Event: 79,901 Thread 0x00007fa54410e000  168   !         java.awt.Container::getMouseEventTargetImpl (255 bytes)
Event: 79,918 Thread 0x00007fa54410e000 nmethod 168 0x00007fa5410daed0 code [0x00007fa5410db0c0, 0x00007fa5410dbbd8]
Event: 79,971 Thread 0x00007fa544111000  169             sun.awt.X11.XEvent::get_type (18 bytes)
Event: 79,974 Thread 0x00007fa544111000 nmethod 169 0x00007fa541099890 code [0x00007fa541099a00, 0x00007fa541099b18]
Event: 80,983 Thread 0x00007fa54410e000  170             javax.swing.JComponent::getWidth (5 bytes)
Event: 80,984 Thread 0x00007fa54410e000 nmethod 170 0x00007fa541099690 code [0x00007fa5410997c0, 0x00007fa541099818]
Event: 80,985 Thread 0x00007fa544111000  171             javax.swing.JComponent::getHeight (5 bytes)
Event: 80,986 Thread 0x00007fa544111000 nmethod 171 0x00007fa541099490 code [0x00007fa5410995c0, 0x00007fa541099618]

GC Heap History (2 events):
Event: 39,266 GC heap before
{Heap before GC invocations=1 (full 0):
 PSYoungGen      total 17984K, used 15424K [0x00000000ebeb0000, 0x00000000ed2c0000, 0x0000000100000000)
  eden space 15424K, 100% used [0x00000000ebeb0000,0x00000000ecdc0000,0x00000000ecdc0000)
  from space 2560K, 0% used [0x00000000ed040000,0x00000000ed040000,0x00000000ed2c0000)
  to   space 2560K, 0% used [0x00000000ecdc0000,0x00000000ecdc0000,0x00000000ed040000)
 ParOldGen       total 41152K, used 0K [0x00000000c3c00000, 0x00000000c6430000, 0x00000000ebeb0000)
  object space 41152K, 0% used [0x00000000c3c00000,0x00000000c3c00000,0x00000000c6430000)
 PSPermGen       total 21248K, used 16700K [0x00000000b9600000, 0x00000000baac0000, 0x00000000c3c00000)
  object space 21248K, 78% used [0x00000000b9600000,0x00000000ba64f160,0x00000000baac0000)
Event: 39,274 GC heap after
Heap after GC invocations=1 (full 0):
 PSYoungGen      total 17984K, used 2545K [0x00000000ebeb0000, 0x00000000ed2c0000, 0x0000000100000000)
  eden space 15424K, 0% used [0x00000000ebeb0000,0x00000000ebeb0000,0x00000000ecdc0000)
  from space 2560K, 99% used [0x00000000ecdc0000,0x00000000ed03c740,0x00000000ed040000)
  to   space 2560K, 0% used [0x00000000ed040000,0x00000000ed040000,0x00000000ed2c0000)
 ParOldGen       total 41152K, used 2432K [0x00000000c3c00000, 0x00000000c6430000, 0x00000000ebeb0000)
  object space 41152K, 5% used [0x00000000c3c00000,0x00000000c3e60088,0x00000000c6430000)
 PSPermGen       total 21248K, used 16700K [0x00000000b9600000, 0x00000000baac0000, 0x00000000c3c00000)
  object space 21248K, 78% used [0x00000000b9600000,0x00000000ba64f160,0x00000000baac0000)
}

Deoptimization events (10 events):
Event: 0,328 Thread 0x00007fa544009000 Uncommon trap -34 fr.pc 0x00007fa5410645f8
Event: 0,442 Thread 0x00007fa544009000 Uncommon trap -34 fr.pc 0x00007fa5410645f8
Event: 0,442 Thread 0x00007fa544009000 Uncommon trap -34 fr.pc 0x00007fa5410645f8
Event: 0,443 Thread 0x00007fa544009000 Uncommon trap -34 fr.pc 0x00007fa5410645f8
Event: 0,748 Thread 0x00007fa544562000 Uncommon trap -34 fr.pc 0x00007fa54108c454
Event: 0,748 Thread 0x00007fa544562000 Uncommon trap -34 fr.pc 0x00007fa54108c454
Event: 0,748 Thread 0x00007fa544562000 Uncommon trap -34 fr.pc 0x00007fa54108c454
Event: 0,748 Thread 0x00007fa544562000 Uncommon trap -34 fr.pc 0x00007fa54108c454
Event: 0,837 Thread 0x00007fa544562000 Uncommon trap 56 fr.pc 0x00007fa54108f0ec
Event: 1,023 Thread 0x00007fa4ec21a800 Uncommon trap -34 fr.pc 0x00007fa54108b714

Internal exceptions (10 events):
Event: 0,914 Thread 0x00007fa544562000 Threw 0x00000000ec7dd730 at /build/buildd/openjdk-7-7u25-2.3.12/build/openjdk/hotspot/src/share/vm/prims/jvm.cpp:1235
Event: 0,917 Thread 0x00007fa544562000 Threw 0x00000000ec830c00 at /build/buildd/openjdk-7-7u25-2.3.12/build/openjdk/hotspot/src/share/vm/prims/jvm.cpp:1235
Event: 0,918 Thread 0x00007fa544562000 Threw 0x00000000ec834c48 at /build/buildd/openjdk-7-7u25-2.3.12/build/openjdk/hotspot/src/share/vm/prims/jvm.cpp:1235
Event: 1,060 Thread 0x00007fa544562000 Threw 0x00000000ec8a30c8 at /build/buildd/openjdk-7-7u25-2.3.12/build/openjdk/hotspot/src/share/vm/prims/jvm.cpp:1235
Event: 1,276 Thread 0x00007fa544562000 Threw 0x00000000eca3e238 at /build/buildd/openjdk-7-7u25-2.3.12/build/openjdk/hotspot/src/share/vm/prims/jni.cpp:742
Event: 3,412 Thread 0x00007fa544562000 Threw 0x00000000ecafeb58 at /build/buildd/openjdk-7-7u25-2.3.12/build/openjdk/hotspot/src/share/vm/prims/jvm.cpp:1235
Event: 39,173 Thread 0x00007fa544562000 Threw 0x00000000eccc5fe0 at /build/buildd/openjdk-7-7u25-2.3.12/build/openjdk/hotspot/src/share/vm/prims/jvm.cpp:1235
Event: 63,454 Thread 0x00007fa4ec186000 Threw 0x00000000ec0333b8 at /build/buildd/openjdk-7-7u25-2.3.12/build/openjdk/hotspot/src/share/vm/prims/jvm.cpp:1235
Event: 72,198 Thread 0x00007fa544562000 Threw 0x00000000ec336d70 at /build/buildd/openjdk-7-7u25-2.3.12/build/openjdk/hotspot/src/share/vm/prims/jvm.cpp:1239
Event: 72,198 Thread 0x00007fa544562000 Threw 0x00000000ec336d70 at /build/buildd/openjdk-7-7u25-2.3.12/build/openjdk/hotspot/src/share/vm/prims/jvm.cpp:1239

Events (10 events):
Event: 79,650 loading class 0x00007fa4ec0da590
Event: 79,650 loading class 0x00007fa4ec0da590 done
Event: 79,650 loading class 0x00007fa54455cb30
Event: 79,651 loading class 0x00007fa54455cb30 done
Event: 80,626 Executing VM operation: RevokeBias
Event: 80,629 Executing VM operation: RevokeBias done
Event: 80,629 Executing VM operation: RevokeBias
Event: 80,629 Executing VM operation: RevokeBias done
Event: 81,209 loading class 0x00007fa4ec0125c0
Event: 81,209 loading class 0x00007fa4ec0125c0 done


Dynamic libraries:
00400000-00401000 r-xp 00000000 08:11 109098                             /usr/lib/jvm/java-7-openjdk-amd64/jre/bin/java
00600000-00601000 r--p 00000000 08:11 109098                             /usr/lib/jvm/java-7-openjdk-amd64/jre/bin/java
00601000-00602000 rw-p 00001000 08:11 109098                             /usr/lib/jvm/java-7-openjdk-amd64/jre/bin/java
011a9000-011ca000 rw-p 00000000 00:00 0                                  [heap]
b9600000-baac0000 rw-p 00000000 00:00 0 
baac0000-c3c00000 rw-p 00000000 00:00 0 
c3c00000-c6430000 rw-p 00000000 00:00 0 
c6430000-ebeb0000 rw-p 00000000 00:00 0 
ebeb0000-ed2c0000 rw-p 00000000 00:00 0 
ed2c0000-100000000 rw-p 00000000 00:00 0 
7fa4dc000000-7fa4dc034000 rw-p 00000000 00:00 0 
7fa4dc034000-7fa4e0000000 ---p 00000000 00:00 0 
7fa4e0000000-7fa4e0021000 rw-p 00000000 00:00 0 
7fa4e0021000-7fa4e4000000 ---p 00000000 00:00 0 
7fa4e4000000-7fa4e405f000 rw-p 00000000 00:00 0 
7fa4e405f000-7fa4e8000000 ---p 00000000 00:00 0 
7fa4e8000000-7fa4e8021000 rw-p 00000000 00:00 0 
7fa4e8021000-7fa4ec000000 ---p 00000000 00:00 0 
7fa4ec000000-7fa4ec45c000 rw-p 00000000 00:00 0 
7fa4ec45c000-7fa4f0000000 ---p 00000000 00:00 0 
7fa4f0000000-7fa4f0021000 rw-p 00000000 00:00 0 
7fa4f0021000-7fa4f4000000 ---p 00000000 00:00 0 
7fa4f4000000-7fa4f4021000 rw-p 00000000 00:00 0 
7fa4f4021000-7fa4f8000000 ---p 00000000 00:00 0 
7fa4f8000000-7fa4f8021000 rw-p 00000000 00:00 0 
7fa4f8021000-7fa4fc000000 ---p 00000000 00:00 0 
7fa4fc000000-7fa4fc021000 rw-p 00000000 00:00 0 
7fa4fc021000-7fa500000000 ---p 00000000 00:00 0 
7fa50026d000-7fa500466000 rw-p 00000000 00:00 0 
7fa500466000-7fa500471000 rw-s 00000000 00:04 366903395                  /SYSV00000000 (deleted)
7fa500471000-7fa5004a6000 rw-s 00000000 00:04 366870626                  /SYSV00000000 (deleted)
7fa5004a6000-7fa5004e1000 rw-s 00000000 00:04 366837852                  /SYSV00000000 (deleted)
7fa5004e1000-7fa5004f0000 rw-s 00000000 00:04 366772315                  /SYSV00000000 (deleted)
7fa5004f0000-7fa500572000 rw-s 00000000 00:04 366739546                  /SYSV00000000 (deleted)
7fa500572000-7fa500576000 r-xp 00000000 08:11 1758015                    /usr/lib/x86_64-linux-gnu/gdk-pixbuf-2.0/2.10.0/loaders/libpixbufloader-png.so
7fa500576000-7fa500776000 ---p 00004000 08:11 1758015                    /usr/lib/x86_64-linux-gnu/gdk-pixbuf-2.0/2.10.0/loaders/libpixbufloader-png.so
7fa500776000-7fa500777000 r--p 00004000 08:11 1758015                    /usr/lib/x86_64-linux-gnu/gdk-pixbuf-2.0/2.10.0/loaders/libpixbufloader-png.so
7fa500777000-7fa500778000 rw-p 00005000 08:11 1758015                    /usr/lib/x86_64-linux-gnu/gdk-pixbuf-2.0/2.10.0/loaders/libpixbufloader-png.so
7fa500778000-7fa50077e000 r-xp 00000000 08:11 565161                     /lib/x86_64-linux-gnu/libnss_dns-2.17.so
7fa50077e000-7fa50097d000 ---p 00006000 08:11 565161                     /lib/x86_64-linux-gnu/libnss_dns-2.17.so
7fa50097d000-7fa50097e000 r--p 00005000 08:11 565161                     /lib/x86_64-linux-gnu/libnss_dns-2.17.so
7fa50097e000-7fa50097f000 rw-p 00006000 08:11 565161                     /lib/x86_64-linux-gnu/libnss_dns-2.17.so
7fa50097f000-7fa500981000 r-xp 00000000 08:11 564182                     /lib/libnss_mdns4_minimal.so.2
7fa500981000-7fa500b80000 ---p 00002000 08:11 564182                     /lib/libnss_mdns4_minimal.so.2
7fa500b80000-7fa500b81000 r--p 00001000 08:11 564182                     /lib/libnss_mdns4_minimal.so.2
7fa500b81000-7fa500b82000 rw-p 00002000 08:11 564182                     /lib/libnss_mdns4_minimal.so.2
7fa500b82000-7fa500b85000 r-xp 00000000 08:11 565167                     /lib/x86_64-linux-gnu/libnss_myhostname.so.2
7fa500b85000-7fa500d84000 ---p 00003000 08:11 565167                     /lib/x86_64-linux-gnu/libnss_myhostname.so.2
7fa500d84000-7fa500d85000 r--p 00002000 08:11 565167                     /lib/x86_64-linux-gnu/libnss_myhostname.so.2
7fa500d85000-7fa500d86000 rw-p 00003000 08:11 565167                     /lib/x86_64-linux-gnu/libnss_myhostname.so.2
7fa500d8d000-7fa500d8e000 rw-p 00000000 00:00 0 
7fa500d8e000-7fa500d94000 rw-s 00000000 00:04 366805080                  /SYSV00000000 (deleted)
7fa500d94000-7fa500d9a000 rw-s 00000000 00:04 366706777                  /SYSV00000000 (deleted)
7fa500d9a000-7fa500da7000 rw-s 00000000 00:04 366608470                  /SYSV00000000 (deleted)
7fa500da7000-7fa500daa000 ---p 00000000 00:00 0 
7fa500daa000-7fa500dcf000 rw-p 00000000 00:00 0                          [stack:27774]
7fa500dcf000-7fa500dd2000 ---p 00000000 00:00 0 
7fa500dd2000-7fa500ed0000 rw-p 00000000 00:00 0                          [stack:27784]
7fa500ed0000-7fa500ede000 rw-s 00000000 00:04 366510164                  /SYSV00000000 (deleted)
7fa500ede000-7fa500ee6000 rw-s 00000000 00:04 366477395                  /SYSV00000000 (deleted)
7fa500ee6000-7fa500eea000 rw-s 00000000 00:04 366444623                  /SYSV00000000 (deleted)
7fa500eea000-7fa500eed000 ---p 00000000 00:00 0 
7fa500eed000-7fa500feb000 rw-p 00000000 00:00 0                          [stack:27770]
7fa500feb000-7fa500ff6000 rw-s 00000000 00:04 366411854                  /SYSV00000000 (deleted)
7fa500ff6000-7fa500ffe000 rw-s 00000000 00:04 366313549                  /SYSV00000000 (deleted)
7fa500ffe000-7fa50100c000 rw-s 00000000 00:04 366280780                  /SYSV00000000 (deleted)
7fa50100c000-7fa501014000 rw-s 00000000 00:04 366248009                  /SYSV00000000 (deleted)
7fa501014000-7fa501096000 rw-s 00000000 00:04 366215240                  /SYSV00000000 (deleted)
7fa501096000-7fa5010b5000 rw-s 00000000 00:04 366182471                  /SYSV00000000 (deleted)
7fa5010b5000-7fa5010d1000 rw-s 00000000 00:04 366149702                  /SYSV00000000 (deleted)
7fa5010d1000-7fa5010dc000 rw-s 00000000 00:04 366116933                  /SYSV00000000 (deleted)
7fa5010dc000-7fa50115c000 rw-s 00000000 00:04 366084164                  /SYSV00000000 (deleted)
7fa50115c000-7fa501160000 rw-s 00000000 00:04 366051395                  /SYSV00000000 (deleted)
7fa501160000-7fa5011c0000 rw-s 00000000 00:04 366018626                  /SYSV00000000 (deleted)
7fa5011c0000-7fa501266000 rw-s 00000000 00:04 365985857                  /SYSV00000000 (deleted)
7fa501266000-7fa501269000 ---p 00000000 00:00 0 
7fa501269000-7fa501367000 rw-p 00000000 00:00 0                          [stack:27769]
7fa501367000-7fa50136a000 ---p 00000000 00:00 0 
7fa50136a000-7fa501468000 rw-p 00000000 00:00 0                          [stack:27764]
7fa501468000-7fa50146b000 ---p 00000000 00:00 0 
7fa50146b000-7fa501569000 rw-p 00000000 00:00 0                          [stack:27763]
7fa501569000-7fa50156c000 ---p 00000000 00:00 0 
7fa50156c000-7fa50166a000 rw-p 00000000 00:00 0                          [stack:27762]
7fa50166a000-7fa501670000 r-xp 00000000 08:11 1758009                    /usr/lib/x86_64-linux-gnu/gdk-pixbuf-2.0/2.10.0/loaders/libpixbufloader-gif.so
7fa501670000-7fa50186f000 ---p 00006000 08:11 1758009                    /usr/lib/x86_64-linux-gnu/gdk-pixbuf-2.0/2.10.0/loaders/libpixbufloader-gif.so
7fa50186f000-7fa501870000 r--p 00005000 08:11 1758009                    /usr/lib/x86_64-linux-gnu/gdk-pixbuf-2.0/2.10.0/loaders/libpixbufloader-gif.so
7fa501870000-7fa501871000 rw-p 00006000 08:11 1758009                    /usr/lib/x86_64-linux-gnu/gdk-pixbuf-2.0/2.10.0/loaders/libpixbufloader-gif.so
7fa501871000-7fa50188e000 r--s 00000000 08:11 1774600                    /usr/share/mime/mime.cache
7fa50188e000-7fa50188f000 rw-p 00000000 00:00 0 
7fa50188f000-7fa50189d000 r--p 00000000 08:11 1799369                    /usr/share/fonts/opentype/cantarell/Cantarell-Regular.otf
7fa50189d000-7fa5018b4000 r--s 00000000 08:11 1807766                    /usr/share/fonts/type1/gsfonts/z003034l.pfb
7fa5018b4000-7fa5018bd000 r--s 00000000 08:11 1807763                    /usr/share/fonts/type1/gsfonts/s050000l.pfb
7fa5018bd000-7fa5018d9000 r--s 00000000 08:11 1807760                    /usr/share/fonts/type1/gsfonts/p052024l.pfb
7fa5018d9000-7fa5018f4000 r--s 00000000 08:11 1807757                    /usr/share/fonts/type1/gsfonts/p052023l.pfb
7fa5018f4000-7fa50190f000 r--s 00000000 08:11 1807754                    /usr/share/fonts/type1/gsfonts/p052004l.pfb
7fa50190f000-7fa50192a000 r--s 00000000 08:11 1807751                    /usr/share/fonts/type1/gsfonts/p052003l.pfb
7fa50192a000-7fa50193d000 r--s 00000000 08:11 1807724                    /usr/share/fonts/type1/gsfonts/n019064l.pfb
7fa50193d000-7fa50194e000 r--s 00000000 08:11 1807721                    /usr/share/fonts/type1/gsfonts/n019063l.pfb
7fa50194e000-7fa501960000 r--s 00000000 08:11 1807718                    /usr/share/fonts/type1/gsfonts/n019044l.pfb
7fa501960000-7fa501972000 r--s 00000000 08:11 1807715                    /usr/share/fonts/type1/gsfonts/n019043l.pfb
7fa501972000-7fa50197e000 r--s 00000000 08:11 1807700                    /usr/share/fonts/type1/gsfonts/d050000l.pfb
7fa50197e000-7fa501996000 r--s 00000000 08:11 1807697                    /usr/share/fonts/type1/gsfonts/c059036l.pfb
7fa501996000-7fa5019ae000 r--s 00000000 08:11 1807694                    /usr/share/fonts/type1/gsfonts/c059033l.pfb
7fa5019ae000-7fa5019c9000 r--s 00000000 08:11 1807691                    /usr/share/fonts/type1/gsfonts/c059016l.pfb
7fa5019c9000-7fa5019e3000 r--s 00000000 08:11 1807688                    /usr/share/fonts/type1/gsfonts/c059013l.pfb
7fa5019e3000-7fa5019f5000 r--s 00000000 08:11 1807685                    /usr/share/fonts/type1/gsfonts/b018035l.pfb
7fa5019f5000-7fa501a0a000 r--s 00000000 08:11 1807682                    /usr/share/fonts/type1/gsfonts/b018032l.pfb
7fa501a0a000-7fa501a1d000 r--s 00000000 08:11 1807679                    /usr/share/fonts/type1/gsfonts/b018015l.pfb
7fa501a1d000-7fa501a36000 r--s 00000000 08:11 1807676                    /usr/share/fonts/type1/gsfonts/b018012l.pfb
7fa501a36000-7fa501a47000 r--s 00000000 08:11 1807673                    /usr/share/fonts/type1/gsfonts/a010035l.pfb
7fa501a47000-7fa501a57000 r--s 00000000 08:11 1807670                    /usr/share/fonts/type1/gsfonts/a010033l.pfb
7fa501a57000-7fa501a67000 r--s 00000000 08:11 1807667                    /usr/share/fonts/type1/gsfonts/a010015l.pfb
7fa501a67000-7fa501a77000 r--s 00000000 08:11 1807664                    /usr/share/fonts/type1/gsfonts/a010013l.pfb
7fa501a77000-7fa501a80000 r--s 00000000 08:11 1792682                    /usr/share/fonts/X11/Type1/c0649bt_.pfb
7fa501a80000-7fa501a89000 r--s 00000000 08:11 1792680                    /usr/share/fonts/X11/Type1/c0648bt_.pfb
7fa501a89000-7fa501a92000 r--s 00000000 08:11 1792678                    /usr/share/fonts/X11/Type1/c0633bt_.pfb
7fa501a92000-7fa501a9b000 r--s 00000000 08:11 1792676                    /usr/share/fonts/X11/Type1/c0632bt_.pfb
7fa501a9b000-7fa501aa5000 r--s 00000000 08:11 1792674                    /usr/share/fonts/X11/Type1/c0611bt_.pfb
7fa501aa5000-7fa501aaf000 r--s 00000000 08:11 1792672                    /usr/share/fonts/X11/Type1/c0583bt_.pfb
7fa501aaf000-7fa501ab9000 r--s 00000000 08:11 1792670                    /usr/share/fonts/X11/Type1/c0582bt_.pfb
7fa501ab9000-7fa501ac3000 r--s 00000000 08:11 1792668                    /usr/share/fonts/X11/Type1/c0419bt_.pfb
7fa501ac3000-7fa501acd000 r--s 00000000 08:11 1807769                    /usr/share/fonts/type1/mathml/Symbol.pfb
7fa501acd000-7fa501ace000 r--s 00000000 08:05 107                        /var/cache/fontconfig/c05880de57d1f5e948fdfacc138775d9-le64.cache-4
7fa501ace000-7fa501ad9000 r--s 00000000 08:05 100                        /var/cache/fontconfig/945677eb7aeaf62f1d50efc3fb3ec7d8-le64.cache-4
7fa501ad9000-7fa501adb000 r--s 00000000 08:05 3499                       /var/cache/fontconfig/99e8ed0e538f840c565b6ed5dad60d56-le64.cache-4
7fa501adb000-7fa501ae1000 r--s 00000000 08:05 84                         /var/cache/fontconfig/2cd17615ca594fa2959ae173292e504c-le64.cache-4
7fa501ae1000-7fa501ae2000 r--s 00000000 08:05 117                        /var/cache/fontconfig/e7071f4a29fa870f4323321c154eba04-le64.cache-4
7fa501ae2000-7fa501ae3000 r--s 00000000 08:05 81                         /var/cache/fontconfig/0d8c3b2ac0904cb8a57a757ad11a4a08-le64.cache-4
7fa501ae3000-7fa501aea000 r--s 00000000 08:05 104                        /var/cache/fontconfig/a755afe4a08bf5b97852ceb7400b47bc-le64.cache-4
7fa501aea000-7fa501af6000 r--s 00000000 08:05 9000                       /var/cache/fontconfig/6d41288fd70b0be22e8c3a91e032eec0-le64.cache-4
7fa501af6000-7fa501b0a000 r--s 00000000 08:05 79                         /var/cache/fontconfig/04aabc0a78ac019cf9454389977116d2-le64.cache-4
7fa501b0a000-7fa501b0b000 r--s 00000000 08:05 83                         /var/cache/fontconfig/1ac9eb803944fde146138c791f5cc56a-le64.cache-4
7fa501b0b000-7fa501b0f000 r--s 00000000 08:05 87                         /var/cache/fontconfig/385c0604a188198f04d133e54aba7fe7-le64.cache-4
7fa501b0f000-7fa501b10000 r--s 00000000 08:05 114                        /var/cache/fontconfig/dc05db6664285cc2f12bf69c139ae4c3-le64.cache-4
7fa501b10000-7fa501b12000 r--s 00000000 08:05 2677                       /var/cache/fontconfig/767a8244fc0220cfb567a839d0392e0b-le64.cache-4
7fa501b12000-7fa501b19000 r--s 00000000 08:05 85                         /var/cache/fontconfig/3047814df9a2f067bd2d96a2b9c36e5a-le64.cache-4
7fa501b19000-7fa501b2c000 r--s 00000000 08:05 8427                       /var/cache/fontconfig/d52a8644073d54c13679302ca1180695-le64.cache-4
7fa501b2c000-7fa501b38000 r--s 00000000 08:05 2490                       /var/cache/fontconfig/d589a48862398ed80a3d6066f4f56f4c-le64.cache-4
7fa501b38000-7fa501b4e000 r--s 00000000 08:11 1807748                    /usr/share/fonts/type1/gsfonts/n022024l.pfb
7fa501b4e000-7fa501b66000 r--s 00000000 08:11 1807739                    /usr/share/fonts/type1/gsfonts/n022003l.pfb
7fa501b66000-7fa501b7f000 r--s 00000000 08:11 1807730                    /usr/share/fonts/type1/gsfonts/n021004l.pfb
7fa501b7f000-7fa501b8f000 r-xp 00000000 08:11 84570                      /usr/lib/jvm/java-7-openjdk-amd64/jre/lib/amd64/libnio.so
7fa501b8f000-7fa501d8e000 ---p 00010000 08:11 84570                      /usr/lib/jvm/java-7-openjdk-amd64/jre/lib/amd64/libnio.so
7fa501d8e000-7fa501d8f000 r--p 0000f000 08:11 84570                      /usr/lib/jvm/java-7-openjdk-amd64/jre/lib/amd64/libnio.so
7fa501d8f000-7fa501d90000 rw-p 00010000 08:11 84570                      /usr/lib/jvm/java-7-openjdk-amd64/jre/lib/amd64/libnio.so
7fa501d90000-7fa501da6000 r-xp 00000000 08:11 84574                      /usr/lib/jvm/java-7-openjdk-amd64/jre/lib/amd64/libnet.so
7fa501da6000-7fa501fa5000 ---p 00016000 08:11 84574                      /usr/lib/jvm/java-7-openjdk-amd64/jre/lib/amd64/libnet.so
7fa501fa5000-7fa501fa6000 r--p 00015000 08:11 84574                      /usr/lib/jvm/java-7-openjdk-amd64/jre/lib/amd64/libnet.so
7fa501fa6000-7fa501fa7000 rw-p 00016000 08:11 84574                      /usr/lib/jvm/java-7-openjdk-amd64/jre/lib/amd64/libnet.so
7fa501fa7000-7fa501ff3000 r-xp 00000000 08:11 84582                      /usr/lib/jvm/java-7-openjdk-amd64/jre/lib/amd64/libfontmanager.so
7fa501ff3000-7fa5021f2000 ---p 0004c000 08:11 84582                      /usr/lib/jvm/java-7-openjdk-amd64/jre/lib/amd64/libfontmanager.so
7fa5021f2000-7fa5021f5000 r--p 0004b000 08:11 84582                      /usr/lib/jvm/java-7-openjdk-amd64/jre/lib/amd64/libfontmanager.so
7fa5021f5000-7fa5021f6000 rw-p 0004e000 08:11 84582                      /usr/lib/jvm/java-7-openjdk-amd64/jre/lib/amd64/libfontmanager.so
7fa5021f6000-7fa5021fd000 r-xp 00000000 08:11 1685642                    /usr/lib/x86_64-linux-gnu/libogg.so.0.8.1
7fa5021fd000-7fa5023fd000 ---p 00007000 08:11 1685642                    /usr/lib/x86_64-linux-gnu/libogg.so.0.8.1
7fa5023fd000-7fa5023fe000 r--p 00007000 08:11 1685642                    /usr/lib/x86_64-linux-gnu/libogg.so.0.8.1
7fa5023fe000-7fa5023ff000 rw-p 00008000 08:11 1685642                    /usr/lib/x86_64-linux-gnu/libogg.so.0.8.1
7fa5023ff000-7fa50242a000 r-xp 00000000 08:11 1685858                    /usr/lib/x86_64-linux-gnu/libvorbis.so.0.4.5
7fa50242a000-7fa50262a000 ---p 0002b000 08:11 1685858                    /usr/lib/x86_64-linux-gnu/libvorbis.so.0.4.5
7fa50262a000-7fa50262b000 r--p 0002b000 08:11 1685858                    /usr/lib/x86_64-linux-gnu/libvorbis.so.0.4.5
7fa50262b000-7fa50262c000 rw-p 0002c000 08:11 1685858                    /usr/lib/x86_64-linux-gnu/libvorbis.so.0.4.5
7fa50262c000-7fa502635000 r-xp 00000000 08:11 1685572                    /usr/lib/x86_64-linux-gnu/libltdl.so.7.3.0
7fa502635000-7fa502834000 ---p 00009000 08:11 1685572                    /usr/lib/x86_64-linux-gnu/libltdl.so.7.3.0
7fa502834000-7fa502835000 r--p 00008000 08:11 1685572                    /usr/lib/x86_64-linux-gnu/libltdl.so.7.3.0
7fa502835000-7fa502836000 rw-p 00009000 08:11 1685572                    /usr/lib/x86_64-linux-gnu/libltdl.so.7.3.0
7fa502836000-7fa502848000 r-xp 00000000 08:11 1685804                    /usr/lib/x86_64-linux-gnu/libtdb.so.1.2.11
7fa502848000-7fa502a47000 ---p 00012000 08:11 1685804                    /usr/lib/x86_64-linux-gnu/libtdb.so.1.2.11
7fa502a47000-7fa502a48000 r--p 00011000 08:11 1685804                    /usr/lib/x86_64-linux-gnu/libtdb.so.1.2.11
7fa502a48000-7fa502a49000 rw-p 00012000 08:11 1685804                    /usr/lib/x86_64-linux-gnu/libtdb.so.1.2.11
7fa502a49000-7fa502a50000 r-xp 00000000 08:11 1685862                    /usr/lib/x86_64-linux-gnu/libvorbisfile.so.3.3.4
7fa502a50000-7fa502c4f000 ---p 00007000 08:11 1685862                    /usr/lib/x86_64-linux-gnu/libvorbisfile.so.3.3.4
7fa502c4f000-7fa502c50000 r--p 00006000 08:11 1685862                    /usr/lib/x86_64-linux-gnu/libvorbisfile.so.3.3.4
7fa502c50000-7fa502c51000 rw-p 00007000 08:11 1685862                    /usr/lib/x86_64-linux-gnu/libvorbisfile.so.3.3.4
7fa502c51000-7fa502c60000 r-xp 00000000 08:11 1685126                    /usr/lib/x86_64-linux-gnu/libcanberra.so.0.2.5
7fa502c60000-7fa502e5f000 ---p 0000f000 08:11 1685126                    /usr/lib/x86_64-linux-gnu/libcanberra.so.0.2.5
7fa502e5f000-7fa502e60000 r--p 0000e000 08:11 1685126                    /usr/lib/x86_64-linux-gnu/libcanberra.so.0.2.5
7fa502e60000-7fa502e61000 rw-p 0000f000 08:11 1685126                    /usr/lib/x86_64-linux-gnu/libcanberra.so.0.2.5
7fa502e61000-7fa502e65000 r-xp 00000000 08:11 1685122                    /usr/lib/x86_64-linux-gnu/libcanberra-gtk.so.0.1.9
7fa502e65000-7fa503064000 ---p 00004000 08:11 1685122                    /usr/lib/x86_64-linux-gnu/libcanberra-gtk.so.0.1.9
7fa503064000-7fa503065000 r--p 00003000 08:11 1685122                    /usr/lib/x86_64-linux-gnu/libcanberra-gtk.so.0.1.9
7fa503065000-7fa503066000 rw-p 00004000 08:11 1685122                    /usr/lib/x86_64-linux-gnu/libcanberra-gtk.so.0.1.9
7fa503066000-7fa50306b000 r-xp 00000000 08:11 1758122                    /usr/lib/x86_64-linux-gnu/gtk-2.0/modules/libcanberra-gtk-module.so
7fa50306b000-7fa50326a000 ---p 00005000 08:11 1758122                    /usr/lib/x86_64-linux-gnu/gtk-2.0/modules/libcanberra-gtk-module.so
7fa50326a000-7fa50326b000 r--p 00004000 08:11 1758122                    /usr/lib/x86_64-linux-gnu/gtk-2.0/modules/libcanberra-gtk-module.so
7fa50326b000-7fa50326c000 rw-p 00005000 08:11 1758122                    /usr/lib/x86_64-linux-gnu/gtk-2.0/modules/libcanberra-gtk-module.so
7fa50326c000-7fa503275000 r-xp 00000000 08:11 1758104                    /usr/lib/x86_64-linux-gnu/gtk-2.0/2.10.0/engines/libpixmap.so
7fa503275000-7fa503475000 ---p 00009000 08:11 1758104                    /usr/lib/x86_64-linux-gnu/gtk-2.0/2.10.0/engines/libpixmap.so
7fa503475000-7fa503476000 r--p 00009000 08:11 1758104                    /usr/lib/x86_64-linux-gnu/gtk-2.0/2.10.0/engines/libpixmap.so
7fa503476000-7fa503477000 rw-p 0000a000 08:11 1758104                    /usr/lib/x86_64-linux-gnu/gtk-2.0/2.10.0/engines/libpixmap.so
7fa503477000-7fa50347a000 ---p 00000000 00:00 0 
7fa50347a000-7fa503578000 rw-p 00000000 00:00 0                          [stack:27761]
7fa503578000-7fa50357c000 r-xp 00000000 08:11 565118                     /lib/x86_64-linux-gnu/libgpg-error.so.0.10.0
7fa50357c000-7fa50377b000 ---p 00004000 08:11 565118                     /lib/x86_64-linux-gnu/libgpg-error.so.0.10.0
7fa50377b000-7fa50377c000 r--p 00003000 08:11 565118                     /lib/x86_64-linux-gnu/libgpg-error.so.0.10.0
7fa50377c000-7fa50377d000 rw-p 00004000 08:11 565118                     /lib/x86_64-linux-gnu/libgpg-error.so.0.10.0
7fa50377d000-7fa50377f000 r-xp 00000000 08:11 565130                     /lib/x86_64-linux-gnu/libkeyutils.so.1.4
7fa50377f000-7fa50397f000 ---p 00002000 08:11 565130                     /lib/x86_64-linux-gnu/libkeyutils.so.1.4
7fa50397f000-7fa503980000 r--p 00002000 08:11 565130                     /lib/x86_64-linux-gnu/libkeyutils.so.1.4
7fa503980000-7fa503981000 rw-p 00003000 08:11 565130                     /lib/x86_64-linux-gnu/libkeyutils.so.1.4
7fa503981000-7fa503999000 r-xp 00000000 08:11 1685380                    /usr/lib/x86_64-linux-gnu/libgraphite2.so.3.0.1
7fa503999000-7fa503b98000 ---p 00018000 08:11 1685380                    /usr/lib/x86_64-linux-gnu/libgraphite2.so.3.0.1
7fa503b98000-7fa503b9a000 r--p 00017000 08:11 1685380                    /usr/lib/x86_64-linux-gnu/libgraphite2.so.3.0.1
7fa503b9a000-7fa503b9b000 rw-p 00019000 08:11 1685380                    /usr/lib/x86_64-linux-gnu/libgraphite2.so.3.0.1
7fa503b9b000-7fa503bdf000 r-xp 00000000 08:11 565099                     /lib/x86_64-linux-gnu/libdbus-1.so.3.7.4
7fa503bdf000-7fa503dde000 ---p 00044000 08:11 565099                     /lib/x86_64-linux-gnu/libdbus-1.so.3.7.4
7fa503dde000-7fa503ddf000 r--p 00043000 08:11 565099                     /lib/x86_64-linux-gnu/libdbus-1.so.3.7.4
7fa503ddf000-7fa503de0000 rw-p 00044000 08:11 565099                     /lib/x86_64-linux-gnu/libdbus-1.so.3.7.4
7fa503de0000-7fa503dfe000 r-xp 00000000 08:11 1685650                    /usr/lib/x86_64-linux-gnu/libp11-kit.so.0.0.0
7fa503dfe000-7fa503ffd000 ---p 0001e000 08:11 1685650                    /usr/lib/x86_64-linux-gnu/libp11-kit.so.0.0.0
7fa503ffd000-7fa503fff000 r--p 0001d000 08:11 1685650                    /usr/lib/x86_64-linux-gnu/libp11-kit.so.0.0.0
7fa503fff000-7fa504000000 rw-p 0001f000 08:11 1685650                    /usr/lib/x86_64-linux-gnu/libp11-kit.so.0.0.0
7fa504000000-7fa504021000 rw-p 00000000 00:00 0 
7fa504021000-7fa508000000 ---p 00000000 00:00 0 
7fa508000000-7fa508003000 r--s 00000000 08:05 99                         /var/cache/fontconfig/8801497958630a81b71ace7c5f9b32a8-le64.cache-4
7fa508003000-7fa508014000 r--s 00000000 08:11 1807712                    /usr/share/fonts/type1/gsfonts/n019024l.pfb
7fa508014000-7fa508026000 r--s 00000000 08:11 1807706                    /usr/share/fonts/type1/gsfonts/n019004l.pfb
7fa508026000-7fa50803f000 r--s 00000000 08:11 1807742                    /usr/share/fonts/type1/gsfonts/n022004l.pfb
7fa50803f000-7fa508058000 r--s 00000000 08:11 1807727                    /usr/share/fonts/type1/gsfonts/n021003l.pfb
7fa508058000-7fa50806e000 r--s 00000000 08:11 1807736                    /usr/share/fonts/type1/gsfonts/n021024l.pfb
7fa50806e000-7fa508084000 r--s 00000000 08:11 1807745                    /usr/share/fonts/type1/gsfonts/n022023l.pfb
7fa508084000-7fa50809b000 r--s 00000000 08:11 1807733                    /usr/share/fonts/type1/gsfonts/n021023l.pfb
7fa50809b000-7fa5080a5000 r--s 00000000 08:11 1807769                    /usr/share/fonts/type1/mathml/Symbol.pfb
7fa5080a5000-7fa5080b5000 r-xp 00000000 08:11 1685802                    /usr/lib/x86_64-linux-gnu/libtasn1.so.3.2.0
7fa5080b5000-7fa5082b4000 ---p 00010000 08:11 1685802                    /usr/lib/x86_64-linux-gnu/libtasn1.so.3.2.0
7fa5082b4000-7fa5082b5000 r--p 0000f000 08:11 1685802                    /usr/lib/x86_64-linux-gnu/libtasn1.so.3.2.0
7fa5082b5000-7fa5082b6000 rw-p 00010000 08:11 1685802                    /usr/lib/x86_64-linux-gnu/libtasn1.so.3.2.0
7fa5082b6000-7fa508330000 r-xp 00000000 08:11 565114                     /lib/x86_64-linux-gnu/libgcrypt.so.11.7.0
7fa508330000-7fa508530000 ---p 0007a000 08:11 565114                     /lib/x86_64-linux-gnu/libgcrypt.so.11.7.0
7fa508530000-7fa508531000 r--p 0007a000 08:11 565114                     /lib/x86_64-linux-gnu/libgcrypt.so.11.7.0
7fa508531000-7fa508534000 rw-p 0007b000 08:11 565114                     /lib/x86_64-linux-gnu/libgcrypt.so.11.7.0
7fa508534000-7fa50853b000 r-xp 00000000 08:11 1685557                    /usr/lib/x86_64-linux-gnu/libkrb5support.so.0.1
7fa50853b000-7fa50873a000 ---p 00007000 08:11 1685557                    /usr/lib/x86_64-linux-gnu/libkrb5support.so.0.1
7fa50873a000-7fa50873b000 r--p 00006000 08:11 1685557                    /usr/lib/x86_64-linux-gnu/libkrb5support.so.0.1
7fa50873b000-7fa50873c000 rw-p 00007000 08:11 1685557                    /usr/lib/x86_64-linux-gnu/libkrb5support.so.0.1
7fa50873c000-7fa50873f000 r-xp 00000000 08:11 565094                     /lib/x86_64-linux-gnu/libcom_err.so.2.1
7fa50873f000-7fa50893e000 ---p 00003000 08:11 565094                     /lib/x86_64-linux-gnu/libcom_err.so.2.1
7fa50893e000-7fa50893f000 r--p 00002000 08:11 565094                     /lib/x86_64-linux-gnu/libcom_err.so.2.1
7fa50893f000-7fa508940000 rw-p 00003000 08:11 565094                     /lib/x86_64-linux-gnu/libcom_err.so.2.1
7fa508940000-7fa508966000 r-xp 00000000 08:11 1685551                    /usr/lib/x86_64-linux-gnu/libk5crypto.so.3.1
7fa508966000-7fa508b65000 ---p 00026000 08:11 1685551                    /usr/lib/x86_64-linux-gnu/libk5crypto.so.3.1
7fa508b65000-7fa508b66000 r--p 00025000 08:11 1685551                    /usr/lib/x86_64-linux-gnu/libk5crypto.so.3.1
7fa508b66000-7fa508b67000 rw-p 00026000 08:11 1685551                    /usr/lib/x86_64-linux-gnu/libk5crypto.so.3.1
7fa508b67000-7fa508b68000 rw-p 00000000 00:00 0 
7fa508b68000-7fa508c2d000 r-xp 00000000 08:11 1685555                    /usr/lib/x86_64-linux-gnu/libkrb5.so.3.3
7fa508c2d000-7fa508e2c000 ---p 000c5000 08:11 1685555                    /usr/lib/x86_64-linux-gnu/libkrb5.so.3.3
7fa508e2c000-7fa508e36000 r--p 000c4000 08:11 1685555                    /usr/lib/x86_64-linux-gnu/libkrb5.so.3.3
7fa508e36000-7fa508e37000 rw-p 000ce000 08:11 1685555                    /usr/lib/x86_64-linux-gnu/libkrb5.so.3.3
7fa508e37000-7fa508e3d000 r-xp 00000000 08:11 1685189                    /usr/lib/x86_64-linux-gnu/libdatrie.so.1.2.0
7fa508e3d000-7fa50903c000 ---p 00006000 08:11 1685189                    /usr/lib/x86_64-linux-gnu/libdatrie.so.1.2.0
7fa50903c000-7fa50903d000 r--p 00005000 08:11 1685189                    /usr/lib/x86_64-linux-gnu/libdatrie.so.1.2.0
7fa50903d000-7fa50903e000 rw-p 00006000 08:11 1685189                    /usr/lib/x86_64-linux-gnu/libdatrie.so.1.2.0
7fa50903e000-7fa50908e000 r-xp 00000000 08:11 1685490                    /usr/lib/x86_64-linux-gnu/libharfbuzz.so.0.919.0
7fa50908e000-7fa50928e000 ---p 00050000 08:11 1685490                    /usr/lib/x86_64-linux-gnu/libharfbuzz.so.0.919.0
7fa50928e000-7fa50928f000 r--p 00050000 08:11 1685490                    /usr/lib/x86_64-linux-gnu/libharfbuzz.so.0.919.0
7fa50928f000-7fa509290000 rw-p 00051000 08:11 1685490                    /usr/lib/x86_64-linux-gnu/libharfbuzz.so.0.919.0
7fa509290000-7fa509298000 r-xp 00000000 08:11 1685892                    /usr/lib/x86_64-linux-gnu/libxcb-render.so.0.0.0
7fa509298000-7fa509497000 ---p 00008000 08:11 1685892                    /usr/lib/x86_64-linux-gnu/libxcb-render.so.0.0.0
7fa509497000-7fa509498000 r--p 00007000 08:11 1685892                    /usr/lib/x86_64-linux-gnu/libxcb-render.so.0.0.0
7fa509498000-7fa509499000 rw-p 00008000 08:11 1685892                    /usr/lib/x86_64-linux-gnu/libxcb-render.so.0.0.0
7fa509499000-7fa50949b000 r-xp 00000000 08:11 1685896                    /usr/lib/x86_64-linux-gnu/libxcb-shm.so.0.0.0
7fa50949b000-7fa50969a000 ---p 00002000 08:11 1685896                    /usr/lib/x86_64-linux-gnu/libxcb-shm.so.0.0.0
7fa50969a000-7fa50969b000 r--p 00001000 08:11 1685896                    /usr/lib/x86_64-linux-gnu/libxcb-shm.so.0.0.0
7fa50969b000-7fa50969c000 rw-p 00002000 08:11 1685896                    /usr/lib/x86_64-linux-gnu/libxcb-shm.so.0.0.0
7fa50969c000-7fa5096c1000 r-xp 00000000 08:11 565198                     /lib/x86_64-linux-gnu/libpng12.so.0.49.0
7fa5096c1000-7fa5098c0000 ---p 00025000 08:11 565198                     /lib/x86_64-linux-gnu/libpng12.so.0.49.0
7fa5098c0000-7fa5098c1000 r--p 00024000 08:11 565198                     /lib/x86_64-linux-gnu/libpng12.so.0.49.0
7fa5098c1000-7fa5098c2000 rw-p 00025000 08:11 565198                     /lib/x86_64-linux-gnu/libpng12.so.0.49.0
7fa5098c2000-7fa509963000 r-xp 00000000 08:11 1685680                    /usr/lib/x86_64-linux-gnu/libpixman-1.so.0.30.2
7fa509963000-7fa509b63000 ---p 000a1000 08:11 1685680                    /usr/lib/x86_64-linux-gnu/libpixman-1.so.0.30.2
7fa509b63000-7fa509b6a000 r--p 000a1000 08:11 1685680                    /usr/lib/x86_64-linux-gnu/libpixman-1.so.0.30.2
7fa509b6a000-7fa509b6b000 rw-p 000a8000 08:11 1685680                    /usr/lib/x86_64-linux-gnu/libpixman-1.so.0.30.2
7fa509b6b000-7fa509b70000 r-xp 00000000 08:11 1685014                    /usr/lib/x86_64-linux-gnu/libXdmcp.so.6.0.0
7fa509b70000-7fa509d6f000 ---p 00005000 08:11 1685014                    /usr/lib/x86_64-linux-gnu/libXdmcp.so.6.0.0
7fa509d6f000-7fa509d70000 r--p 00004000 08:11 1685014                    /usr/lib/x86_64-linux-gnu/libXdmcp.so.6.0.0
7fa509d70000-7fa509d71000 rw-p 00005000 08:11 1685014                    /usr/lib/x86_64-linux-gnu/libXdmcp.so.6.0.0
7fa509d71000-7fa509d73000 r-xp 00000000 08:11 1685003                    /usr/lib/x86_64-linux-gnu/libXau.so.6.0.0
7fa509d73000-7fa509f73000 ---p 00002000 08:11 1685003                    /usr/lib/x86_64-linux-gnu/libXau.so.6.0.0
7fa509f73000-7fa509f74000 r--p 00002000 08:11 1685003                    /usr/lib/x86_64-linux-gnu/libXau.so.6.0.0
7fa509f74000-7fa509f75000 rw-p 00003000 08:11 1685003                    /usr/lib/x86_64-linux-gnu/libXau.so.6.0.0
7fa509f75000-7fa509f84000 r-xp 00000000 08:11 1685092                    /usr/lib/x86_64-linux-gnu/libavahi-client.so.3.2.9
7fa509f84000-7fa50a184000 ---p 0000f000 08:11 1685092                    /usr/lib/x86_64-linux-gnu/libavahi-client.so.3.2.9
7fa50a184000-7fa50a185000 r--p 0000f000 08:11 1685092                    /usr/lib/x86_64-linux-gnu/libavahi-client.so.3.2.9
7fa50a185000-7fa50a186000 rw-p 00010000 08:11 1685092                    /usr/lib/x86_64-linux-gnu/libavahi-client.so.3.2.9
7fa50a186000-7fa50a191000 r-xp 00000000 08:11 1685094                    /usr/lib/x86_64-linux-gnu/libavahi-common.so.3.5.3
7fa50a191000-7fa50a390000 ---p 0000b000 08:11 1685094                    /usr/lib/x86_64-linux-gnu/libavahi-common.so.3.5.3
7fa50a390000-7fa50a391000 r--p 0000a000 08:11 1685094                    /usr/lib/x86_64-linux-gnu/libavahi-common.so.3.5.3
7fa50a391000-7fa50a392000 rw-p 0000b000 08:11 1685094                    /usr/lib/x86_64-linux-gnu/libavahi-common.so.3.5.3
7fa50a392000-7fa50a448000 r-xp 00000000 08:11 1685356                    /usr/lib/x86_64-linux-gnu/libgnutls.so.26.22.6
7fa50a448000-7fa50a648000 ---p 000b6000 08:11 1685356                    /usr/lib/x86_64-linux-gnu/libgnutls.so.26.22.6
7fa50a648000-7fa50a64e000 r--p 000b6000 08:11 1685356                    /usr/lib/x86_64-linux-gnu/libgnutls.so.26.22.6
7fa50a64e000-7fa50a64f000 rw-p 000bc000 08:11 1685356                    /usr/lib/x86_64-linux-gnu/libgnutls.so.26.22.6
7fa50a64f000-7fa50a650000 rw-p 00000000 00:00 0 
7fa50a650000-7fa50a68b000 r-xp 00000000 08:11 1685388                    /usr/lib/x86_64-linux-gnu/libgssapi_krb5.so.2.2
7fa50a68b000-7fa50a88b000 ---p 0003b000 08:11 1685388                    /usr/lib/x86_64-linux-gnu/libgssapi_krb5.so.2.2
7fa50a88b000-7fa50a88c000 r--p 0003b000 08:11 1685388                    /usr/lib/x86_64-linux-gnu/libgssapi_krb5.so.2.2
7fa50a88c000-7fa50a88e000 rw-p 0003c000 08:11 1685388                    /usr/lib/x86_64-linux-gnu/libgssapi_krb5.so.2.2
7fa50a88e000-7fa50a8cb000 r-xp 00000000 08:11 565186                     /lib/x86_64-linux-gnu/libpcre.so.3.13.1
7fa50a8cb000-7fa50aacb000 ---p 0003d000 08:11 565186                     /lib/x86_64-linux-gnu/libpcre.so.3.13.1
7fa50aacb000-7fa50aacc000 r--p 0003d000 08:11 565186                     /lib/x86_64-linux-gnu/libpcre.so.3.13.1
7fa50aacc000-7fa50aacd000 rw-p 0003e000 08:11 565186                     /lib/x86_64-linux-gnu/libpcre.so.3.13.1
7fa50aacd000-7fa50aad4000 r-xp 00000000 08:11 1685246                    /usr/lib/x86_64-linux-gnu/libffi.so.6.0.1
7fa50aad4000-7fa50acd3000 ---p 00007000 08:11 1685246                    /usr/lib/x86_64-linux-gnu/libffi.so.6.0.1
7fa50acd3000-7fa50acd4000 r--p 00006000 08:11 1685246                    /usr/lib/x86_64-linux-gnu/libffi.so.6.0.1
7fa50acd4000-7fa50acd5000 rw-p 00007000 08:11 1685246                    /usr/lib/x86_64-linux-gnu/libffi.so.6.0.1
7fa50acd5000-7fa50acfc000 r-xp 00000000 08:11 565107                     /lib/x86_64-linux-gnu/libexpat.so.1.6.0
7fa50acfc000-7fa50aefc000 ---p 00027000 08:11 565107                     /lib/x86_64-linux-gnu/libexpat.so.1.6.0
7fa50aefc000-7fa50aefe000 r--p 00027000 08:11 565107                     /lib/x86_64-linux-gnu/libexpat.so.1.6.0
7fa50aefe000-7fa50aeff000 rw-p 00029000 08:11 565107                     /lib/x86_64-linux-gnu/libexpat.so.1.6.0
7fa50aeff000-7fa50af9b000 r-xp 00000000 08:11 1685272                    /usr/lib/x86_64-linux-gnu/libfreetype.so.6.10.1
7fa50af9b000-7fa50b19b000 ---p 0009c000 08:11 1685272                    /usr/lib/x86_64-linux-gnu/libfreetype.so.6.10.1
7fa50b19b000-7fa50b1a0000 r--p 0009c000 08:11 1685272                    /usr/lib/x86_64-linux-gnu/libfreetype.so.6.10.1
7fa50b1a0000-7fa50b1a1000 rw-p 000a1000 08:11 1685272                    /usr/lib/x86_64-linux-gnu/libfreetype.so.6.10.1
7fa50b1a1000-7fa50b1a9000 r-xp 00000000 08:11 1685814                    /usr/lib/x86_64-linux-gnu/libthai.so.0.2.0
7fa50b1a9000-7fa50b3a8000 ---p 00008000 08:11 1685814                    /usr/lib/x86_64-linux-gnu/libthai.so.0.2.0
7fa50b3a8000-7fa50b3a9000 r--p 00007000 08:11 1685814                    /usr/lib/x86_64-linux-gnu/libthai.so.0.2.0
7fa50b3a9000-7fa50b3aa000 rw-p 00008000 08:11 1685814                    /usr/lib/x86_64-linux-gnu/libthai.so.0.2.0
7fa50b3aa000-7fa50b3c0000 r-xp 00000000 08:11 565209                     /lib/x86_64-linux-gnu/libresolv-2.17.so
7fa50b3c0000-7fa50b5c0000 ---p 00016000 08:11 565209                     /lib/x86_64-linux-gnu/libresolv-2.17.so
7fa50b5c0000-7fa50b5c1000 r--p 00016000 08:11 565209                     /lib/x86_64-linux-gnu/libresolv-2.17.so
7fa50b5c1000-7fa50b5c2000 rw-p 00017000 08:11 565209                     /lib/x86_64-linux-gnu/libresolv-2.17.so
7fa50b5c2000-7fa50b5c4000 rw-p 00000000 00:00 0 
7fa50b5c4000-7fa50b5e3000 r-xp 00000000 08:11 565213                     /lib/x86_64-linux-gnu/libselinux.so.1
7fa50b5e3000-7fa50b7e3000 ---p 0001f000 08:11 565213                     /lib/x86_64-linux-gnu/libselinux.so.1
7fa50b7e3000-7fa50b7e4000 r--p 0001f000 08:11 565213                     /lib/x86_64-linux-gnu/libselinux.so.1
7fa50b7e4000-7fa50b7e5000 rw-p 00020000 08:11 565213                     /lib/x86_64-linux-gnu/libselinux.so.1
7fa50b7e5000-7fa50b7e6000 rw-p 00000000 00:00 0 
7fa50b7e6000-7fa50b7e8000 r-xp 00000000 08:11 1685012                    /usr/lib/x86_64-linux-gnu/libXdamage.so.1.1.0
7fa50b7e8000-7fa50b9e7000 ---p 00002000 08:11 1685012                    /usr/lib/x86_64-linux-gnu/libXdamage.so.1.1.0
7fa50b9e7000-7fa50b9e8000 r--p 00001000 08:11 1685012                    /usr/lib/x86_64-linux-gnu/libXdamage.so.1.1.0
7fa50b9e8000-7fa50b9e9000 rw-p 00002000 08:11 1685012                    /usr/lib/x86_64-linux-gnu/libXdamage.so.1.1.0
7fa50b9e9000-7fa50b9eb000 r-xp 00000000 08:11 1685008                    /usr/lib/x86_64-linux-gnu/libXcomposite.so.1.0.0
7fa50b9eb000-7fa50bbea000 ---p 00002000 08:11 1685008                    /usr/lib/x86_64-linux-gnu/libXcomposite.so.1.0.0
7fa50bbea000-7fa50bbeb000 r--p 00001000 08:11 1685008                    /usr/lib/x86_64-linux-gnu/libXcomposite.so.1.0.0
7fa50bbeb000-7fa50bbec000 rw-p 00002000 08:11 1685008                    /usr/lib/x86_64-linux-gnu/libXcomposite.so.1.0.0
7fa50bbec000-7fa50bbf5000 r-xp 00000000 08:11 1685010                    /usr/lib/x86_64-linux-gnu/libXcursor.so.1.0.2
7fa50bbf5000-7fa50bdf4000 ---p 00009000 08:11 1685010                    /usr/lib/x86_64-linux-gnu/libXcursor.so.1.0.2
7fa50bdf4000-7fa50bdf5000 r--p 00008000 08:11 1685010                    /usr/lib/x86_64-linux-gnu/libXcursor.so.1.0.2
7fa50bdf5000-7fa50bdf6000 rw-p 00009000 08:11 1685010                    /usr/lib/x86_64-linux-gnu/libXcursor.so.1.0.2
7fa50bdf6000-7fa50bdff000 r-xp 00000000 08:11 1685036                    /usr/lib/x86_64-linux-gnu/libXrandr.so.2.2.0
7fa50bdff000-7fa50bffe000 ---p 00009000 08:11 1685036                    /usr/lib/x86_64-linux-gnu/libXrandr.so.2.2.0
7fa50bffe000-7fa50bfff000 r--p 00008000 08:11 1685036                    /usr/lib/x86_64-linux-gnu/libXrandr.so.2.2.0
7fa50bfff000-7fa50c000000 rw-p 00009000 08:11 1685036                    /usr/lib/x86_64-linux-gnu/libXrandr.so.2.2.0
7fa50c000000-7fa50c55f000 rw-p 00000000 00:00 0 
7fa50c55f000-7fa510000000 ---p 00000000 00:00 0 
7fa510000000-7fa510021000 rw-p 00000000 00:00 0 
7fa510021000-7fa514000000 ---p 00000000 00:00 0 
7fa514000000-7fa514021000 rw-p 00000000 00:00 0 
7fa514021000-7fa518000000 ---p 00000000 00:00 0 
7fa518000000-7fa5182e8000 rw-p 00000000 00:00 0 
7fa5182e8000-7fa51c000000 ---p 00000000 00:00 0 
7fa51c000000-7fa51c021000 rw-p 00000000 00:00 0 
7fa51c021000-7fa520000000 ---p 00000000 00:00 0 
7fa520000000-7fa520021000 rw-p 00000000 00:00 0 
7fa520021000-7fa524000000 ---p 00000000 00:00 0 
7fa524000000-7fa524021000 rw-p 00000000 00:00 0 
7fa524021000-7fa528000000 ---p 00000000 00:00 0 
7fa528000000-7fa528021000 rw-p 00000000 00:00 0 
7fa528021000-7fa52c000000 ---p 00000000 00:00 0 
7fa52c000000-7fa52c021000 rw-p 00000000 00:00 0 
7fa52c021000-7fa530000000 ---p 00000000 00:00 0 
7fa530000000-7fa530001000 r--s 00000000 08:05 88                         /var/cache/fontconfig/4794a0821666d79190d59a36cb4f44b5-le64.cache-4
7fa530001000-7fa530007000 r--s 00000000 08:05 105                        /var/cache/fontconfig/b47c4e1ecd0709278f4910c18777a504-le64.cache-4
7fa530007000-7fa53000a000 ---p 00000000 00:00 0 
7fa53000a000-7fa530108000 rw-p 00000000 00:00 0                          [stack:27760]
7fa530108000-7fa53010a000 r-xp 00000000 08:11 1685026                    /usr/lib/x86_64-linux-gnu/libXinerama.so.1.0.0
7fa53010a000-7fa530309000 ---p 00002000 08:11 1685026                    /usr/lib/x86_64-linux-gnu/libXinerama.so.1.0.0
7fa530309000-7fa53030a000 r--p 00001000 08:11 1685026                    /usr/lib/x86_64-linux-gnu/libXinerama.so.1.0.0
7fa53030a000-7fa53030b000 rw-p 00002000 08:11 1685026                    /usr/lib/x86_64-linux-gnu/libXinerama.so.1.0.0
7fa53030b000-7fa53031f000 r-xp 00000000 08:11 1685662                    /usr/lib/x86_64-linux-gnu/libpangoft2-1.0.so.0.3200.5
7fa53031f000-7fa53051e000 ---p 00014000 08:11 1685662                    /usr/lib/x86_64-linux-gnu/libpangoft2-1.0.so.0.3200.5
7fa53051e000-7fa53051f000 r--p 00013000 08:11 1685662                    /usr/lib/x86_64-linux-gnu/libpangoft2-1.0.so.0.3200.5
7fa53051f000-7fa530520000 rw-p 00014000 08:11 1685662                    /usr/lib/x86_64-linux-gnu/libpangoft2-1.0.so.0.3200.5
7fa530520000-7fa530624000 r-xp 00000000 08:11 1685118                    /usr/lib/x86_64-linux-gnu/libcairo.so.2.11200.16
7fa530624000-7fa530823000 ---p 00104000 08:11 1685118                    /usr/lib/x86_64-linux-gnu/libcairo.so.2.11200.16
7fa530823000-7fa530826000 r--p 00103000 08:11 1685118                    /usr/lib/x86_64-linux-gnu/libcairo.so.2.11200.16
7fa530826000-7fa530827000 rw-p 00106000 08:11 1685118                    /usr/lib/x86_64-linux-gnu/libcairo.so.2.11200.16
7fa530827000-7fa530829000 rw-p 00000000 00:00 0 
7fa530829000-7fa530848000 r-xp 00000000 08:11 1685082                    /usr/lib/x86_64-linux-gnu/libatk-1.0.so.0.21009.1
7fa530848000-7fa530a48000 ---p 0001f000 08:11 1685082                    /usr/lib/x86_64-linux-gnu/libatk-1.0.so.0.21009.1
7fa530a48000-7fa530a4a000 r--p 0001f000 08:11 1685082                    /usr/lib/x86_64-linux-gnu/libatk-1.0.so.0.21009.1
7fa530a4a000-7fa530a4b000 rw-p 00021000 08:11 1685082                    /usr/lib/x86_64-linux-gnu/libatk-1.0.so.0.21009.1
7fa530a4b000-7fa530a50000 r-xp 00000000 08:11 1685018                    /usr/lib/x86_64-linux-gnu/libXfixes.so.3.1.0
7fa530a50000-7fa530c4f000 ---p 00005000 08:11 1685018                    /usr/lib/x86_64-linux-gnu/libXfixes.so.3.1.0
7fa530c4f000-7fa530c50000 r--p 00004000 08:11 1685018                    /usr/lib/x86_64-linux-gnu/libXfixes.so.3.1.0
7fa530c50000-7fa530c51000 rw-p 00005000 08:11 1685018                    /usr/lib/x86_64-linux-gnu/libXfixes.so.3.1.0
7fa530c51000-7fa530c5c000 r-xp 00000000 08:11 1685660                    /usr/lib/x86_64-linux-gnu/libpangocairo-1.0.so.0.3200.5
7fa530c5c000-7fa530e5c000 ---p 0000b000 08:11 1685660                    /usr/lib/x86_64-linux-gnu/libpangocairo-1.0.so.0.3200.5
7fa530e5c000-7fa530e5d000 r--p 0000b000 08:11 1685660                    /usr/lib/x86_64-linux-gnu/libpangocairo-1.0.so.0.3200.5
7fa530e5d000-7fa530e5e000 rw-p 0000c000 08:11 1685660                    /usr/lib/x86_64-linux-gnu/libpangocairo-1.0.so.0.3200.5
7fa530e5e000-7fa530e61000 r-xp 00000000 08:11 1685344                    /usr/lib/x86_64-linux-gnu/libgmodule-2.0.so.0.3800.0
7fa530e61000-7fa531060000 ---p 00003000 08:11 1685344                    /usr/lib/x86_64-linux-gnu/libgmodule-2.0.so.0.3800.0
7fa531060000-7fa531061000 r--p 00002000 08:11 1685344                    /usr/lib/x86_64-linux-gnu/libgmodule-2.0.so.0.3800.0
7fa531061000-7fa531062000 rw-p 00003000 08:11 1685344                    /usr/lib/x86_64-linux-gnu/libgmodule-2.0.so.0.3800.0
7fa531062000-7fa53107f000 r-xp 00000000 08:11 1685902                    /usr/lib/x86_64-linux-gnu/libxcb.so.1.1.0
7fa53107f000-7fa53127e000 ---p 0001d000 08:11 1685902                    /usr/lib/x86_64-linux-gnu/libxcb.so.1.1.0
7fa53127e000-7fa53127f000 r--p 0001c000 08:11 1685902                    /usr/lib/x86_64-linux-gnu/libxcb.so.1.1.0
7fa53127f000-7fa531280000 rw-p 0001d000 08:11 1685902                    /usr/lib/x86_64-linux-gnu/libxcb.so.1.1.0
7fa531280000-7fa5312ec000 r-xp 00000000 08:11 1685175                    /usr/lib/x86_64-linux-gnu/libcups.so.2
7fa5312ec000-7fa5314eb000 ---p 0006c000 08:11 1685175                    /usr/lib/x86_64-linux-gnu/libcups.so.2
7fa5314eb000-7fa5314f2000 r--p 0006b000 08:11 1685175                    /usr/lib/x86_64-linux-gnu/libcups.so.2
7fa5314f2000-7fa5314f3000 rw-p 00072000 08:11 1685175                    /usr/lib/x86_64-linux-gnu/libcups.so.2
7fa5314f3000-7fa5315f1000 r-xp 00000000 08:11 565116                     /lib/x86_64-linux-gnu/libglib-2.0.so.0.3800.0
7fa5315f1000-7fa5317f1000 ---p 000fe000 08:11 565116                     /lib/x86_64-linux-gnu/libglib-2.0.so.0.3800.0
7fa5317f1000-7fa5317f2000 r--p 000fe000 08:11 565116                     /lib/x86_64-linux-gnu/libglib-2.0.so.0.3800.0
7fa5317f2000-7fa5317f3000 rw-p 000ff000 08:11 565116                     /lib/x86_64-linux-gnu/libglib-2.0.so.0.3800.0
7fa5317f3000-7fa5317f4000 rw-p 00000000 00:00 0 
7fa5317f4000-7fa5317f5000 r-xp 00000000 08:11 1685468                    /usr/lib/x86_64-linux-gnu/libgthread-2.0.so.0.3800.0
7fa5317f5000-7fa5319f4000 ---p 00001000 08:11 1685468                    /usr/lib/x86_64-linux-gnu/libgthread-2.0.so.0.3800.0
7fa5319f4000-7fa5319f5000 r--p 00000000 08:11 1685468                    /usr/lib/x86_64-linux-gnu/libgthread-2.0.so.0.3800.0
7fa5319f5000-7fa5319f6000 rw-p 00001000 08:11 1685468                    /usr/lib/x86_64-linux-gnu/libgthread-2.0.so.0.3800.0
7fa5319f6000-7fa531a45000 r-xp 00000000 08:11 1685362                    /usr/lib/x86_64-linux-gnu/libgobject-2.0.so.0.3800.0
7fa531a45000-7fa531c45000 ---p 0004f000 08:11 1685362                    /usr/lib/x86_64-linux-gnu/libgobject-2.0.so.0.3800.0
7fa531c45000-7fa531c46000 r--p 0004f000 08:11 1685362                    /usr/lib/x86_64-linux-gnu/libgobject-2.0.so.0.3800.0
7fa531c46000-7fa531c47000 rw-p 00050000 08:11 1685362                    /usr/lib/x86_64-linux-gnu/libgobject-2.0.so.0.3800.0
7fa531c47000-7fa531c80000 r-xp 00000000 08:11 1685260                    /usr/lib/x86_64-linux-gnu/libfontconfig.so.1.7.0
7fa531c80000-7fa531e80000 ---p 00039000 08:11 1685260                    /usr/lib/x86_64-linux-gnu/libfontconfig.so.1.7.0
7fa531e80000-7fa531e82000 r--p 00039000 08:11 1685260                    /usr/lib/x86_64-linux-gnu/libfontconfig.so.1.7.0
7fa531e82000-7fa531e83000 rw-p 0003b000 08:11 1685260                    /usr/lib/x86_64-linux-gnu/libfontconfig.so.1.7.0
7fa531e83000-7fa531ecd000 r-xp 00000000 08:11 1685658                    /usr/lib/x86_64-linux-gnu/libpango-1.0.so.0.3200.5
7fa531ecd000-7fa5320cc000 ---p 0004a000 08:11 1685658                    /usr/lib/x86_64-linux-gnu/libpango-1.0.so.0.3200.5
7fa5320cc000-7fa5320ce000 r--p 00049000 08:11 1685658                    /usr/lib/x86_64-linux-gnu/libpango-1.0.so.0.3200.5
7fa5320ce000-7fa5320cf000 rw-p 0004b000 08:11 1685658                    /usr/lib/x86_64-linux-gnu/libpango-1.0.so.0.3200.5
7fa5320cf000-7fa5320ee000 r-xp 00000000 08:11 1685309                    /usr/lib/x86_64-linux-gnu/libgdk_pixbuf-2.0.so.0.2800.1
7fa5320ee000-7fa5322ed000 ---p 0001f000 08:11 1685309                    /usr/lib/x86_64-linux-gnu/libgdk_pixbuf-2.0.so.0.2800.1
7fa5322ed000-7fa5322ee000 r--p 0001e000 08:11 1685309                    /usr/lib/x86_64-linux-gnu/libgdk_pixbuf-2.0.so.0.2800.1
7fa5322ee000-7fa5322ef000 rw-p 0001f000 08:11 1685309                    /usr/lib/x86_64-linux-gnu/libgdk_pixbuf-2.0.so.0.2800.1
7fa5322ef000-7fa53244b000 r-xp 00000000 08:11 1685332                    /usr/lib/x86_64-linux-gnu/libgio-2.0.so.0.3800.0
7fa53244b000-7fa53264a000 ---p 0015c000 08:11 1685332                    /usr/lib/x86_64-linux-gnu/libgio-2.0.so.0.3800.0
7fa53264a000-7fa53264e000 r--p 0015b000 08:11 1685332                    /usr/lib/x86_64-linux-gnu/libgio-2.0.so.0.3800.0
7fa53264e000-7fa532650000 rw-p 0015f000 08:11 1685332                    /usr/lib/x86_64-linux-gnu/libgio-2.0.so.0.3800.0
7fa532650000-7fa532652000 rw-p 00000000 00:00 0 
7fa532652000-7fa5326ff000 r-xp 00000000 08:11 1685307                    /usr/lib/x86_64-linux-gnu/libgdk-x11-2.0.so.0.2400.20
7fa5326ff000-7fa5328fe000 ---p 000ad000 08:11 1685307                    /usr/lib/x86_64-linux-gnu/libgdk-x11-2.0.so.0.2400.20
7fa5328fe000-7fa532902000 r--p 000ac000 08:11 1685307                    /usr/lib/x86_64-linux-gnu/libgdk-x11-2.0.so.0.2400.20
7fa532902000-7fa532904000 rw-p 000b0000 08:11 1685307                    /usr/lib/x86_64-linux-gnu/libgdk-x11-2.0.so.0.2400.20
7fa532904000-7fa532d33000 r-xp 00000000 08:11 1685472                    /usr/lib/x86_64-linux-gnu/libgtk-x11-2.0.so.0.2400.20
7fa532d33000-7fa532f32000 ---p 0042f000 08:11 1685472                    /usr/lib/x86_64-linux-gnu/libgtk-x11-2.0.so.0.2400.20
7fa532f32000-7fa532f39000 r--p 0042e000 08:11 1685472                    /usr/lib/x86_64-linux-gnu/libgtk-x11-2.0.so.0.2400.20
7fa532f39000-7fa532f3d000 rw-p 00435000 08:11 1685472                    /usr/lib/x86_64-linux-gnu/libgtk-x11-2.0.so.0.2400.20
7fa532f3d000-7fa532f40000 rw-p 00000000 00:00 0 
7fa532f40000-7fa532f4f000 r-xp 00000000 08:11 1685024                    /usr/lib/x86_64-linux-gnu/libXi.so.6.1.0
7fa532f4f000-7fa53314e000 ---p 0000f000 08:11 1685024                    /usr/lib/x86_64-linux-gnu/libXi.so.6.1.0
7fa53314e000-7fa53314f000 r--p 0000e000 08:11 1685024                    /usr/lib/x86_64-linux-gnu/libXi.so.6.1.0
7fa53314f000-7fa533150000 rw-p 0000f000 08:11 1685024                    /usr/lib/x86_64-linux-gnu/libXi.so.6.1.0
7fa533150000-7fa533155000 r-xp 00000000 08:11 1685044                    /usr/lib/x86_64-linux-gnu/libXtst.so.6.1.0
7fa533155000-7fa533354000 ---p 00005000 08:11 1685044                    /usr/lib/x86_64-linux-gnu/libXtst.so.6.1.0
7fa533354000-7fa533355000 r--p 00004000 08:11 1685044                    /usr/lib/x86_64-linux-gnu/libXtst.so.6.1.0
7fa533355000-7fa533356000 rw-p 00005000 08:11 1685044                    /usr/lib/x86_64-linux-gnu/libXtst.so.6.1.0
7fa533356000-7fa53335f000 r-xp 00000000 08:11 1685038                    /usr/lib/x86_64-linux-gnu/libXrender.so.1.3.0
7fa53335f000-7fa53355e000 ---p 00009000 08:11 1685038                    /usr/lib/x86_64-linux-gnu/libXrender.so.1.3.0
7fa53355e000-7fa53355f000 r--p 00008000 08:11 1685038                    /usr/lib/x86_64-linux-gnu/libXrender.so.1.3.0
7fa53355f000-7fa533560000 rw-p 00009000 08:11 1685038                    /usr/lib/x86_64-linux-gnu/libXrender.so.1.3.0
7fa533560000-7fa533690000 r-xp 00000000 08:11 1684999                    /usr/lib/x86_64-linux-gnu/libX11.so.6.3.0
7fa533690000-7fa533890000 ---p 00130000 08:11 1684999                    /usr/lib/x86_64-linux-gnu/libX11.so.6.3.0
7fa533890000-7fa533891000 r--p 00130000 08:11 1684999                    /usr/lib/x86_64-linux-gnu/libX11.so.6.3.0
7fa533891000-7fa533895000 rw-p 00131000 08:11 1684999                    /usr/lib/x86_64-linux-gnu/libX11.so.6.3.0
7fa533895000-7fa5338a6000 r-xp 00000000 08:11 1685016                    /usr/lib/x86_64-linux-gnu/libXext.so.6.4.0
7fa5338a6000-7fa533aa5000 ---p 00011000 08:11 1685016                    /usr/lib/x86_64-linux-gnu/libXext.so.6.4.0
7fa533aa5000-7fa533aa6000 r--p 00010000 08:11 1685016                    /usr/lib/x86_64-linux-gnu/libXext.so.6.4.0
7fa533aa6000-7fa533aa7000 rw-p 00011000 08:11 1685016                    /usr/lib/x86_64-linux-gnu/libXext.so.6.4.0
7fa533aa7000-7fa533b48000 r-xp 00000000 08:11 84586                      /usr/lib/jvm/java-7-openjdk-amd64/jre/lib/amd64/libawt.so
7fa533b48000-7fa533d47000 ---p 000a1000 08:11 84586                      /usr/lib/jvm/java-7-openjdk-amd64/jre/lib/amd64/libawt.so
7fa533d47000-7fa533d48000 r--p 000a0000 08:11 84586                      /usr/lib/jvm/java-7-openjdk-amd64/jre/lib/amd64/libawt.so
7fa533d48000-7fa533d53000 rw-p 000a1000 08:11 84586                      /usr/lib/jvm/java-7-openjdk-amd64/jre/lib/amd64/libawt.so
7fa533d53000-7fa533d78000 rw-p 00000000 00:00 0 
7fa533d78000-7fa533dfc000 r-xp 00000000 08:06 47                         /tmp/sqlite-3.7.2-libsqlitejdbc.so
7fa533dfc000-7fa533ffc000 ---p 00084000 08:06 47                         /tmp/sqlite-3.7.2-libsqlitejdbc.so
7fa533ffc000-7fa533ffd000 r--p 00084000 08:06 47                         /tmp/sqlite-3.7.2-libsqlitejdbc.so
7fa533ffd000-7fa534000000 rw-p 00085000 08:06 47                         /tmp/sqlite-3.7.2-libsqlitejdbc.so
7fa534000000-7fa534021000 rw-p 00000000 00:00 0 
7fa534021000-7fa538000000 ---p 00000000 00:00 0 
7fa538000000-7fa538001000 r--s 00000000 08:05 90                         /var/cache/fontconfig/56cf4f4769d0f4abc89a4895d7bd3ae1-le64.cache-4
7fa538001000-7fa538002000 r--s 00000000 08:05 106                        /var/cache/fontconfig/b9d506c9ac06c20b433354fa67a72993-le64.cache-4
7fa538002000-7fa538005000 r--s 00000000 08:05 1225                       /var/cache/fontconfig/e13b20fdb08344e0e664864cc2ede53d-le64.cache-4
7fa538005000-7fa538009000 r--s 00000000 08:05 1226                       /var/cache/fontconfig/7ef2298fde41cc6eeb7af42e48b7d293-le64.cache-4
7fa538009000-7fa53801a000 r--s 00000000 08:11 1807709                    /usr/share/fonts/type1/gsfonts/n019023l.pfb
7fa53801a000-7fa53802e000 r--s 00000000 08:11 1807703                    /usr/share/fonts/type1/gsfonts/n019003l.pfb
7fa53802e000-7fa53807f000 r-xp 00000000 08:11 117162                     /usr/lib/jvm/java-7-openjdk-amd64/jre/lib/amd64/xawt/libmawt.so
7fa53807f000-7fa53827e000 ---p 00051000 08:11 117162                     /usr/lib/jvm/java-7-openjdk-amd64/jre/lib/amd64/xawt/libmawt.so
7fa53827e000-7fa53827f000 r--p 00050000 08:11 117162                     /usr/lib/jvm/java-7-openjdk-amd64/jre/lib/amd64/xawt/libmawt.so
7fa53827f000-7fa538282000 rw-p 00051000 08:11 117162                     /usr/lib/jvm/java-7-openjdk-amd64/jre/lib/amd64/xawt/libmawt.so
7fa538282000-7fa538283000 rw-p 00000000 00:00 0 
7fa538283000-7fa53828c000 r--s 000bc000 08:11 1875034                    /usr/lib/jvm/java-7-openjdk-common/jre/lib/resources.jar
7fa53828c000-7fa538299000 r--s 00087000 08:08 13500606                   /home/sapk/Documents/NetBeansProjects/jrecon/jRecon/lib/prefuse.jar
7fa538299000-7fa53829a000 ---p 00000000 00:00 0 
7fa53829a000-7fa53839a000 rw-p 00000000 00:00 0                          [stack:27758]
7fa53839a000-7fa53839d000 ---p 00000000 00:00 0 
7fa53839d000-7fa53849b000 rw-p 00000000 00:00 0                          [stack:27757]
7fa53849b000-7fa53849e000 ---p 00000000 00:00 0 
7fa53849e000-7fa53859c000 rw-p 00000000 00:00 0                          [stack:27756]
7fa53859c000-7fa53859f000 ---p 00000000 00:00 0 
7fa53859f000-7fa53869d000 rw-p 00000000 00:00 0                          [stack:27755]
7fa53869d000-7fa5386a0000 ---p 00000000 00:00 0 
7fa5386a0000-7fa53879e000 rw-p 00000000 00:00 0                          [stack:27754]
7fa53879e000-7fa538e81000 r--p 00000000 08:11 1678019                    /usr/lib/locale/locale-archive
7fa538e81000-7fa538e84000 ---p 00000000 00:00 0 
7fa538e84000-7fa538f82000 rw-p 00000000 00:00 0                          [stack:27753]
7fa538f82000-7fa538f85000 ---p 00000000 00:00 0 
7fa538f85000-7fa539083000 rw-p 00000000 00:00 0                          [stack:27752]
7fa539083000-7fa539084000 ---p 00000000 00:00 0 
7fa539084000-7fa53c000000 rw-p 00000000 00:00 0                          [stack:27751]
7fa53c000000-7fa53c021000 rw-p 00000000 00:00 0 
7fa53c021000-7fa540000000 ---p 00000000 00:00 0 
7fa540000000-7fa540005000 r--s 0004c000 08:11 1875045                    /usr/lib/jvm/java-7-openjdk-common/jre/lib/jsse.jar
7fa540005000-7fa54000a000 r--s 00309000 08:08 13500607                   /home/sapk/Documents/NetBeansProjects/jrecon/jRecon/lib/sqlite-jdbc-3.7.2.jar
7fa54000a000-7fa54000e000 r--s 00085000 08:11 1875030                    /usr/lib/jvm/java-7-openjdk-common/jre/lib/ext/localedata.jar
7fa54000e000-7fa54047e000 rw-p 00000000 00:00 0 
7fa54047e000-7fa54062b000 r--s 01cec000 08:11 84556                      /usr/lib/jvm/java-7-openjdk-amd64/jre/lib/rt.jar
7fa54062b000-7fa540eff000 rw-p 00000000 00:00 0 
7fa540eff000-7fa540f00000 ---p 00000000 00:00 0 
7fa540f00000-7fa541000000 rw-p 00000000 00:00 0                          [stack:27750]
7fa541000000-7fa541270000 rwxp 00000000 00:00 0 
7fa541270000-7fa544592000 rw-p 00000000 00:00 0 
7fa544592000-7fa548000000 ---p 00000000 00:00 0 
7fa548000000-7fa548001000 r--s 00000000 08:05 80                         /var/cache/fontconfig/0c9eb80ebd1c36541ebe2852d3bb0c49-le64.cache-4
7fa548001000-7fa548004000 r--s 0000f000 08:11 1875027                    /usr/lib/jvm/java-7-openjdk-common/jre/lib/ext/pulse-java.jar
7fa548004000-7fa54808f000 rw-p 00000000 00:00 0 
7fa54808f000-7fa548090000 ---p 00000000 00:00 0 
7fa548090000-7fa548190000 rw-p 00000000 00:00 0                          [stack:27749]
7fa548190000-7fa548191000 ---p 00000000 00:00 0 
7fa548191000-7fa548291000 rw-p 00000000 00:00 0                          [stack:27748]
7fa548291000-7fa548292000 ---p 00000000 00:00 0 
7fa548292000-7fa54839d000 rw-p 00000000 00:00 0                          [stack:27747]
7fa54839d000-7fa5483e5000 rw-p 00000000 00:00 0 
7fa5483e5000-7fa5483fa000 rw-p 00000000 00:00 0 
7fa5483fa000-7fa548527000 rw-p 00000000 00:00 0 
7fa548527000-7fa548532000 rw-p 00000000 00:00 0 
7fa548532000-7fa54857a000 rw-p 00000000 00:00 0 
7fa54857a000-7fa54858f000 rw-p 00000000 00:00 0 
7fa54858f000-7fa5486bb000 rw-p 00000000 00:00 0 
7fa5486bb000-7fa5486c6000 rw-p 00000000 00:00 0 
7fa5486c6000-7fa54875c000 rw-p 00000000 00:00 0 
7fa54875c000-7fa54875d000 rw-p 00000000 00:00 0 
7fa54875d000-7fa548765000 r-xp 00000000 08:11 84598                      /usr/lib/jvm/java-7-openjdk-amd64/jre/lib/amd64/libzip.so
7fa548765000-7fa548964000 ---p 00008000 08:11 84598                      /usr/lib/jvm/java-7-openjdk-amd64/jre/lib/amd64/libzip.so
7fa548964000-7fa548965000 r--p 00007000 08:11 84598                      /usr/lib/jvm/java-7-openjdk-amd64/jre/lib/amd64/libzip.so
7fa548965000-7fa548966000 rw-p 00008000 08:11 84598                      /usr/lib/jvm/java-7-openjdk-amd64/jre/lib/amd64/libzip.so
7fa548966000-7fa548972000 r-xp 00000000 08:11 565163                     /lib/x86_64-linux-gnu/libnss_files-2.17.so
7fa548972000-7fa548b71000 ---p 0000c000 08:11 565163                     /lib/x86_64-linux-gnu/libnss_files-2.17.so
7fa548b71000-7fa548b72000 r--p 0000b000 08:11 565163                     /lib/x86_64-linux-gnu/libnss_files-2.17.so
7fa548b72000-7fa548b73000 rw-p 0000c000 08:11 565163                     /lib/x86_64-linux-gnu/libnss_files-2.17.so
7fa548b73000-7fa548b7e000 r-xp 00000000 08:11 565168                     /lib/x86_64-linux-gnu/libnss_nis-2.17.so
7fa548b7e000-7fa548d7d000 ---p 0000b000 08:11 565168                     /lib/x86_64-linux-gnu/libnss_nis-2.17.so
7fa548d7d000-7fa548d7e000 r--p 0000a000 08:11 565168                     /lib/x86_64-linux-gnu/libnss_nis-2.17.so
7fa548d7e000-7fa548d7f000 rw-p 0000b000 08:11 565168                     /lib/x86_64-linux-gnu/libnss_nis-2.17.so
7fa548d7f000-7fa548d96000 r-xp 00000000 08:11 565157                     /lib/x86_64-linux-gnu/libnsl-2.17.so
7fa548d96000-7fa548f95000 ---p 00017000 08:11 565157                     /lib/x86_64-linux-gnu/libnsl-2.17.so
7fa548f95000-7fa548f96000 r--p 00016000 08:11 565157                     /lib/x86_64-linux-gnu/libnsl-2.17.so
7fa548f96000-7fa548f97000 rw-p 00017000 08:11 565157                     /lib/x86_64-linux-gnu/libnsl-2.17.so
7fa548f97000-7fa548f99000 rw-p 00000000 00:00 0 
7fa548f99000-7fa548fa1000 r-xp 00000000 08:11 565159                     /lib/x86_64-linux-gnu/libnss_compat-2.17.so
7fa548fa1000-7fa5491a0000 ---p 00008000 08:11 565159                     /lib/x86_64-linux-gnu/libnss_compat-2.17.so
7fa5491a0000-7fa5491a1000 r--p 00007000 08:11 565159                     /lib/x86_64-linux-gnu/libnss_compat-2.17.so
7fa5491a1000-7fa5491a2000 rw-p 00008000 08:11 565159                     /lib/x86_64-linux-gnu/libnss_compat-2.17.so
7fa5491a2000-7fa5491cd000 r-xp 00000000 08:11 84585                      /usr/lib/jvm/java-7-openjdk-amd64/jre/lib/amd64/libjava.so
7fa5491cd000-7fa5493cc000 ---p 0002b000 08:11 84585                      /usr/lib/jvm/java-7-openjdk-amd64/jre/lib/amd64/libjava.so
7fa5493cc000-7fa5493cd000 r--p 0002a000 08:11 84585                      /usr/lib/jvm/java-7-openjdk-amd64/jre/lib/amd64/libjava.so
7fa5493cd000-7fa5493cf000 rw-p 0002b000 08:11 84585                      /usr/lib/jvm/java-7-openjdk-amd64/jre/lib/amd64/libjava.so
7fa5493cf000-7fa5493df000 r-xp 00000000 08:11 84584                      /usr/lib/jvm/java-7-openjdk-amd64/jre/lib/amd64/libverify.so
7fa5493df000-7fa5495de000 ---p 00010000 08:11 84584                      /usr/lib/jvm/java-7-openjdk-amd64/jre/lib/amd64/libverify.so
7fa5495de000-7fa5495e0000 r--p 0000f000 08:11 84584                      /usr/lib/jvm/java-7-openjdk-amd64/jre/lib/amd64/libverify.so
7fa5495e0000-7fa5495e1000 rw-p 00011000 08:11 84584                      /usr/lib/jvm/java-7-openjdk-amd64/jre/lib/amd64/libverify.so
7fa5495e1000-7fa5495e8000 r-xp 00000000 08:11 565211                     /lib/x86_64-linux-gnu/librt-2.17.so
7fa5495e8000-7fa5497e7000 ---p 00007000 08:11 565211                     /lib/x86_64-linux-gnu/librt-2.17.so
7fa5497e7000-7fa5497e8000 r--p 00006000 08:11 565211                     /lib/x86_64-linux-gnu/librt-2.17.so
7fa5497e8000-7fa5497e9000 rw-p 00007000 08:11 565211                     /lib/x86_64-linux-gnu/librt-2.17.so
7fa5497e9000-7fa5497fe000 r-xp 00000000 08:11 565112                     /lib/x86_64-linux-gnu/libgcc_s.so.1
7fa5497fe000-7fa5499fd000 ---p 00015000 08:11 565112                     /lib/x86_64-linux-gnu/libgcc_s.so.1
7fa5499fd000-7fa5499fe000 r--p 00014000 08:11 565112                     /lib/x86_64-linux-gnu/libgcc_s.so.1
7fa5499fe000-7fa5499ff000 rw-p 00015000 08:11 565112                     /lib/x86_64-linux-gnu/libgcc_s.so.1
7fa5499ff000-7fa549b02000 r-xp 00000000 08:11 565138                     /lib/x86_64-linux-gnu/libm-2.17.so
7fa549b02000-7fa549d01000 ---p 00103000 08:11 565138                     /lib/x86_64-linux-gnu/libm-2.17.so
7fa549d01000-7fa549d02000 r--p 00102000 08:11 565138                     /lib/x86_64-linux-gnu/libm-2.17.so
7fa549d02000-7fa549d03000 rw-p 00103000 08:11 565138                     /lib/x86_64-linux-gnu/libm-2.17.so
7fa549d03000-7fa549de9000 r-xp 00000000 08:11 1685794                    /usr/lib/x86_64-linux-gnu/libstdc++.so.6.0.18
7fa549de9000-7fa549fe8000 ---p 000e6000 08:11 1685794                    /usr/lib/x86_64-linux-gnu/libstdc++.so.6.0.18
7fa549fe8000-7fa549ff0000 r--p 000e5000 08:11 1685794                    /usr/lib/x86_64-linux-gnu/libstdc++.so.6.0.18
7fa549ff0000-7fa549ff2000 rw-p 000ed000 08:11 1685794                    /usr/lib/x86_64-linux-gnu/libstdc++.so.6.0.18
7fa549ff2000-7fa54a007000 rw-p 00000000 00:00 0 
7fa54a007000-7fa54aa15000 r-xp 00000000 08:11 109096                     /usr/lib/jvm/java-7-openjdk-amd64/jre/lib/amd64/server/libjvm.so
7fa54aa15000-7fa54ac14000 ---p 00a0e000 08:11 109096                     /usr/lib/jvm/java-7-openjdk-amd64/jre/lib/amd64/server/libjvm.so
7fa54ac14000-7fa54ac8d000 r--p 00a0d000 08:11 109096                     /usr/lib/jvm/java-7-openjdk-amd64/jre/lib/amd64/server/libjvm.so
7fa54ac8d000-7fa54acb0000 rw-p 00a86000 08:11 109096                     /usr/lib/jvm/java-7-openjdk-amd64/jre/lib/amd64/server/libjvm.so
7fa54acb0000-7fa54acdb000 rw-p 00000000 00:00 0 
7fa54acdb000-7fa54acf3000 r-xp 00000000 08:11 565245                     /lib/x86_64-linux-gnu/libz.so.1.2.8
7fa54acf3000-7fa54aef2000 ---p 00018000 08:11 565245                     /lib/x86_64-linux-gnu/libz.so.1.2.8
7fa54aef2000-7fa54aef3000 r--p 00017000 08:11 565245                     /lib/x86_64-linux-gnu/libz.so.1.2.8
7fa54aef3000-7fa54aef4000 rw-p 00018000 08:11 565245                     /lib/x86_64-linux-gnu/libz.so.1.2.8
7fa54aef4000-7fa54af0b000 r-xp 00000000 08:11 565203                     /lib/x86_64-linux-gnu/libpthread-2.17.so
7fa54af0b000-7fa54b10b000 ---p 00017000 08:11 565203                     /lib/x86_64-linux-gnu/libpthread-2.17.so
7fa54b10b000-7fa54b10c000 r--p 00017000 08:11 565203                     /lib/x86_64-linux-gnu/libpthread-2.17.so
7fa54b10c000-7fa54b10d000 rw-p 00018000 08:11 565203                     /lib/x86_64-linux-gnu/libpthread-2.17.so
7fa54b10d000-7fa54b111000 rw-p 00000000 00:00 0 
7fa54b111000-7fa54b114000 r-xp 00000000 08:11 565102                     /lib/x86_64-linux-gnu/libdl-2.17.so
7fa54b114000-7fa54b313000 ---p 00003000 08:11 565102                     /lib/x86_64-linux-gnu/libdl-2.17.so
7fa54b313000-7fa54b314000 r--p 00002000 08:11 565102                     /lib/x86_64-linux-gnu/libdl-2.17.so
7fa54b314000-7fa54b315000 rw-p 00003000 08:11 565102                     /lib/x86_64-linux-gnu/libdl-2.17.so
7fa54b315000-7fa54b4d2000 r-xp 00000000 08:11 565087                     /lib/x86_64-linux-gnu/libc-2.17.so
7fa54b4d2000-7fa54b6d2000 ---p 001bd000 08:11 565087                     /lib/x86_64-linux-gnu/libc-2.17.so
7fa54b6d2000-7fa54b6d6000 r--p 001bd000 08:11 565087                     /lib/x86_64-linux-gnu/libc-2.17.so
7fa54b6d6000-7fa54b6d8000 rw-p 001c1000 08:11 565087                     /lib/x86_64-linux-gnu/libc-2.17.so
7fa54b6d8000-7fa54b6dd000 rw-p 00000000 00:00 0 
7fa54b6dd000-7fa54b6ea000 r-xp 00000000 08:11 84567                      /usr/lib/jvm/java-7-openjdk-amd64/jre/lib/amd64/jli/libjli.so
7fa54b6ea000-7fa54b8e9000 ---p 0000d000 08:11 84567                      /usr/lib/jvm/java-7-openjdk-amd64/jre/lib/amd64/jli/libjli.so
7fa54b8e9000-7fa54b8ea000 r--p 0000c000 08:11 84567                      /usr/lib/jvm/java-7-openjdk-amd64/jre/lib/amd64/jli/libjli.so
7fa54b8ea000-7fa54b8eb000 rw-p 0000d000 08:11 84567                      /usr/lib/jvm/java-7-openjdk-amd64/jre/lib/amd64/jli/libjli.so
7fa54b8eb000-7fa54b90e000 r-xp 00000000 08:11 565063                     /lib/x86_64-linux-gnu/ld-2.17.so
7fa54b90e000-7fa54b910000 r--s 00006000 08:11 1774583                    /usr/share/java/java-atk-wrapper.jar
7fa54b910000-7fa54b93b000 rw-p 00000000 00:00 0 
7fa54b93b000-7fa54b9f1000 rw-p 00000000 00:00 0 
7fa54b9f1000-7fa54b9f4000 ---p 00000000 00:00 0 
7fa54b9f4000-7fa54baf7000 rw-p 00000000 00:00 0                          [stack:27746]
7fa54baf7000-7fa54baf8000 r--s 00000000 08:05 93                         /var/cache/fontconfig/62f91419b9ebdb6975e7e41ab6412357-le64.cache-4
7fa54baf8000-7fa54baf9000 r--s 00002000 08:11 1875032                    /usr/lib/jvm/java-7-openjdk-common/jre/lib/ext/dnsns.jar
7fa54baf9000-7fa54bafb000 r--s 00012000 08:11 1875028                    /usr/lib/jvm/java-7-openjdk-common/jre/lib/ext/zipfs.jar
7fa54bafb000-7fa54bafe000 r--s 00032000 08:11 1875029                    /usr/lib/jvm/java-7-openjdk-common/jre/lib/ext/sunjce_provider.jar
7fa54bafe000-7fa54bb01000 r--s 0003c000 08:11 1875031                    /usr/lib/jvm/java-7-openjdk-common/jre/lib/ext/sunpkcs11.jar
7fa54bb01000-7fa54bb09000 rw-s 00000000 08:06 61                         /tmp/hsperfdata_sapk/27741
7fa54bb09000-7fa54bb0a000 rw-p 00000000 00:00 0 
7fa54bb0a000-7fa54bb0b000 r--p 00000000 00:00 0 
7fa54bb0b000-7fa54bb0d000 rw-p 00000000 00:00 0 
7fa54bb0d000-7fa54bb0e000 r--p 00022000 08:11 565063                     /lib/x86_64-linux-gnu/ld-2.17.so
7fa54bb0e000-7fa54bb10000 rw-p 00023000 08:11 565063                     /lib/x86_64-linux-gnu/ld-2.17.so
7fff48b2c000-7fff48b4d000 rw-p 00000000 00:00 0                          [stack]
7fff48b83000-7fff48b85000 r-xp 00000000 00:00 0                          [vdso]
ffffffffff600000-ffffffffff601000 r-xp 00000000 00:00 0                  [vsyscall]

VM Arguments:
jvm_args: -Dfile.encoding=UTF-8 
java_command: fr.sapk.jrecon.JRecon
Launcher Type: SUN_STANDARD

Environment Variables:
PATH=/usr/local/sbin:/usr/local/bin:/usr/sbin:/usr/bin:/sbin:/bin:/usr/games:/usr/local/games
USERNAME=sapk
LD_LIBRARY_PATH=/usr/lib/jvm/java-7-openjdk-amd64/jre/lib/amd64:/usr/lib/jvm/java-7-openjdk-amd64/jre/lib/i386:
SHELL=/bin/bash
DISPLAY=:0

Signal Handlers:
SIGSEGV: [libjvm.so+0x871410], sa_mask[0]=0x7ffbfeff, sa_flags=0x10000004
SIGBUS: [libjvm.so+0x871410], sa_mask[0]=0x7ffbfeff, sa_flags=0x10000004
SIGFPE: [libjvm.so+0x709540], sa_mask[0]=0x7ffbfeff, sa_flags=0x10000004
SIGPIPE: SIG_IGN, sa_mask[0]=0x00001000, sa_flags=0x10000000
SIGXFSZ: [libjvm.so+0x709540], sa_mask[0]=0x7ffbfeff, sa_flags=0x10000004
SIGILL: [libjvm.so+0x709540], sa_mask[0]=0x7ffbfeff, sa_flags=0x10000004
SIGUSR1: SIG_DFL, sa_mask[0]=0x00000000, sa_flags=0x00000000
SIGUSR2: [libjvm.so+0x709270], sa_mask[0]=0x00000004, sa_flags=0x10000004
SIGHUP: [libjvm.so+0x709550], sa_mask[0]=0x7ffbfeff, sa_flags=0x10000004
SIGINT: SIG_IGN, sa_mask[0]=0x00000000, sa_flags=0x00000000
SIGTERM: [libjvm.so+0x709550], sa_mask[0]=0x7ffbfeff, sa_flags=0x10000004
SIGQUIT: [libjvm.so+0x709550], sa_mask[0]=0x7ffbfeff, sa_flags=0x10000004


---------------  S Y S T E M  ---------------

OS:Ubuntu 13.10 (saucy)
uname:Linux 3.11.0-12-generic #19-Ubuntu SMP Wed Oct 9 16:20:46 UTC 2013 x86_64
libc:glibc 2.17 NPTL 2.17 
rlimit: STACK 8192k, CORE 0k, NPROC 30689, NOFILE 4096, AS infinity
load average:0,93 0,62 0,74

/proc/meminfo:
MemTotal:        3948428 kB
MemFree:          493220 kB
Buffers:           98844 kB
Cached:          1475744 kB
SwapCached:         4440 kB
Active:          1821792 kB
Inactive:        1291740 kB
Active(anon):    1189876 kB
Inactive(anon):   384112 kB
Active(file):     631916 kB
Inactive(file):   907628 kB
Unevictable:         336 kB
Mlocked:             336 kB
SwapTotal:       3905532 kB
SwapFree:        3887696 kB
Dirty:               344 kB
Writeback:             0 kB
AnonPages:       1535200 kB
Mapped:           277712 kB
Shmem:             34988 kB
Slab:             105100 kB
SReclaimable:      66384 kB
SUnreclaim:        38716 kB
KernelStack:        3872 kB
PageTables:        30064 kB
NFS_Unstable:          0 kB
Bounce:                0 kB
WritebackTmp:          0 kB
CommitLimit:     5879744 kB
Committed_AS:    4116200 kB
VmallocTotal:   34359738367 kB
VmallocUsed:      565060 kB
VmallocChunk:   34359169216 kB
HardwareCorrupted:     0 kB
AnonHugePages:         0 kB
HugePages_Total:       0
HugePages_Free:        0
HugePages_Rsvd:        0
HugePages_Surp:        0
Hugepagesize:       2048 kB
DirectMap4k:      154364 kB
DirectMap2M:     3940352 kB


CPU:total 4 (2 cores per cpu, 2 threads per core) family 6 model 58 stepping 9, cmov, cx8, fxsr, mmx, sse, sse2, sse3, ssse3, sse4.1, sse4.2, popcnt, avx, ht, tsc, tscinvbit, tscinv

/proc/cpuinfo:
processor	: 0
vendor_id	: GenuineIntel
cpu family	: 6
model		: 58
model name	: Intel(R) Core(TM) i5-3317U CPU @ 1.70GHz
stepping	: 9
microcode	: 0x12
cpu MHz		: 1701.000
cache size	: 3072 KB
physical id	: 0
siblings	: 4
core id		: 0
cpu cores	: 2
apicid		: 0
initial apicid	: 0
fpu		: yes
fpu_exception	: yes
cpuid level	: 13
wp		: yes
flags		: fpu vme de pse tsc msr pae mce cx8 apic sep mtrr pge mca cmov pat pse36 clflush dts acpi mmx fxsr sse sse2 ss ht tm pbe syscall nx rdtscp lm constant_tsc arch_perfmon pebs bts rep_good nopl xtopology nonstop_tsc aperfmperf eagerfpu pni pclmulqdq dtes64 monitor ds_cpl vmx est tm2 ssse3 cx16 xtpr pdcm pcid sse4_1 sse4_2 x2apic popcnt tsc_deadline_timer aes xsave avx f16c rdrand lahf_lm ida arat epb xsaveopt pln pts dtherm tpr_shadow vnmi flexpriority ept vpid fsgsbase smep erms
bogomips	: 3392.26
clflush size	: 64
cache_alignment	: 64
address sizes	: 36 bits physical, 48 bits virtual
power management:

processor	: 1
vendor_id	: GenuineIntel
cpu family	: 6
model		: 58
model name	: Intel(R) Core(TM) i5-3317U CPU @ 1.70GHz
stepping	: 9
microcode	: 0x12
cpu MHz		: 1701.000
cache size	: 3072 KB
physical id	: 0
siblings	: 4
core id		: 0
cpu cores	: 2
apicid		: 1
initial apicid	: 1
fpu		: yes
fpu_exception	: yes
cpuid level	: 13
wp		: yes
flags		: fpu vme de pse tsc msr pae mce cx8 apic sep mtrr pge mca cmov pat pse36 clflush dts acpi mmx fxsr sse sse2 ss ht tm pbe syscall nx rdtscp lm constant_tsc arch_perfmon pebs bts rep_good nopl xtopology nonstop_tsc aperfmperf eagerfpu pni pclmulqdq dtes64 monitor ds_cpl vmx est tm2 ssse3 cx16 xtpr pdcm pcid sse4_1 sse4_2 x2apic popcnt tsc_deadline_timer aes xsave avx f16c rdrand lahf_lm ida arat epb xsaveopt pln pts dtherm tpr_shadow vnmi flexpriority ept vpid fsgsbase smep erms
bogomips	: 3392.26
clflush size	: 64
cache_alignment	: 64
address sizes	: 36 bits physical, 48 bits virtual
power management:

processor	: 2
vendor_id	: GenuineIntel
cpu family	: 6
model		: 58
model name	: Intel(R) Core(TM) i5-3317U CPU @ 1.70GHz
stepping	: 9
microcode	: 0x12
cpu MHz		: 1600.000
cache size	: 3072 KB
physical id	: 0
siblings	: 4
core id		: 1
cpu cores	: 2
apicid		: 2
initial apicid	: 2
fpu		: yes
fpu_exception	: yes
cpuid level	: 13
wp		: yes
flags		: fpu vme de pse tsc msr pae mce cx8 apic sep mtrr pge mca cmov pat pse36 clflush dts acpi mmx fxsr sse sse2 ss ht tm pbe syscall nx rdtscp lm constant_tsc arch_perfmon pebs bts rep_good nopl xtopology nonstop_tsc aperfmperf eagerfpu pni pclmulqdq dtes64 monitor ds_cpl vmx est tm2 ssse3 cx16 xtpr pdcm pcid sse4_1 sse4_2 x2apic popcnt tsc_deadline_timer aes xsave avx f16c rdrand lahf_lm ida arat epb xsaveopt pln pts dtherm tpr_shadow vnmi flexpriority ept vpid fsgsbase smep erms
bogomips	: 3392.26
clflush size	: 64
cache_alignment	: 64
address sizes	: 36 bits physical, 48 bits virtual
power management:

processor	: 3
vendor_id	: GenuineIntel
cpu family	: 6
model		: 58
model name	: Intel(R) Core(TM) i5-3317U CPU @ 1.70GHz
stepping	: 9
microcode	: 0x12
cpu MHz		: 782.000
cache size	: 3072 KB
physical id	: 0
siblings	: 4
core id		: 1
cpu cores	: 2
apicid		: 3
initial apicid	: 3
fpu		: yes
fpu_exception	: yes
cpuid level	: 13
wp		: yes
flags		: fpu vme de pse tsc msr pae mce cx8 apic sep mtrr pge mca cmov pat pse36 clflush dts acpi mmx fxsr sse sse2 ss ht tm pbe syscall nx rdtscp lm constant_tsc arch_perfmon pebs bts rep_good nopl xtopology nonstop_tsc aperfmperf eagerfpu pni pclmulqdq dtes64 monitor ds_cpl vmx est tm2 ssse3 cx16 xtpr pdcm pcid sse4_1 sse4_2 x2apic popcnt tsc_deadline_timer aes xsave avx f16c rdrand lahf_lm ida arat epb xsaveopt pln pts dtherm tpr_shadow vnmi flexpriority ept vpid fsgsbase smep erms
bogomips	: 3392.26
clflush size	: 64
cache_alignment	: 64
address sizes	: 36 bits physical, 48 bits virtual
power management:



Memory: 4k page, physical 3948428k(493220k free), swap 3905532k(3887696k free)

vm_info: OpenJDK 64-Bit Server VM (23.7-b01) for linux-amd64 JRE (1.7.0_25-b30), built on Oct 11 2013 18:04:12 by "buildd" with gcc 4.8.1

time: Tue Oct 22 02:14:25 2013
elapsed time: 81 seconds

