#
# A fatal error has been detected by the Java Runtime Environment:
#
#  SIGSEGV (0xb) at pc=0x00007f730c9703ab, pid=27830, tid=140131192309504
#
# JRE version: 7.0_25-b30
# Java VM: OpenJDK 64-Bit Server VM (23.7-b01 mixed mode linux-amd64 compressed oops)
# Problematic frame:
# C  [sqlite-3.7.2-libsqlitejdbc.so+0x353ab]  sqlite3_load_extension+0x23e
#
# Failed to write core dump. Core dumps have been disabled. To enable core dumping, try "ulimit -c unlimited" before starting Java again
#
# If you would like to submit a bug report, please include
# instructions on how to reproduce the bug and visit:
#   https://bugs.launchpad.net/ubuntu/+source/openjdk-7/
# The crash happened outside the Java Virtual Machine in native code.
# See problematic frame for where to report the bug.
#

---------------  T H R E A D  ---------------

Current thread (0x00007f7318559800):  JavaThread "AWT-EventQueue-0" [_thread_in_native, id=27850, stack(0x00007f72d5e08000,0x00007f72d5f09000)]

siginfo:si_signo=SIGSEGV: si_errno=0, si_code=1 (SEGV_MAPERR), si_addr=0x0000000000000058

Registers:
RAX=0x0000000000000000, RBX=0x0000000000000000, RCX=0x0000000000000004, RDX=0x0000000000050001
RSP=0x00007f72d5f05d78, RBP=0x00007f72d5f05e38, RSI=0x0000000000000000, RDI=0x0000000000000000
R8 =0x00007f731855a428, R9 =0x0000000000006cca, R10=0x00007f7315012937, R11=0x00007f731f13ee10
R12=0x00007f72c02192b8, R13=0x00000000b991cdc0, R14=0x00007f72d5f05e70, R15=0x00007f7318559800
RIP=0x00007f730c9703ab, EFLAGS=0x0000000000010246, CSGSFS=0x0000000000000033, ERR=0x0000000000000004
  TRAPNO=0x000000000000000e

Top of Stack: (sp=0x00007f72d5f05d78)
0x00007f72d5f05d78:   00007f730c97183b 00007f72d5f05de8
0x00007f72d5f05d88:   00007f73185599d8 00007f731eee5670
0x00007f72d5f05d98:   00007f730c94805b 00007f72d5f05da0
0x00007f72d5f05da8:   00000000b991cdc0 0000000000000000
0x00007f72d5f05db8:   00007f7315012963 00007f72d5f05e70
0x00007f72d5f05dc8:   00007f7318559800 00007f72d5f05e38
0x00007f72d5f05dd8:   00007f7315012723 00007f73150126e1
0x00007f72d5f05de8:   0000000000000003 00000000c401dbb8
0x00007f72d5f05df8:   00007f72d5f05de8 00000000b991cdc0
0x00007f72d5f05e08:   00007f72d5f05e70 00000000b99267b0
0x00007f72d5f05e18:   0000000000000000 00000000b991cdc0
0x00007f72d5f05e28:   0000000000000000 00007f72d5f05e58
0x00007f72d5f05e38:   00007f72d5f05eb8 00007f7315006333
0x00007f72d5f05e48:   0000000000000000 00007f731500eddb
0x00007f72d5f05e58:   0000000000000004 00007f72c02192b8
0x00007f72d5f05e68:   00000000b99bb7cb 00000000c401dbb8
0x00007f72d5f05e78:   00007f72d5f05e78 00000000b99bddf0
0x00007f72d5f05e88:   00007f72d5f05ed0 00000000b99c2b60
0x00007f72d5f05e98:   0000000000000000 00000000b99bde18
0x00007f72d5f05ea8:   00007f72d5f05e58 00007f72d5f05ec8
0x00007f72d5f05eb8:   00007f72d5f05f18 00007f7315006333
0x00007f72d5f05ec8:   0000000000000005 00000000c401dce0
0x00007f72d5f05ed8:   00007f72d5f05ed8 00000000b99bdeee
0x00007f72d5f05ee8:   00007f72d5f05f30 00000000b99c2b60
0x00007f72d5f05ef8:   0000000000000000 00000000b99bdf18
0x00007f72d5f05f08:   00007f72d5f05ec8 00007f72d5f05f28
0x00007f72d5f05f18:   00007f72d5f05f80 00007f73150069e1
0x00007f72d5f05f28:   00000000c41f71c0 00000000c401dce0
0x00007f72d5f05f38:   00000000ec19d5d0 00007f72d5f05f40
0x00007f72d5f05f48:   00000000b9e1614a 00007f72d5f05fd0
0x00007f72d5f05f58:   00000000b9ed1758 0000000000000000
0x00007f72d5f05f68:   00000000b9e162e8 00007f72d5f05f28 

Instructions: (pc=0x00007f730c9703ab)
0x00007f730c97038b:   85 ff 53 48 89 fb 74 21 8b b7 90 00 00 00 48 8b
0x00007f730c97039b:   3f e8 84 fc ff ff 89 83 90 00 00 00 48 8b 03 5b
0x00007f730c9703ab:   48 8b 78 58 e9 4c 67 fd ff 5b c3 41 57 41 88 d7
0x00007f730c9703bb:   41 56 49 89 f6 41 55 49 89 fd 41 54 55 53 31 db 

Register to memory mapping:

RAX=0x0000000000000000 is an unknown value
RBX=0x0000000000000000 is an unknown value
RCX=0x0000000000000004 is an unknown value
RDX=0x0000000000050001 is an unknown value
RSP=0x00007f72d5f05d78 is pointing into the stack for thread: 0x00007f7318559800
RBP=0x00007f72d5f05e38 is pointing into the stack for thread: 0x00007f7318559800
RSI=0x0000000000000000 is an unknown value
RDI=0x0000000000000000 is an unknown value
R8 =0x00007f731855a428 is an unknown value
R9 =0x0000000000006cca is an unknown value
R10=0x00007f7315012937 is an Interpreter codelet
method entry point (kind = native_synchronized)  [0x00007f7315012560, 0x00007f7315012f20]  2496 bytes
R11=0x00007f731f13ee10: <offset 0x797e10> in /usr/lib/jvm/java-7-openjdk-amd64/jre/lib/amd64/server/libjvm.so at 0x00007f731e9a7000
R12=0x00007f72c02192b8 is an unknown value
R13=0x00000000b991cdc0 is an oop
{method} 
 - klass: {other class}
R14=0x00007f72d5f05e70 is pointing into the stack for thread: 0x00007f7318559800
R15=0x00007f7318559800 is a thread


Stack: [0x00007f72d5e08000,0x00007f72d5f09000],  sp=0x00007f72d5f05d78,  free space=1015k
Native frames: (J=compiled Java code, j=interpreted, Vv=VM code, C=native code)
C  [sqlite-3.7.2-libsqlitejdbc.so+0x353ab]  sqlite3_load_extension+0x23e
j  org.sqlite.RS.getString(I)Ljava/lang/String;+16
j  org.sqlite.RS.getString(Ljava/lang/String;)Ljava/lang/String;+6
j  fr.sapk.jrecon.UIFrameHome.buildXMLMap(Ljava/lang/String;)V+274
j  fr.sapk.jrecon.UIFrameHome.ButtonShowGraphActionPerformed(Ljava/awt/event/ActionEvent;)V+20
j  fr.sapk.jrecon.UIFrameHome.access$900(Lfr/sapk/jrecon/UIFrameHome;Ljava/awt/event/ActionEvent;)V+2
j  fr.sapk.jrecon.UIFrameHome$10.actionPerformed(Ljava/awt/event/ActionEvent;)V+5
j  javax.swing.AbstractButton.fireActionPerformed(Ljava/awt/event/ActionEvent;)V+84
j  javax.swing.AbstractButton$Handler.actionPerformed(Ljava/awt/event/ActionEvent;)V+5
j  javax.swing.DefaultButtonModel.fireActionPerformed(Ljava/awt/event/ActionEvent;)V+35
j  javax.swing.DefaultButtonModel.setPressed(Z)V+117
j  javax.swing.plaf.basic.BasicButtonListener.mouseReleased(Ljava/awt/event/MouseEvent;)V+35
j  java.awt.Component.processMouseEvent(Ljava/awt/event/MouseEvent;)V+64
j  javax.swing.JComponent.processMouseEvent(Ljava/awt/event/MouseEvent;)V+23
j  java.awt.Component.processEvent(Ljava/awt/AWTEvent;)V+81
j  java.awt.Container.processEvent(Ljava/awt/AWTEvent;)V+18
j  java.awt.Component.dispatchEventImpl(Ljava/awt/AWTEvent;)V+581
j  java.awt.Container.dispatchEventImpl(Ljava/awt/AWTEvent;)V+42

Java frames: (J=compiled Java code, j=interpreted, Vv=VM code)
j  org.sqlite.NativeDB.column_text(JI)Ljava/lang/String;+0
j  org.sqlite.RS.getString(I)Ljava/lang/String;+16
j  org.sqlite.RS.getString(Ljava/lang/String;)Ljava/lang/String;+6
j  fr.sapk.jrecon.UIFrameHome.buildXMLMap(Ljava/lang/String;)V+274
j  fr.sapk.jrecon.UIFrameHome.ButtonShowGraphActionPerformed(Ljava/awt/event/ActionEvent;)V+20
j  fr.sapk.jrecon.UIFrameHome.access$900(Lfr/sapk/jrecon/UIFrameHome;Ljava/awt/event/ActionEvent;)V+2
j  fr.sapk.jrecon.UIFrameHome$10.actionPerformed(Ljava/awt/event/ActionEvent;)V+5
j  javax.swing.AbstractButton.fireActionPerformed(Ljava/awt/event/ActionEvent;)V+84
j  javax.swing.AbstractButton$Handler.actionPerformed(Ljava/awt/event/ActionEvent;)V+5
j  javax.swing.DefaultButtonModel.fireActionPerformed(Ljava/awt/event/ActionEvent;)V+35
j  javax.swing.DefaultButtonModel.setPressed(Z)V+117
j  javax.swing.plaf.basic.BasicButtonListener.mouseReleased(Ljava/awt/event/MouseEvent;)V+35
j  java.awt.Component.processMouseEvent(Ljava/awt/event/MouseEvent;)V+64
j  javax.swing.JComponent.processMouseEvent(Ljava/awt/event/MouseEvent;)V+23
j  java.awt.Component.processEvent(Ljava/awt/AWTEvent;)V+81
j  java.awt.Container.processEvent(Ljava/awt/AWTEvent;)V+18
j  java.awt.Component.dispatchEventImpl(Ljava/awt/AWTEvent;)V+581
j  java.awt.Container.dispatchEventImpl(Ljava/awt/AWTEvent;)V+42
J  java.awt.LightweightDispatcher.retargetMouseEvent(Ljava/awt/Component;ILjava/awt/event/MouseEvent;)V
j  java.awt.LightweightDispatcher.processMouseEvent(Ljava/awt/event/MouseEvent;)Z+139
j  java.awt.LightweightDispatcher.dispatchEvent(Ljava/awt/AWTEvent;)Z+50
j  java.awt.Container.dispatchEventImpl(Ljava/awt/AWTEvent;)V+12
j  java.awt.Window.dispatchEventImpl(Ljava/awt/AWTEvent;)V+19
j  java.awt.Component.dispatchEvent(Ljava/awt/AWTEvent;)V+2
j  java.awt.EventQueue.dispatchEventImpl(Ljava/awt/AWTEvent;Ljava/lang/Object;)V+41
j  java.awt.EventQueue.access$200(Ljava/awt/EventQueue;Ljava/awt/AWTEvent;Ljava/lang/Object;)V+3
j  java.awt.EventQueue$3.run()Ljava/lang/Void;+12
j  java.awt.EventQueue$3.run()Ljava/lang/Object;+1
v  ~StubRoutines::call_stub
J  java.security.AccessController.doPrivileged(Ljava/security/PrivilegedAction;Ljava/security/AccessControlContext;)Ljava/lang/Object;
J  java.security.ProtectionDomain$1.doIntersectionPrivilege(Ljava/security/PrivilegedAction;Ljava/security/AccessControlContext;Ljava/security/AccessControlContext;)Ljava/lang/Object;
j  java.security.ProtectionDomain$1.doIntersectionPrivilege(Ljava/security/PrivilegedAction;Ljava/security/AccessControlContext;)Ljava/lang/Object;+6
j  java.awt.EventQueue$4.run()Ljava/lang/Void;+11
j  java.awt.EventQueue$4.run()Ljava/lang/Object;+1
v  ~StubRoutines::call_stub
J  java.security.AccessController.doPrivileged(Ljava/security/PrivilegedAction;Ljava/security/AccessControlContext;)Ljava/lang/Object;
J  java.awt.EventDispatchThread.pumpOneEventForFilters(I)V
J  java.awt.EventDispatchThread.pumpEventsForFilter(ILjava/awt/Conditional;Ljava/awt/EventFilter;)V
j  java.awt.EventDispatchThread.pumpEventsForHierarchy(ILjava/awt/Conditional;Ljava/awt/Component;)V+11
j  java.awt.EventDispatchThread.pumpEvents(ILjava/awt/Conditional;)V+4
j  java.awt.EventDispatchThread.pumpEvents(Ljava/awt/Conditional;)V+3
j  java.awt.EventDispatchThread.run()V+9
v  ~StubRoutines::call_stub

---------------  P R O C E S S  ---------------

Java Threads: ( => current thread )
  0x00007f72b4005800 JavaThread "Thread-58" [_thread_blocked, id=28020, stack(0x00007f72d6366000,0x00007f72d6467000)]
  0x00007f72b001a000 JavaThread "process reaper" daemon [_thread_blocked, id=27908, stack(0x00007f72d5747000,0x00007f72d576f000)]
  0x00007f72c021c800 JavaThread "Thread-23" [_thread_blocked, id=27899, stack(0x00007f72d576f000,0x00007f72d5870000)]
  0x00007f72c021e000 JavaThread "Thread-22" [_thread_blocked, id=27898, stack(0x00007f72d5c06000,0x00007f72d5d07000)]
  0x00007f72b8101800 JavaThread "prefuse_ActivityManager" daemon [_thread_blocked, id=27892, stack(0x00007f72d588a000,0x00007f72d598b000)]
  0x00007f72c0182800 JavaThread "TimerQueue" daemon [_thread_blocked, id=27851, stack(0x00007f72d5d07000,0x00007f72d5e08000)]
  0x00007f7318009000 JavaThread "DestroyJavaVM" [_thread_blocked, id=27834, stack(0x00007f7320391000,0x00007f7320492000)]
=>0x00007f7318559800 JavaThread "AWT-EventQueue-0" [_thread_in_native, id=27850, stack(0x00007f72d5e08000,0x00007f72d5f09000)]
  0x00007f7318558000 JavaThread "AWT-Shutdown" [_thread_blocked, id=27849, stack(0x00007f72d5f09000,0x00007f72d600a000)]
  0x00007f731834e000 JavaThread "AWT-XAWT" daemon [_thread_in_native, id=27848, stack(0x00007f72d7e90000,0x00007f72d7f91000)]
  0x00007f7318319000 JavaThread "Java2D Disposer" daemon [_thread_blocked, id=27847, stack(0x00007f72d7f91000,0x00007f72d8092000)]
  0x00007f7318113000 JavaThread "Service Thread" daemon [_thread_blocked, id=27845, stack(0x00007f730ccc4000,0x00007f730cdc5000)]
  0x00007f7318111000 JavaThread "C2 CompilerThread1" daemon [_thread_blocked, id=27844, stack(0x00007f730cdc5000,0x00007f730cec6000)]
  0x00007f731810e000 JavaThread "C2 CompilerThread0" daemon [_thread_blocked, id=27843, stack(0x00007f730cec6000,0x00007f730cfc7000)]
  0x00007f731810c000 JavaThread "Signal Dispatcher" daemon [_thread_blocked, id=27842, stack(0x00007f730cfc7000,0x00007f730d0c8000)]
  0x00007f73180b2800 JavaThread "Finalizer" daemon [_thread_blocked, id=27841, stack(0x00007f730d7ab000,0x00007f730d8ac000)]
  0x00007f73180b0000 JavaThread "Reference Handler" daemon [_thread_blocked, id=27840, stack(0x00007f730d8ac000,0x00007f730d9ad000)]

Other Threads:
  0x00007f73180a7800 VMThread [stack: 0x00007f730d9ad000,0x00007f730daae000] [id=27839]
  0x00007f731811e000 WatcherThread [stack: 0x00007f730cbc3000,0x00007f730ccc4000] [id=27846]

VM state:not at safepoint (normal execution)

VM Mutex/Monitor currently owned by a thread: None

Heap
 PSYoungGen      total 7936K, used 3888K [0x00000000ebeb0000, 0x00000000ec770000, 0x0000000100000000)
  eden space 7168K, 52% used [0x00000000ebeb0000,0x00000000ec25c248,0x00000000ec5b0000)
  from space 768K, 16% used [0x00000000ec6b0000,0x00000000ec6d0000,0x00000000ec770000)
  to   space 896K, 0% used [0x00000000ec5b0000,0x00000000ec5b0000,0x00000000ec690000)
 ParOldGen       total 38656K, used 16294K [0x00000000c3c00000, 0x00000000c61c0000, 0x00000000ebeb0000)
  object space 38656K, 42% used [0x00000000c3c00000,0x00000000c4be9958,0x00000000c61c0000)
 PSPermGen       total 40704K, used 20373K [0x00000000b9600000, 0x00000000bbdc0000, 0x00000000c3c00000)
  object space 40704K, 50% used [0x00000000b9600000,0x00000000ba9e5668,0x00000000bbdc0000)

Card table byte_map: [0x00007f731cec7000,0x00007f731d0fd000] byte_map_base: 0x00007f731c8fc000

Polling page: 0x00007f73204aa000

Code Cache  [0x00007f7315000000, 0x00007f73152d0000, 0x00007f7318000000)
 total_blobs=1372 nmethods=795 adapters=528 free_code_cache=46395Kb largest_free_block=47447104

Compilation events (10 events):
Event: 251,980 Thread 0x00007f731810e000  820             javax.swing.JComponent::paintImmediately (155 bytes)
Event: 251,989 Thread 0x00007f731810e000 nmethod 820 0x00007f731529c650 code [0x00007f731529c800, 0x00007f731529cba8]
Event: 252,272 Thread 0x00007f7318111000   19 %           sun.awt.X11.XGlobalCursorManager::getCapableCursor @ 6 (138 bytes)
Event: 252,286 Thread 0x00007f7318111000 nmethod 19% 0x00007f73152a7990 code [0x00007f73152a7b40, 0x00007f73152a7fc8]
Event: 252,644 Thread 0x00007f731810e000  821             java.awt.Component::getNativeContainer (29 bytes)
Event: 252,647 Thread 0x00007f731810e000 nmethod 821 0x00007f7315273bd0 code [0x00007f7315273d20, 0x00007f7315273e18]
Event: 253,119 Thread 0x00007f7318111000  822             sun.awt.X11.XGlobalCursorManager::getCapableCursor (138 bytes)
Event: 253,134 Thread 0x00007f7318111000 nmethod 822 0x00007f73152a7150 code [0x00007f73152a72e0, 0x00007f73152a7608]
Event: 258,036 Thread 0x00007f731810e000  823             java.awt.LightweightDispatcher::retargetMouseEvent (350 bytes)
Event: 258,106 Thread 0x00007f731810e000 nmethod 823 0x00007f73152bcd10 code [0x00007f73152bd060, 0x00007f73152be810]

GC Heap History (10 events):
Event: 257,539 GC heap before
{Heap before GC invocations=47 (full 1):
 PSYoungGen      total 7680K, used 7648K [0x00000000ebeb0000, 0x00000000ec880000, 0x0000000100000000)
  eden space 7488K, 100% used [0x00000000ebeb0000,0x00000000ec600000,0x00000000ec600000)
  from space 192K, 83% used [0x00000000ec610000,0x00000000ec638000,0x00000000ec640000)
  to   space 1280K, 0% used [0x00000000ec740000,0x00000000ec740000,0x00000000ec880000)
 ParOldGen       total 38656K, used 16238K [0x00000000c3c00000, 0x00000000c61c0000, 0x00000000ebeb0000)
  object space 38656K, 42% used [0x00000000c3c00000,0x00000000c4bdb958,0x00000000c61c0000)
 PSPermGen       total 40704K, used 20373K [0x00000000b9600000, 0x00000000bbdc0000, 0x00000000c3c00000)
  object space 40704K, 50% used [0x00000000b9600000,0x00000000ba9e54c0,0x00000000bbdc0000)
Event: 257,541 GC heap after
Heap after GC invocations=47 (full 1):
 PSYoungGen      total 8512K, used 128K [0x00000000ebeb0000, 0x00000000ec850000, 0x0000000100000000)
  eden space 7424K, 0% used [0x00000000ebeb0000,0x00000000ebeb0000,0x00000000ec5f0000)
  from space 1088K, 11% used [0x00000000ec740000,0x00000000ec760000,0x00000000ec850000)
  to   space 1216K, 0% used [0x00000000ec5f0000,0x00000000ec5f0000,0x00000000ec720000)
 ParOldGen       total 38656K, used 16246K [0x00000000c3c00000, 0x00000000c61c0000, 0x00000000ebeb0000)
  object space 38656K, 42% used [0x00000000c3c00000,0x00000000c4bdd958,0x00000000c61c0000)
 PSPermGen       total 40704K, used 20373K [0x00000000b9600000, 0x00000000bbdc0000, 0x00000000c3c00000)
  object space 40704K, 50% used [0x00000000b9600000,0x00000000ba9e54c0,0x00000000bbdc0000)
}
Event: 259,624 GC heap before
{Heap before GC invocations=48 (full 1):
 PSYoungGen      total 8512K, used 7552K [0x00000000ebeb0000, 0x00000000ec850000, 0x0000000100000000)
  eden space 7424K, 100% used [0x00000000ebeb0000,0x00000000ec5f0000,0x00000000ec5f0000)
  from space 1088K, 11% used [0x00000000ec740000,0x00000000ec760000,0x00000000ec850000)
  to   space 1216K, 0% used [0x00000000ec5f0000,0x00000000ec5f0000,0x00000000ec720000)
 ParOldGen       total 38656K, used 16246K [0x00000000c3c00000, 0x00000000c61c0000, 0x00000000ebeb0000)
  object space 38656K, 42% used [0x00000000c3c00000,0x00000000c4bdd958,0x00000000c61c0000)
 PSPermGen       total 40704K, used 20373K [0x00000000b9600000, 0x00000000bbdc0000, 0x00000000c3c00000)
  object space 40704K, 50% used [0x00000000b9600000,0x00000000ba9e54e0,0x00000000bbdc0000)
Event: 259,627 GC heap after
Heap after GC invocations=48 (full 1):
 PSYoungGen      total 7488K, used 96K [0x00000000ebeb0000, 0x00000000ec800000, 0x0000000100000000)
  eden space 7360K, 0% used [0x00000000ebeb0000,0x00000000ebeb0000,0x00000000ec5e0000)
  from space 128K, 75% used [0x00000000ec5f0000,0x00000000ec608000,0x00000000ec610000)
  to   space 1088K, 0% used [0x00000000ec6f0000,0x00000000ec6f0000,0x00000000ec800000)
 ParOldGen       total 38656K, used 16254K [0x00000000c3c00000, 0x00000000c61c0000, 0x00000000ebeb0000)
  object space 38656K, 42% used [0x00000000c3c00000,0x00000000c4bdf958,0x00000000c61c0000)
 PSPermGen       total 40704K, used 20373K [0x00000000b9600000, 0x00000000bbdc0000, 0x00000000c3c00000)
  object space 40704K, 50% used [0x00000000b9600000,0x00000000ba9e54e0,0x00000000bbdc0000)
}
Event: 261,890 GC heap before
{Heap before GC invocations=49 (full 1):
 PSYoungGen      total 7488K, used 7456K [0x00000000ebeb0000, 0x00000000ec800000, 0x0000000100000000)
  eden space 7360K, 100% used [0x00000000ebeb0000,0x00000000ec5e0000,0x00000000ec5e0000)
  from space 128K, 75% used [0x00000000ec5f0000,0x00000000ec608000,0x00000000ec610000)
  to   space 1088K, 0% used [0x00000000ec6f0000,0x00000000ec6f0000,0x00000000ec800000)
 ParOldGen       total 38656K, used 16254K [0x00000000c3c00000, 0x00000000c61c0000, 0x00000000ebeb0000)
  object space 38656K, 42% used [0x00000000c3c00000,0x00000000c4bdf958,0x00000000c61c0000)
 PSPermGen       total 40704K, used 20373K [0x00000000b9600000, 0x00000000bbdc0000, 0x00000000c3c00000)
  object space 40704K, 50% used [0x00000000b9600000,0x00000000ba9e54e0,0x00000000bbdc0000)
Event: 261,893 GC heap after
Heap after GC invocations=49 (full 1):
 PSYoungGen      total 8192K, used 96K [0x00000000ebeb0000, 0x00000000ec7d0000, 0x0000000100000000)
  eden space 7296K, 0% used [0x00000000ebeb0000,0x00000000ebeb0000,0x00000000ec5d0000)
  from space 896K, 10% used [0x00000000ec6f0000,0x00000000ec708000,0x00000000ec7d0000)
  to   space 1024K, 0% used [0x00000000ec5d0000,0x00000000ec5d0000,0x00000000ec6d0000)
 ParOldGen       total 38656K, used 16262K [0x00000000c3c00000, 0x00000000c61c0000, 0x00000000ebeb0000)
  object space 38656K, 42% used [0x00000000c3c00000,0x00000000c4be1958,0x00000000c61c0000)
 PSPermGen       total 40704K, used 20373K [0x00000000b9600000, 0x00000000bbdc0000, 0x00000000c3c00000)
  object space 40704K, 50% used [0x00000000b9600000,0x00000000ba9e54e0,0x00000000bbdc0000)
}
Event: 263,970 GC heap before
{Heap before GC invocations=50 (full 1):
 PSYoungGen      total 8192K, used 7392K [0x00000000ebeb0000, 0x00000000ec7d0000, 0x0000000100000000)
  eden space 7296K, 100% used [0x00000000ebeb0000,0x00000000ec5d0000,0x00000000ec5d0000)
  from space 896K, 10% used [0x00000000ec6f0000,0x00000000ec708000,0x00000000ec7d0000)
  to   space 1024K, 0% used [0x00000000ec5d0000,0x00000000ec5d0000,0x00000000ec6d0000)
 ParOldGen       total 38656K, used 16262K [0x00000000c3c00000, 0x00000000c61c0000, 0x00000000ebeb0000)
  object space 38656K, 42% used [0x00000000c3c00000,0x00000000c4be1958,0x00000000c61c0000)
 PSPermGen       total 40704K, used 20373K [0x00000000b9600000, 0x00000000bbdc0000, 0x00000000c3c00000)
  object space 40704K, 50% used [0x00000000b9600000,0x00000000ba9e5500,0x00000000bbdc0000)
Event: 263,972 GC heap after
Heap after GC invocations=50 (full 1):
 PSYoungGen      total 7360K, used 128K [0x00000000ebeb0000, 0x00000000ec7a0000, 0x0000000100000000)
  eden space 7232K, 0% used [0x00000000ebeb0000,0x00000000ebeb0000,0x00000000ec5c0000)
  from space 128K, 100% used [0x00000000ec5d0000,0x00000000ec5f0000,0x00000000ec5f0000)
  to   space 960K, 0% used [0x00000000ec6b0000,0x00000000ec6b0000,0x00000000ec7a0000)
 ParOldGen       total 38656K, used 16278K [0x00000000c3c00000, 0x00000000c61c0000, 0x00000000ebeb0000)
  object space 38656K, 42% used [0x00000000c3c00000,0x00000000c4be5958,0x00000000c61c0000)
 PSPermGen       total 40704K, used 20373K [0x00000000b9600000, 0x00000000bbdc0000, 0x00000000c3c00000)
  object space 40704K, 50% used [0x00000000b9600000,0x00000000ba9e5500,0x00000000bbdc0000)
}
Event: 266,369 GC heap before
{Heap before GC invocations=51 (full 1):
 PSYoungGen      total 7360K, used 7360K [0x00000000ebeb0000, 0x00000000ec7a0000, 0x0000000100000000)
  eden space 7232K, 100% used [0x00000000ebeb0000,0x00000000ec5c0000,0x00000000ec5c0000)
  from space 128K, 100% used [0x00000000ec5d0000,0x00000000ec5f0000,0x00000000ec5f0000)
  to   space 960K, 0% used [0x00000000ec6b0000,0x00000000ec6b0000,0x00000000ec7a0000)
 ParOldGen       total 38656K, used 16278K [0x00000000c3c00000, 0x00000000c61c0000, 0x00000000ebeb0000)
  object space 38656K, 42% used [0x00000000c3c00000,0x00000000c4be5958,0x00000000c61c0000)
 PSPermGen       total 40704K, used 20373K [0x00000000b9600000, 0x00000000bbdc0000, 0x00000000c3c00000)
  object space 40704K, 50% used [0x00000000b9600000,0x00000000ba9e5668,0x00000000bbdc0000)
Event: 266,372 GC heap after
Heap after GC invocations=51 (full 1):
 PSYoungGen      total 7936K, used 128K [0x00000000ebeb0000, 0x00000000ec770000, 0x0000000100000000)
  eden space 7168K, 0% used [0x00000000ebeb0000,0x00000000ebeb0000,0x00000000ec5b0000)
  from space 768K, 16% used [0x00000000ec6b0000,0x00000000ec6d0000,0x00000000ec770000)
  to   space 896K, 0% used [0x00000000ec5b0000,0x00000000ec5b0000,0x00000000ec690000)
 ParOldGen       total 38656K, used 16294K [0x00000000c3c00000, 0x00000000c61c0000, 0x00000000ebeb0000)
  object space 38656K, 42% used [0x00000000c3c00000,0x00000000c4be9958,0x00000000c61c0000)
 PSPermGen       total 40704K, used 20373K [0x00000000b9600000, 0x00000000bbdc0000, 0x00000000c3c00000)
  object space 40704K, 50% used [0x00000000b9600000,0x00000000ba9e5668,0x00000000bbdc0000)
}

Deoptimization events (10 events):
Event: 215,308 Thread 0x00007f72c0215000 Uncommon trap -58 fr.pc 0x00007f73152304d4
Event: 215,310 Thread 0x00007f72c0215000 Uncommon trap -34 fr.pc 0x00007f731522a4f8
Event: 215,310 Thread 0x00007f72c0215000 Uncommon trap -34 fr.pc 0x00007f731522a4f8
Event: 215,310 Thread 0x00007f72c0215000 Uncommon trap -34 fr.pc 0x00007f731522a4f8
Event: 215,320 Thread 0x00007f72b8101800 Uncommon trap -58 fr.pc 0x00007f73151fc724
Event: 215,321 Thread 0x00007f72b8101800 Uncommon trap -12 fr.pc 0x00007f731517f078
Event: 215,323 Thread 0x00007f7318559800 Uncommon trap -83 fr.pc 0x00007f731521ab2c
Event: 215,323 Thread 0x00007f7318559800 Uncommon trap -34 fr.pc 0x00007f73151843dc
Event: 215,389 Thread 0x00007f7318559800 Uncommon trap -34 fr.pc 0x00007f731525df28
Event: 249,411 Thread 0x00007f72b4005800 Uncommon trap -34 fr.pc 0x00007f731525cd50

Internal exceptions (10 events):
Event: 68,847 Thread 0x00007f7318559800 Threw 0x00000000ec677638 at /build/buildd/openjdk-7-7u25-2.3.12/build/openjdk/hotspot/src/share/vm/prims/jni.cpp:742
Event: 77,031 Thread 0x00007f72b8101800 Implicit null exception at 0x00007f73151bf668 to 0x00007f73151bf87a
Event: 123,357 Thread 0x00007f731834e000 Implicit null exception at 0x00007f73152215c1 to 0x00007f7315223471
Event: 154,317 Thread 0x00007f731834e000 Implicit null exception at 0x00007f731523e82b to 0x00007f7315241691
Event: 154,356 Thread 0x00007f7318559800 Implicit null exception at 0x00007f73152116ce to 0x00007f731521195d
Event: 154,358 Thread 0x00007f7318559800 Implicit null exception at 0x00007f7315214cbb to 0x00007f7315215155
Event: 213,613 Thread 0x00007f7318559800 Implicit null exception at 0x00007f731521dcf8 to 0x00007f731521e605
Event: 215,321 Thread 0x00007f72b8101800 Implicit null exception at 0x00007f731517e584 to 0x00007f731517f061
Event: 215,323 Thread 0x00007f7318559800 Implicit null exception at 0x00007f731521aac0 to 0x00007f731521ab15
Event: 215,389 Thread 0x00007f7318559800 Threw 0x00000000ec499630 at /build/buildd/openjdk-7-7u25-2.3.12/build/openjdk/hotspot/src/share/vm/prims/jni.cpp:742

Events (10 events):
Event: 266,127 Thread 0x00007f72b4005800 Thread exited: 0x00007f72b4005800
Event: 266,152 Thread 0x00007f72b4005800 Thread added: 0x00007f72b4005800
Event: 266,369 Executing VM operation: ParallelGCFailedAllocation
Event: 266,372 Executing VM operation: ParallelGCFailedAllocation done
Event: 267,091 Executing VM operation: BulkRevokeBias
Event: 267,092 Executing VM operation: BulkRevokeBias done
Event: 267,092 Executing VM operation: RevokeBias
Event: 267,092 Executing VM operation: RevokeBias done
Event: 267,092 Executing VM operation: RevokeBias
Event: 267,092 Executing VM operation: RevokeBias done


Dynamic libraries:
00400000-00401000 r-xp 00000000 08:11 109098                             /usr/lib/jvm/java-7-openjdk-amd64/jre/bin/java
00600000-00601000 r--p 00000000 08:11 109098                             /usr/lib/jvm/java-7-openjdk-amd64/jre/bin/java
00601000-00602000 rw-p 00001000 08:11 109098                             /usr/lib/jvm/java-7-openjdk-amd64/jre/bin/java
00776000-00797000 rw-p 00000000 00:00 0                                  [heap]
b9600000-bbdc0000 rw-p 00000000 00:00 0 
bbdc0000-c3c00000 rw-p 00000000 00:00 0 
c3c00000-c61c0000 rw-p 00000000 00:00 0 
c61c0000-c6430000 ---p 00000000 00:00 0 
c6430000-ebeb0000 rw-p 00000000 00:00 0 
ebeb0000-ec770000 rw-p 00000000 00:00 0 
ec770000-edbc0000 ---p 00000000 00:00 0 
edbc0000-100000000 rw-p 00000000 00:00 0 
7f72a8000000-7f72a8021000 rw-p 00000000 00:00 0 
7f72a8021000-7f72ac000000 ---p 00000000 00:00 0 
7f72ac000000-7f72ac021000 rw-p 00000000 00:00 0 
7f72ac021000-7f72b0000000 ---p 00000000 00:00 0 
7f72b0000000-7f72b002a000 rw-p 00000000 00:00 0 
7f72b002a000-7f72b4000000 ---p 00000000 00:00 0 
7f72b4000000-7f72b4021000 rw-p 00000000 00:00 0 
7f72b4021000-7f72b8000000 ---p 00000000 00:00 0 
7f72b8000000-7f72b810a000 rw-p 00000000 00:00 0 
7f72b810a000-7f72bc000000 ---p 00000000 00:00 0 
7f72bc000000-7f72bc021000 rw-p 00000000 00:00 0 
7f72bc021000-7f72c0000000 ---p 00000000 00:00 0 
7f72c0000000-7f72c0477000 rw-p 00000000 00:00 0 
7f72c0477000-7f72c4000000 ---p 00000000 00:00 0 
7f72c4000000-7f72c4021000 rw-p 00000000 00:00 0 
7f72c4021000-7f72c8000000 ---p 00000000 00:00 0 
7f72c8000000-7f72c8021000 rw-p 00000000 00:00 0 
7f72c8021000-7f72cc000000 ---p 00000000 00:00 0 
7f72cc000000-7f72cc021000 rw-p 00000000 00:00 0 
7f72cc021000-7f72d0000000 ---p 00000000 00:00 0 
7f72d0000000-7f72d0021000 rw-p 00000000 00:00 0 
7f72d0021000-7f72d4000000 ---p 00000000 00:00 0 
7f72d40ea000-7f72d44b0000 rw-s 00000000 00:04 369655849                  /SYSV00000000 (deleted)
7f72d44b0000-7f72d4876000 rw-s 00000000 00:04 369623086                  /SYSV00000000 (deleted)
7f72d4876000-7f72d487c000 rw-s 00000000 00:04 369459243                  /SYSV00000000 (deleted)
7f72d487c000-7f72d49dc000 rw-s 00000000 00:04 370901042                  /SYSV00000000 (deleted)
7f72d49dc000-7f72d4b3c000 rw-s 00000000 00:04 370868275                  /SYSV00000000 (deleted)
7f72d4b3c000-7f72d4b42000 rw-s 00000000 00:04 369360936                  /SYSV00000000 (deleted)
7f72d4b42000-7f72d4b48000 rw-s 00000000 00:04 369328167                  /SYSV00000000 (deleted)
7f72d4b48000-7f72d4b4e000 rw-s 00000000 00:04 369295397                  /SYSV00000000 (deleted)
7f72d4b4e000-7f72d4b54000 rw-s 00000000 00:04 369262630                  /SYSV00000000 (deleted)
7f72d4b54000-7f72d4cb4000 rw-s 00000000 00:04 369197087                  /SYSV00000000 (deleted)
7f72d4cb4000-7f72d4e14000 rw-s 00000000 00:04 369164318                  /SYSV00000000 (deleted)
7f72d4e14000-7f72d4e4f000 rw-s 00000000 00:04 369131549                  /SYSV00000000 (deleted)
7f72d4e4f000-7f72d4e55000 rw-s 00000000 00:04 369098780                  /SYSV00000000 (deleted)
7f72d4e55000-7f72d4e5b000 rw-s 00000000 00:04 369066011                  /SYSV00000000 (deleted)
7f72d4e5b000-7f72d4edd000 rw-s 00000000 00:04 368738317                  /SYSV00000000 (deleted)
7f72d4edd000-7f72d4f12000 rw-s 00000000 00:04 368705548                  /SYSV00000000 (deleted)
7f72d4f12000-7f72d4f16000 r-xp 00000000 08:11 1758015                    /usr/lib/x86_64-linux-gnu/gdk-pixbuf-2.0/2.10.0/loaders/libpixbufloader-png.so
7f72d4f16000-7f72d5116000 ---p 00004000 08:11 1758015                    /usr/lib/x86_64-linux-gnu/gdk-pixbuf-2.0/2.10.0/loaders/libpixbufloader-png.so
7f72d5116000-7f72d5117000 r--p 00004000 08:11 1758015                    /usr/lib/x86_64-linux-gnu/gdk-pixbuf-2.0/2.10.0/loaders/libpixbufloader-png.so
7f72d5117000-7f72d5118000 rw-p 00005000 08:11 1758015                    /usr/lib/x86_64-linux-gnu/gdk-pixbuf-2.0/2.10.0/loaders/libpixbufloader-png.so
7f72d5118000-7f72d511e000 r-xp 00000000 08:11 565161                     /lib/x86_64-linux-gnu/libnss_dns-2.17.so
7f72d511e000-7f72d531d000 ---p 00006000 08:11 565161                     /lib/x86_64-linux-gnu/libnss_dns-2.17.so
7f72d531d000-7f72d531e000 r--p 00005000 08:11 565161                     /lib/x86_64-linux-gnu/libnss_dns-2.17.so
7f72d531e000-7f72d531f000 rw-p 00006000 08:11 565161                     /lib/x86_64-linux-gnu/libnss_dns-2.17.so
7f72d531f000-7f72d5321000 r-xp 00000000 08:11 564182                     /lib/libnss_mdns4_minimal.so.2
7f72d5321000-7f72d5520000 ---p 00002000 08:11 564182                     /lib/libnss_mdns4_minimal.so.2
7f72d5520000-7f72d5521000 r--p 00001000 08:11 564182                     /lib/libnss_mdns4_minimal.so.2
7f72d5521000-7f72d5522000 rw-p 00002000 08:11 564182                     /lib/libnss_mdns4_minimal.so.2
7f72d5522000-7f72d5525000 r-xp 00000000 08:11 565167                     /lib/x86_64-linux-gnu/libnss_myhostname.so.2
7f72d5525000-7f72d5724000 ---p 00003000 08:11 565167                     /lib/x86_64-linux-gnu/libnss_myhostname.so.2
7f72d5724000-7f72d5725000 r--p 00002000 08:11 565167                     /lib/x86_64-linux-gnu/libnss_myhostname.so.2
7f72d5725000-7f72d5726000 rw-p 00003000 08:11 565167                     /lib/x86_64-linux-gnu/libnss_myhostname.so.2
7f72d572b000-7f72d573a000 rw-s 00000000 00:04 368672779                  /SYSV00000000 (deleted)
7f72d573a000-7f72d5747000 rw-s 00000000 00:04 368410701                  /SYSV00000000 (deleted)
7f72d5747000-7f72d574a000 ---p 00000000 00:00 0 
7f72d574a000-7f72d576f000 rw-p 00000000 00:00 0                          [stack:27908]
7f72d576f000-7f72d5772000 ---p 00000000 00:00 0 
7f72d5772000-7f72d5870000 rw-p 00000000 00:00 0                          [stack:27899]
7f72d5870000-7f72d587e000 rw-s 00000000 00:04 368377932                  /SYSV00000000 (deleted)
7f72d587e000-7f72d5886000 rw-s 00000000 00:04 368345161                  /SYSV00000000 (deleted)
7f72d5886000-7f72d588a000 rw-s 00000000 00:04 368312392                  /SYSV00000000 (deleted)
7f72d588a000-7f72d588d000 ---p 00000000 00:00 0 
7f72d588d000-7f72d598b000 rw-p 00000000 00:00 0                          [stack:27892]
7f72d598b000-7f72d5996000 rw-s 00000000 00:04 368279622                  /SYSV00000000 (deleted)
7f72d5996000-7f72d599e000 rw-s 00000000 00:04 368246855                  /SYSV00000000 (deleted)
7f72d599e000-7f72d59ac000 rw-s 00000000 00:04 368181317                  /SYSV00000000 (deleted)
7f72d59ac000-7f72d59b4000 rw-s 00000000 00:04 368148548                  /SYSV00000000 (deleted)
7f72d59b4000-7f72d5a36000 rw-s 00000000 00:04 368115779                  /SYSV00000000 (deleted)
7f72d5a36000-7f72d5a55000 rw-s 00000000 00:04 368083010                  /SYSV00000000 (deleted)
7f72d5a55000-7f72d5a71000 rw-s 00000000 00:04 368050241                  /SYSV00000000 (deleted)
7f72d5a71000-7f72d5a7c000 rw-s 00000000 00:04 368017471                  /SYSV00000000 (deleted)
7f72d5a7c000-7f72d5afc000 rw-s 00000000 00:04 367984700                  /SYSV00000000 (deleted)
7f72d5afc000-7f72d5b00000 rw-s 00000000 00:04 367951931                  /SYSV00000000 (deleted)
7f72d5b00000-7f72d5b60000 rw-s 00000000 00:04 367919162                  /SYSV00000000 (deleted)
7f72d5b60000-7f72d5c06000 rw-s 00000000 00:04 367886393                  /SYSV00000000 (deleted)
7f72d5c06000-7f72d5c09000 ---p 00000000 00:00 0 
7f72d5c09000-7f72d5d07000 rw-p 00000000 00:00 0                          [stack:27898]
7f72d5d07000-7f72d5d0a000 ---p 00000000 00:00 0 
7f72d5d0a000-7f72d5e08000 rw-p 00000000 00:00 0                          [stack:27851]
7f72d5e08000-7f72d5e0b000 ---p 00000000 00:00 0 
7f72d5e0b000-7f72d5f09000 rw-p 00000000 00:00 0                          [stack:27850]
7f72d5f09000-7f72d5f0c000 ---p 00000000 00:00 0 
7f72d5f0c000-7f72d600a000 rw-p 00000000 00:00 0                          [stack:27849]
7f72d600a000-7f72d6010000 r-xp 00000000 08:11 1758009                    /usr/lib/x86_64-linux-gnu/gdk-pixbuf-2.0/2.10.0/loaders/libpixbufloader-gif.so
7f72d6010000-7f72d620f000 ---p 00006000 08:11 1758009                    /usr/lib/x86_64-linux-gnu/gdk-pixbuf-2.0/2.10.0/loaders/libpixbufloader-gif.so
7f72d620f000-7f72d6210000 r--p 00005000 08:11 1758009                    /usr/lib/x86_64-linux-gnu/gdk-pixbuf-2.0/2.10.0/loaders/libpixbufloader-gif.so
7f72d6210000-7f72d6211000 rw-p 00006000 08:11 1758009                    /usr/lib/x86_64-linux-gnu/gdk-pixbuf-2.0/2.10.0/loaders/libpixbufloader-gif.so
7f72d6211000-7f72d622e000 r--s 00000000 08:11 1774600                    /usr/share/mime/mime.cache
7f72d622f000-7f72d623d000 r--p 00000000 08:11 1799369                    /usr/share/fonts/opentype/cantarell/Cantarell-Regular.otf
7f72d6265000-7f72d6268000 ---p 00000000 00:00 0 
7f72d6268000-7f72d6366000 rw-p 00000000 00:00 0 
7f72d6366000-7f72d6369000 ---p 00000000 00:00 0 
7f72d6369000-7f72d6467000 rw-p 00000000 00:00 0                          [stack:28020]
7f72d6467000-7f72d646d000 rw-s 00000000 00:04 368640009                  /SYSV00000000 (deleted)
7f72d646d000-7f72d646e000 r--s 00000000 08:05 107                        /var/cache/fontconfig/c05880de57d1f5e948fdfacc138775d9-le64.cache-4
7f72d646e000-7f72d6479000 r--s 00000000 08:05 100                        /var/cache/fontconfig/945677eb7aeaf62f1d50efc3fb3ec7d8-le64.cache-4
7f72d6479000-7f72d647b000 r--s 00000000 08:05 3499                       /var/cache/fontconfig/99e8ed0e538f840c565b6ed5dad60d56-le64.cache-4
7f72d647b000-7f72d6481000 r--s 00000000 08:05 84                         /var/cache/fontconfig/2cd17615ca594fa2959ae173292e504c-le64.cache-4
7f72d6481000-7f72d6482000 r--s 00000000 08:05 117                        /var/cache/fontconfig/e7071f4a29fa870f4323321c154eba04-le64.cache-4
7f72d6482000-7f72d6483000 r--s 00000000 08:05 81                         /var/cache/fontconfig/0d8c3b2ac0904cb8a57a757ad11a4a08-le64.cache-4
7f72d6483000-7f72d648a000 r--s 00000000 08:05 104                        /var/cache/fontconfig/a755afe4a08bf5b97852ceb7400b47bc-le64.cache-4
7f72d648a000-7f72d6496000 r--s 00000000 08:05 9000                       /var/cache/fontconfig/6d41288fd70b0be22e8c3a91e032eec0-le64.cache-4
7f72d6496000-7f72d64aa000 r--s 00000000 08:05 79                         /var/cache/fontconfig/04aabc0a78ac019cf9454389977116d2-le64.cache-4
7f72d64aa000-7f72d64ab000 r--s 00000000 08:05 83                         /var/cache/fontconfig/1ac9eb803944fde146138c791f5cc56a-le64.cache-4
7f72d64ab000-7f72d64af000 r--s 00000000 08:05 87                         /var/cache/fontconfig/385c0604a188198f04d133e54aba7fe7-le64.cache-4
7f72d64af000-7f72d64b0000 r--s 00000000 08:05 114                        /var/cache/fontconfig/dc05db6664285cc2f12bf69c139ae4c3-le64.cache-4
7f72d64b0000-7f72d64b2000 r--s 00000000 08:05 2677                       /var/cache/fontconfig/767a8244fc0220cfb567a839d0392e0b-le64.cache-4
7f72d64b2000-7f72d64b3000 r--s 00000000 08:05 88                         /var/cache/fontconfig/4794a0821666d79190d59a36cb4f44b5-le64.cache-4
7f72d64b3000-7f72d64b6000 r--s 00000000 08:05 99                         /var/cache/fontconfig/8801497958630a81b71ace7c5f9b32a8-le64.cache-4
7f72d64b6000-7f72d64bd000 r--s 00000000 08:05 85                         /var/cache/fontconfig/3047814df9a2f067bd2d96a2b9c36e5a-le64.cache-4
7f72d64bd000-7f72d64be000 r--s 00000000 08:05 90                         /var/cache/fontconfig/56cf4f4769d0f4abc89a4895d7bd3ae1-le64.cache-4
7f72d64be000-7f72d64c4000 r--s 00000000 08:05 105                        /var/cache/fontconfig/b47c4e1ecd0709278f4910c18777a504-le64.cache-4
7f72d64c4000-7f72d64d7000 r--s 00000000 08:05 8427                       /var/cache/fontconfig/d52a8644073d54c13679302ca1180695-le64.cache-4
7f72d64d7000-7f72d64e3000 r--s 00000000 08:05 2490                       /var/cache/fontconfig/d589a48862398ed80a3d6066f4f56f4c-le64.cache-4
7f72d64e3000-7f72d64e6000 r--s 00000000 08:05 1225                       /var/cache/fontconfig/e13b20fdb08344e0e664864cc2ede53d-le64.cache-4
7f72d6598000-7f72d65a8000 r-xp 00000000 08:11 84570                      /usr/lib/jvm/java-7-openjdk-amd64/jre/lib/amd64/libnio.so
7f72d65a8000-7f72d67a7000 ---p 00010000 08:11 84570                      /usr/lib/jvm/java-7-openjdk-amd64/jre/lib/amd64/libnio.so
7f72d67a7000-7f72d67a8000 r--p 0000f000 08:11 84570                      /usr/lib/jvm/java-7-openjdk-amd64/jre/lib/amd64/libnio.so
7f72d67a8000-7f72d67a9000 rw-p 00010000 08:11 84570                      /usr/lib/jvm/java-7-openjdk-amd64/jre/lib/amd64/libnio.so
7f72d67a9000-7f72d67bf000 r-xp 00000000 08:11 84574                      /usr/lib/jvm/java-7-openjdk-amd64/jre/lib/amd64/libnet.so
7f72d67bf000-7f72d69be000 ---p 00016000 08:11 84574                      /usr/lib/jvm/java-7-openjdk-amd64/jre/lib/amd64/libnet.so
7f72d69be000-7f72d69bf000 r--p 00015000 08:11 84574                      /usr/lib/jvm/java-7-openjdk-amd64/jre/lib/amd64/libnet.so
7f72d69bf000-7f72d69c0000 rw-p 00016000 08:11 84574                      /usr/lib/jvm/java-7-openjdk-amd64/jre/lib/amd64/libnet.so
7f72d69c0000-7f72d6a0c000 r-xp 00000000 08:11 84582                      /usr/lib/jvm/java-7-openjdk-amd64/jre/lib/amd64/libfontmanager.so
7f72d6a0c000-7f72d6c0b000 ---p 0004c000 08:11 84582                      /usr/lib/jvm/java-7-openjdk-amd64/jre/lib/amd64/libfontmanager.so
7f72d6c0b000-7f72d6c0e000 r--p 0004b000 08:11 84582                      /usr/lib/jvm/java-7-openjdk-amd64/jre/lib/amd64/libfontmanager.so
7f72d6c0e000-7f72d6c0f000 rw-p 0004e000 08:11 84582                      /usr/lib/jvm/java-7-openjdk-amd64/jre/lib/amd64/libfontmanager.so
7f72d6c0f000-7f72d6c16000 r-xp 00000000 08:11 1685642                    /usr/lib/x86_64-linux-gnu/libogg.so.0.8.1
7f72d6c16000-7f72d6e16000 ---p 00007000 08:11 1685642                    /usr/lib/x86_64-linux-gnu/libogg.so.0.8.1
7f72d6e16000-7f72d6e17000 r--p 00007000 08:11 1685642                    /usr/lib/x86_64-linux-gnu/libogg.so.0.8.1
7f72d6e17000-7f72d6e18000 rw-p 00008000 08:11 1685642                    /usr/lib/x86_64-linux-gnu/libogg.so.0.8.1
7f72d6e18000-7f72d6e43000 r-xp 00000000 08:11 1685858                    /usr/lib/x86_64-linux-gnu/libvorbis.so.0.4.5
7f72d6e43000-7f72d7043000 ---p 0002b000 08:11 1685858                    /usr/lib/x86_64-linux-gnu/libvorbis.so.0.4.5
7f72d7043000-7f72d7044000 r--p 0002b000 08:11 1685858                    /usr/lib/x86_64-linux-gnu/libvorbis.so.0.4.5
7f72d7044000-7f72d7045000 rw-p 0002c000 08:11 1685858                    /usr/lib/x86_64-linux-gnu/libvorbis.so.0.4.5
7f72d7045000-7f72d704e000 r-xp 00000000 08:11 1685572                    /usr/lib/x86_64-linux-gnu/libltdl.so.7.3.0
7f72d704e000-7f72d724d000 ---p 00009000 08:11 1685572                    /usr/lib/x86_64-linux-gnu/libltdl.so.7.3.0
7f72d724d000-7f72d724e000 r--p 00008000 08:11 1685572                    /usr/lib/x86_64-linux-gnu/libltdl.so.7.3.0
7f72d724e000-7f72d724f000 rw-p 00009000 08:11 1685572                    /usr/lib/x86_64-linux-gnu/libltdl.so.7.3.0
7f72d724f000-7f72d7261000 r-xp 00000000 08:11 1685804                    /usr/lib/x86_64-linux-gnu/libtdb.so.1.2.11
7f72d7261000-7f72d7460000 ---p 00012000 08:11 1685804                    /usr/lib/x86_64-linux-gnu/libtdb.so.1.2.11
7f72d7460000-7f72d7461000 r--p 00011000 08:11 1685804                    /usr/lib/x86_64-linux-gnu/libtdb.so.1.2.11
7f72d7461000-7f72d7462000 rw-p 00012000 08:11 1685804                    /usr/lib/x86_64-linux-gnu/libtdb.so.1.2.11
7f72d7462000-7f72d7469000 r-xp 00000000 08:11 1685862                    /usr/lib/x86_64-linux-gnu/libvorbisfile.so.3.3.4
7f72d7469000-7f72d7668000 ---p 00007000 08:11 1685862                    /usr/lib/x86_64-linux-gnu/libvorbisfile.so.3.3.4
7f72d7668000-7f72d7669000 r--p 00006000 08:11 1685862                    /usr/lib/x86_64-linux-gnu/libvorbisfile.so.3.3.4
7f72d7669000-7f72d766a000 rw-p 00007000 08:11 1685862                    /usr/lib/x86_64-linux-gnu/libvorbisfile.so.3.3.4
7f72d766a000-7f72d7679000 r-xp 00000000 08:11 1685126                    /usr/lib/x86_64-linux-gnu/libcanberra.so.0.2.5
7f72d7679000-7f72d7878000 ---p 0000f000 08:11 1685126                    /usr/lib/x86_64-linux-gnu/libcanberra.so.0.2.5
7f72d7878000-7f72d7879000 r--p 0000e000 08:11 1685126                    /usr/lib/x86_64-linux-gnu/libcanberra.so.0.2.5
7f72d7879000-7f72d787a000 rw-p 0000f000 08:11 1685126                    /usr/lib/x86_64-linux-gnu/libcanberra.so.0.2.5
7f72d787a000-7f72d787e000 r-xp 00000000 08:11 1685122                    /usr/lib/x86_64-linux-gnu/libcanberra-gtk.so.0.1.9
7f72d787e000-7f72d7a7d000 ---p 00004000 08:11 1685122                    /usr/lib/x86_64-linux-gnu/libcanberra-gtk.so.0.1.9
7f72d7a7d000-7f72d7a7e000 r--p 00003000 08:11 1685122                    /usr/lib/x86_64-linux-gnu/libcanberra-gtk.so.0.1.9
7f72d7a7e000-7f72d7a7f000 rw-p 00004000 08:11 1685122                    /usr/lib/x86_64-linux-gnu/libcanberra-gtk.so.0.1.9
7f72d7a7f000-7f72d7a84000 r-xp 00000000 08:11 1758122                    /usr/lib/x86_64-linux-gnu/gtk-2.0/modules/libcanberra-gtk-module.so
7f72d7a84000-7f72d7c83000 ---p 00005000 08:11 1758122                    /usr/lib/x86_64-linux-gnu/gtk-2.0/modules/libcanberra-gtk-module.so
7f72d7c83000-7f72d7c84000 r--p 00004000 08:11 1758122                    /usr/lib/x86_64-linux-gnu/gtk-2.0/modules/libcanberra-gtk-module.so
7f72d7c84000-7f72d7c85000 rw-p 00005000 08:11 1758122                    /usr/lib/x86_64-linux-gnu/gtk-2.0/modules/libcanberra-gtk-module.so
7f72d7c85000-7f72d7c8e000 r-xp 00000000 08:11 1758104                    /usr/lib/x86_64-linux-gnu/gtk-2.0/2.10.0/engines/libpixmap.so
7f72d7c8e000-7f72d7e8e000 ---p 00009000 08:11 1758104                    /usr/lib/x86_64-linux-gnu/gtk-2.0/2.10.0/engines/libpixmap.so
7f72d7e8e000-7f72d7e8f000 r--p 00009000 08:11 1758104                    /usr/lib/x86_64-linux-gnu/gtk-2.0/2.10.0/engines/libpixmap.so
7f72d7e8f000-7f72d7e90000 rw-p 0000a000 08:11 1758104                    /usr/lib/x86_64-linux-gnu/gtk-2.0/2.10.0/engines/libpixmap.so
7f72d7e90000-7f72d7e93000 ---p 00000000 00:00 0 
7f72d7e93000-7f72d7f91000 rw-p 00000000 00:00 0                          [stack:27848]
7f72d7f91000-7f72d7f94000 ---p 00000000 00:00 0 
7f72d7f94000-7f72d8092000 rw-p 00000000 00:00 0                          [stack:27847]
7f72d8092000-7f72d8096000 r-xp 00000000 08:11 565118                     /lib/x86_64-linux-gnu/libgpg-error.so.0.10.0
7f72d8096000-7f72d8295000 ---p 00004000 08:11 565118                     /lib/x86_64-linux-gnu/libgpg-error.so.0.10.0
7f72d8295000-7f72d8296000 r--p 00003000 08:11 565118                     /lib/x86_64-linux-gnu/libgpg-error.so.0.10.0
7f72d8296000-7f72d8297000 rw-p 00004000 08:11 565118                     /lib/x86_64-linux-gnu/libgpg-error.so.0.10.0
7f72d8297000-7f72d8299000 r-xp 00000000 08:11 565130                     /lib/x86_64-linux-gnu/libkeyutils.so.1.4
7f72d8299000-7f72d8499000 ---p 00002000 08:11 565130                     /lib/x86_64-linux-gnu/libkeyutils.so.1.4
7f72d8499000-7f72d849a000 r--p 00002000 08:11 565130                     /lib/x86_64-linux-gnu/libkeyutils.so.1.4
7f72d849a000-7f72d849b000 rw-p 00003000 08:11 565130                     /lib/x86_64-linux-gnu/libkeyutils.so.1.4
7f72d849b000-7f72d84b3000 r-xp 00000000 08:11 1685380                    /usr/lib/x86_64-linux-gnu/libgraphite2.so.3.0.1
7f72d84b3000-7f72d86b2000 ---p 00018000 08:11 1685380                    /usr/lib/x86_64-linux-gnu/libgraphite2.so.3.0.1
7f72d86b2000-7f72d86b4000 r--p 00017000 08:11 1685380                    /usr/lib/x86_64-linux-gnu/libgraphite2.so.3.0.1
7f72d86b4000-7f72d86b5000 rw-p 00019000 08:11 1685380                    /usr/lib/x86_64-linux-gnu/libgraphite2.so.3.0.1
7f72d86b5000-7f72d86f9000 r-xp 00000000 08:11 565099                     /lib/x86_64-linux-gnu/libdbus-1.so.3.7.4
7f72d86f9000-7f72d88f8000 ---p 00044000 08:11 565099                     /lib/x86_64-linux-gnu/libdbus-1.so.3.7.4
7f72d88f8000-7f72d88f9000 r--p 00043000 08:11 565099                     /lib/x86_64-linux-gnu/libdbus-1.so.3.7.4
7f72d88f9000-7f72d88fa000 rw-p 00044000 08:11 565099                     /lib/x86_64-linux-gnu/libdbus-1.so.3.7.4
7f72d88fa000-7f72d8918000 r-xp 00000000 08:11 1685650                    /usr/lib/x86_64-linux-gnu/libp11-kit.so.0.0.0
7f72d8918000-7f72d8b17000 ---p 0001e000 08:11 1685650                    /usr/lib/x86_64-linux-gnu/libp11-kit.so.0.0.0
7f72d8b17000-7f72d8b19000 r--p 0001d000 08:11 1685650                    /usr/lib/x86_64-linux-gnu/libp11-kit.so.0.0.0
7f72d8b19000-7f72d8b1a000 rw-p 0001f000 08:11 1685650                    /usr/lib/x86_64-linux-gnu/libp11-kit.so.0.0.0
7f72d8b1a000-7f72d8b2a000 r-xp 00000000 08:11 1685802                    /usr/lib/x86_64-linux-gnu/libtasn1.so.3.2.0
7f72d8b2a000-7f72d8d29000 ---p 00010000 08:11 1685802                    /usr/lib/x86_64-linux-gnu/libtasn1.so.3.2.0
7f72d8d29000-7f72d8d2a000 r--p 0000f000 08:11 1685802                    /usr/lib/x86_64-linux-gnu/libtasn1.so.3.2.0
7f72d8d2a000-7f72d8d2b000 rw-p 00010000 08:11 1685802                    /usr/lib/x86_64-linux-gnu/libtasn1.so.3.2.0
7f72d8d2b000-7f72d8da5000 r-xp 00000000 08:11 565114                     /lib/x86_64-linux-gnu/libgcrypt.so.11.7.0
7f72d8da5000-7f72d8fa5000 ---p 0007a000 08:11 565114                     /lib/x86_64-linux-gnu/libgcrypt.so.11.7.0
7f72d8fa5000-7f72d8fa6000 r--p 0007a000 08:11 565114                     /lib/x86_64-linux-gnu/libgcrypt.so.11.7.0
7f72d8fa6000-7f72d8fa9000 rw-p 0007b000 08:11 565114                     /lib/x86_64-linux-gnu/libgcrypt.so.11.7.0
7f72d8fa9000-7f72d8fb0000 r-xp 00000000 08:11 1685557                    /usr/lib/x86_64-linux-gnu/libkrb5support.so.0.1
7f72d8fb0000-7f72d91af000 ---p 00007000 08:11 1685557                    /usr/lib/x86_64-linux-gnu/libkrb5support.so.0.1
7f72d91af000-7f72d91b0000 r--p 00006000 08:11 1685557                    /usr/lib/x86_64-linux-gnu/libkrb5support.so.0.1
7f72d91b0000-7f72d91b1000 rw-p 00007000 08:11 1685557                    /usr/lib/x86_64-linux-gnu/libkrb5support.so.0.1
7f72d91b1000-7f72d91b4000 r-xp 00000000 08:11 565094                     /lib/x86_64-linux-gnu/libcom_err.so.2.1
7f72d91b4000-7f72d93b3000 ---p 00003000 08:11 565094                     /lib/x86_64-linux-gnu/libcom_err.so.2.1
7f72d93b3000-7f72d93b4000 r--p 00002000 08:11 565094                     /lib/x86_64-linux-gnu/libcom_err.so.2.1
7f72d93b4000-7f72d93b5000 rw-p 00003000 08:11 565094                     /lib/x86_64-linux-gnu/libcom_err.so.2.1
7f72d93b5000-7f72d93db000 r-xp 00000000 08:11 1685551                    /usr/lib/x86_64-linux-gnu/libk5crypto.so.3.1
7f72d93db000-7f72d95da000 ---p 00026000 08:11 1685551                    /usr/lib/x86_64-linux-gnu/libk5crypto.so.3.1
7f72d95da000-7f72d95db000 r--p 00025000 08:11 1685551                    /usr/lib/x86_64-linux-gnu/libk5crypto.so.3.1
7f72d95db000-7f72d95dc000 rw-p 00026000 08:11 1685551                    /usr/lib/x86_64-linux-gnu/libk5crypto.so.3.1
7f72d95dc000-7f72d95dd000 rw-p 00000000 00:00 0 
7f72d95dd000-7f72d96a2000 r-xp 00000000 08:11 1685555                    /usr/lib/x86_64-linux-gnu/libkrb5.so.3.3
7f72d96a2000-7f72d98a1000 ---p 000c5000 08:11 1685555                    /usr/lib/x86_64-linux-gnu/libkrb5.so.3.3
7f72d98a1000-7f72d98ab000 r--p 000c4000 08:11 1685555                    /usr/lib/x86_64-linux-gnu/libkrb5.so.3.3
7f72d98ab000-7f72d98ac000 rw-p 000ce000 08:11 1685555                    /usr/lib/x86_64-linux-gnu/libkrb5.so.3.3
7f72d98ac000-7f72d98b2000 r-xp 00000000 08:11 1685189                    /usr/lib/x86_64-linux-gnu/libdatrie.so.1.2.0
7f72d98b2000-7f72d9ab1000 ---p 00006000 08:11 1685189                    /usr/lib/x86_64-linux-gnu/libdatrie.so.1.2.0
7f72d9ab1000-7f72d9ab2000 r--p 00005000 08:11 1685189                    /usr/lib/x86_64-linux-gnu/libdatrie.so.1.2.0
7f72d9ab2000-7f72d9ab3000 rw-p 00006000 08:11 1685189                    /usr/lib/x86_64-linux-gnu/libdatrie.so.1.2.0
7f72d9ab3000-7f72d9b03000 r-xp 00000000 08:11 1685490                    /usr/lib/x86_64-linux-gnu/libharfbuzz.so.0.919.0
7f72d9b03000-7f72d9d03000 ---p 00050000 08:11 1685490                    /usr/lib/x86_64-linux-gnu/libharfbuzz.so.0.919.0
7f72d9d03000-7f72d9d04000 r--p 00050000 08:11 1685490                    /usr/lib/x86_64-linux-gnu/libharfbuzz.so.0.919.0
7f72d9d04000-7f72d9d05000 rw-p 00051000 08:11 1685490                    /usr/lib/x86_64-linux-gnu/libharfbuzz.so.0.919.0
7f72d9d05000-7f72d9d0d000 r-xp 00000000 08:11 1685892                    /usr/lib/x86_64-linux-gnu/libxcb-render.so.0.0.0
7f72d9d0d000-7f72d9f0c000 ---p 00008000 08:11 1685892                    /usr/lib/x86_64-linux-gnu/libxcb-render.so.0.0.0
7f72d9f0c000-7f72d9f0d000 r--p 00007000 08:11 1685892                    /usr/lib/x86_64-linux-gnu/libxcb-render.so.0.0.0
7f72d9f0d000-7f72d9f0e000 rw-p 00008000 08:11 1685892                    /usr/lib/x86_64-linux-gnu/libxcb-render.so.0.0.0
7f72d9f0e000-7f72d9f10000 r-xp 00000000 08:11 1685896                    /usr/lib/x86_64-linux-gnu/libxcb-shm.so.0.0.0
7f72d9f10000-7f72da10f000 ---p 00002000 08:11 1685896                    /usr/lib/x86_64-linux-gnu/libxcb-shm.so.0.0.0
7f72da10f000-7f72da110000 r--p 00001000 08:11 1685896                    /usr/lib/x86_64-linux-gnu/libxcb-shm.so.0.0.0
7f72da110000-7f72da111000 rw-p 00002000 08:11 1685896                    /usr/lib/x86_64-linux-gnu/libxcb-shm.so.0.0.0
7f72da111000-7f72da136000 r-xp 00000000 08:11 565198                     /lib/x86_64-linux-gnu/libpng12.so.0.49.0
7f72da136000-7f72da335000 ---p 00025000 08:11 565198                     /lib/x86_64-linux-gnu/libpng12.so.0.49.0
7f72da335000-7f72da336000 r--p 00024000 08:11 565198                     /lib/x86_64-linux-gnu/libpng12.so.0.49.0
7f72da336000-7f72da337000 rw-p 00025000 08:11 565198                     /lib/x86_64-linux-gnu/libpng12.so.0.49.0
7f72da337000-7f72da3d8000 r-xp 00000000 08:11 1685680                    /usr/lib/x86_64-linux-gnu/libpixman-1.so.0.30.2
7f72da3d8000-7f72da5d8000 ---p 000a1000 08:11 1685680                    /usr/lib/x86_64-linux-gnu/libpixman-1.so.0.30.2
7f72da5d8000-7f72da5df000 r--p 000a1000 08:11 1685680                    /usr/lib/x86_64-linux-gnu/libpixman-1.so.0.30.2
7f72da5df000-7f72da5e0000 rw-p 000a8000 08:11 1685680                    /usr/lib/x86_64-linux-gnu/libpixman-1.so.0.30.2
7f72da5e0000-7f72da5e5000 r-xp 00000000 08:11 1685014                    /usr/lib/x86_64-linux-gnu/libXdmcp.so.6.0.0
7f72da5e5000-7f72da7e4000 ---p 00005000 08:11 1685014                    /usr/lib/x86_64-linux-gnu/libXdmcp.so.6.0.0
7f72da7e4000-7f72da7e5000 r--p 00004000 08:11 1685014                    /usr/lib/x86_64-linux-gnu/libXdmcp.so.6.0.0
7f72da7e5000-7f72da7e6000 rw-p 00005000 08:11 1685014                    /usr/lib/x86_64-linux-gnu/libXdmcp.so.6.0.0
7f72da7e6000-7f72da7e8000 r-xp 00000000 08:11 1685003                    /usr/lib/x86_64-linux-gnu/libXau.so.6.0.0
7f72da7e8000-7f72da9e8000 ---p 00002000 08:11 1685003                    /usr/lib/x86_64-linux-gnu/libXau.so.6.0.0
7f72da9e8000-7f72da9e9000 r--p 00002000 08:11 1685003                    /usr/lib/x86_64-linux-gnu/libXau.so.6.0.0
7f72da9e9000-7f72da9ea000 rw-p 00003000 08:11 1685003                    /usr/lib/x86_64-linux-gnu/libXau.so.6.0.0
7f72da9ea000-7f72da9f9000 r-xp 00000000 08:11 1685092                    /usr/lib/x86_64-linux-gnu/libavahi-client.so.3.2.9
7f72da9f9000-7f72dabf9000 ---p 0000f000 08:11 1685092                    /usr/lib/x86_64-linux-gnu/libavahi-client.so.3.2.9
7f72dabf9000-7f72dabfa000 r--p 0000f000 08:11 1685092                    /usr/lib/x86_64-linux-gnu/libavahi-client.so.3.2.9
7f72dabfa000-7f72dabfb000 rw-p 00010000 08:11 1685092                    /usr/lib/x86_64-linux-gnu/libavahi-client.so.3.2.9
7f72dabfb000-7f72dac06000 r-xp 00000000 08:11 1685094                    /usr/lib/x86_64-linux-gnu/libavahi-common.so.3.5.3
7f72dac06000-7f72dae05000 ---p 0000b000 08:11 1685094                    /usr/lib/x86_64-linux-gnu/libavahi-common.so.3.5.3
7f72dae05000-7f72dae06000 r--p 0000a000 08:11 1685094                    /usr/lib/x86_64-linux-gnu/libavahi-common.so.3.5.3
7f72dae06000-7f72dae07000 rw-p 0000b000 08:11 1685094                    /usr/lib/x86_64-linux-gnu/libavahi-common.so.3.5.3
7f72dae07000-7f72daebd000 r-xp 00000000 08:11 1685356                    /usr/lib/x86_64-linux-gnu/libgnutls.so.26.22.6
7f72daebd000-7f72db0bd000 ---p 000b6000 08:11 1685356                    /usr/lib/x86_64-linux-gnu/libgnutls.so.26.22.6
7f72db0bd000-7f72db0c3000 r--p 000b6000 08:11 1685356                    /usr/lib/x86_64-linux-gnu/libgnutls.so.26.22.6
7f72db0c3000-7f72db0c4000 rw-p 000bc000 08:11 1685356                    /usr/lib/x86_64-linux-gnu/libgnutls.so.26.22.6
7f72db0c4000-7f72db0c5000 rw-p 00000000 00:00 0 
7f72db0c5000-7f72db100000 r-xp 00000000 08:11 1685388                    /usr/lib/x86_64-linux-gnu/libgssapi_krb5.so.2.2
7f72db100000-7f72db300000 ---p 0003b000 08:11 1685388                    /usr/lib/x86_64-linux-gnu/libgssapi_krb5.so.2.2
7f72db300000-7f72db301000 r--p 0003b000 08:11 1685388                    /usr/lib/x86_64-linux-gnu/libgssapi_krb5.so.2.2
7f72db301000-7f72db303000 rw-p 0003c000 08:11 1685388                    /usr/lib/x86_64-linux-gnu/libgssapi_krb5.so.2.2
7f72db303000-7f72db340000 r-xp 00000000 08:11 565186                     /lib/x86_64-linux-gnu/libpcre.so.3.13.1
7f72db340000-7f72db540000 ---p 0003d000 08:11 565186                     /lib/x86_64-linux-gnu/libpcre.so.3.13.1
7f72db540000-7f72db541000 r--p 0003d000 08:11 565186                     /lib/x86_64-linux-gnu/libpcre.so.3.13.1
7f72db541000-7f72db542000 rw-p 0003e000 08:11 565186                     /lib/x86_64-linux-gnu/libpcre.so.3.13.1
7f72db542000-7f72db549000 r-xp 00000000 08:11 1685246                    /usr/lib/x86_64-linux-gnu/libffi.so.6.0.1
7f72db549000-7f72db748000 ---p 00007000 08:11 1685246                    /usr/lib/x86_64-linux-gnu/libffi.so.6.0.1
7f72db748000-7f72db749000 r--p 00006000 08:11 1685246                    /usr/lib/x86_64-linux-gnu/libffi.so.6.0.1
7f72db749000-7f72db74a000 rw-p 00007000 08:11 1685246                    /usr/lib/x86_64-linux-gnu/libffi.so.6.0.1
7f72db74a000-7f72db771000 r-xp 00000000 08:11 565107                     /lib/x86_64-linux-gnu/libexpat.so.1.6.0
7f72db771000-7f72db971000 ---p 00027000 08:11 565107                     /lib/x86_64-linux-gnu/libexpat.so.1.6.0
7f72db971000-7f72db973000 r--p 00027000 08:11 565107                     /lib/x86_64-linux-gnu/libexpat.so.1.6.0
7f72db973000-7f72db974000 rw-p 00029000 08:11 565107                     /lib/x86_64-linux-gnu/libexpat.so.1.6.0
7f72db974000-7f72dba10000 r-xp 00000000 08:11 1685272                    /usr/lib/x86_64-linux-gnu/libfreetype.so.6.10.1
7f72dba10000-7f72dbc10000 ---p 0009c000 08:11 1685272                    /usr/lib/x86_64-linux-gnu/libfreetype.so.6.10.1
7f72dbc10000-7f72dbc15000 r--p 0009c000 08:11 1685272                    /usr/lib/x86_64-linux-gnu/libfreetype.so.6.10.1
7f72dbc15000-7f72dbc16000 rw-p 000a1000 08:11 1685272                    /usr/lib/x86_64-linux-gnu/libfreetype.so.6.10.1
7f72dbc16000-7f72dbc1e000 r-xp 00000000 08:11 1685814                    /usr/lib/x86_64-linux-gnu/libthai.so.0.2.0
7f72dbc1e000-7f72dbe1d000 ---p 00008000 08:11 1685814                    /usr/lib/x86_64-linux-gnu/libthai.so.0.2.0
7f72dbe1d000-7f72dbe1e000 r--p 00007000 08:11 1685814                    /usr/lib/x86_64-linux-gnu/libthai.so.0.2.0
7f72dbe1e000-7f72dbe1f000 rw-p 00008000 08:11 1685814                    /usr/lib/x86_64-linux-gnu/libthai.so.0.2.0
7f72dbe1f000-7f72dbe35000 r-xp 00000000 08:11 565209                     /lib/x86_64-linux-gnu/libresolv-2.17.so
7f72dbe35000-7f72dc035000 ---p 00016000 08:11 565209                     /lib/x86_64-linux-gnu/libresolv-2.17.so
7f72dc035000-7f72dc036000 r--p 00016000 08:11 565209                     /lib/x86_64-linux-gnu/libresolv-2.17.so
7f72dc036000-7f72dc037000 rw-p 00017000 08:11 565209                     /lib/x86_64-linux-gnu/libresolv-2.17.so
7f72dc037000-7f72dc039000 rw-p 00000000 00:00 0 
7f72dc039000-7f72dc058000 r-xp 00000000 08:11 565213                     /lib/x86_64-linux-gnu/libselinux.so.1
7f72dc058000-7f72dc258000 ---p 0001f000 08:11 565213                     /lib/x86_64-linux-gnu/libselinux.so.1
7f72dc258000-7f72dc259000 r--p 0001f000 08:11 565213                     /lib/x86_64-linux-gnu/libselinux.so.1
7f72dc259000-7f72dc25a000 rw-p 00020000 08:11 565213                     /lib/x86_64-linux-gnu/libselinux.so.1
7f72dc25a000-7f72dc25b000 rw-p 00000000 00:00 0 
7f72dc25b000-7f72dc25d000 r-xp 00000000 08:11 1685012                    /usr/lib/x86_64-linux-gnu/libXdamage.so.1.1.0
7f72dc25d000-7f72dc45c000 ---p 00002000 08:11 1685012                    /usr/lib/x86_64-linux-gnu/libXdamage.so.1.1.0
7f72dc45c000-7f72dc45d000 r--p 00001000 08:11 1685012                    /usr/lib/x86_64-linux-gnu/libXdamage.so.1.1.0
7f72dc45d000-7f72dc45e000 rw-p 00002000 08:11 1685012                    /usr/lib/x86_64-linux-gnu/libXdamage.so.1.1.0
7f72dc45e000-7f72dc460000 r-xp 00000000 08:11 1685008                    /usr/lib/x86_64-linux-gnu/libXcomposite.so.1.0.0
7f72dc460000-7f72dc65f000 ---p 00002000 08:11 1685008                    /usr/lib/x86_64-linux-gnu/libXcomposite.so.1.0.0
7f72dc65f000-7f72dc660000 r--p 00001000 08:11 1685008                    /usr/lib/x86_64-linux-gnu/libXcomposite.so.1.0.0
7f72dc660000-7f72dc661000 rw-p 00002000 08:11 1685008                    /usr/lib/x86_64-linux-gnu/libXcomposite.so.1.0.0
7f72dc661000-7f72dc66a000 r-xp 00000000 08:11 1685010                    /usr/lib/x86_64-linux-gnu/libXcursor.so.1.0.2
7f72dc66a000-7f72dc869000 ---p 00009000 08:11 1685010                    /usr/lib/x86_64-linux-gnu/libXcursor.so.1.0.2
7f72dc869000-7f72dc86a000 r--p 00008000 08:11 1685010                    /usr/lib/x86_64-linux-gnu/libXcursor.so.1.0.2
7f72dc86a000-7f72dc86b000 rw-p 00009000 08:11 1685010                    /usr/lib/x86_64-linux-gnu/libXcursor.so.1.0.2
7f72dc86b000-7f72dc874000 r-xp 00000000 08:11 1685036                    /usr/lib/x86_64-linux-gnu/libXrandr.so.2.2.0
7f72dc874000-7f72dca73000 ---p 00009000 08:11 1685036                    /usr/lib/x86_64-linux-gnu/libXrandr.so.2.2.0
7f72dca73000-7f72dca74000 r--p 00008000 08:11 1685036                    /usr/lib/x86_64-linux-gnu/libXrandr.so.2.2.0
7f72dca74000-7f72dca75000 rw-p 00009000 08:11 1685036                    /usr/lib/x86_64-linux-gnu/libXrandr.so.2.2.0
7f72dca75000-7f72dca77000 r-xp 00000000 08:11 1685026                    /usr/lib/x86_64-linux-gnu/libXinerama.so.1.0.0
7f72dca77000-7f72dcc76000 ---p 00002000 08:11 1685026                    /usr/lib/x86_64-linux-gnu/libXinerama.so.1.0.0
7f72dcc76000-7f72dcc77000 r--p 00001000 08:11 1685026                    /usr/lib/x86_64-linux-gnu/libXinerama.so.1.0.0
7f72dcc77000-7f72dcc78000 rw-p 00002000 08:11 1685026                    /usr/lib/x86_64-linux-gnu/libXinerama.so.1.0.0
7f72dcc78000-7f72dcc8c000 r-xp 00000000 08:11 1685662                    /usr/lib/x86_64-linux-gnu/libpangoft2-1.0.so.0.3200.5
7f72dcc8c000-7f72dce8b000 ---p 00014000 08:11 1685662                    /usr/lib/x86_64-linux-gnu/libpangoft2-1.0.so.0.3200.5
7f72dce8b000-7f72dce8c000 r--p 00013000 08:11 1685662                    /usr/lib/x86_64-linux-gnu/libpangoft2-1.0.so.0.3200.5
7f72dce8c000-7f72dce8d000 rw-p 00014000 08:11 1685662                    /usr/lib/x86_64-linux-gnu/libpangoft2-1.0.so.0.3200.5
7f72dce8d000-7f72dcf91000 r-xp 00000000 08:11 1685118                    /usr/lib/x86_64-linux-gnu/libcairo.so.2.11200.16
7f72dcf91000-7f72dd190000 ---p 00104000 08:11 1685118                    /usr/lib/x86_64-linux-gnu/libcairo.so.2.11200.16
7f72dd190000-7f72dd193000 r--p 00103000 08:11 1685118                    /usr/lib/x86_64-linux-gnu/libcairo.so.2.11200.16
7f72dd193000-7f72dd194000 rw-p 00106000 08:11 1685118                    /usr/lib/x86_64-linux-gnu/libcairo.so.2.11200.16
7f72dd194000-7f72dd196000 rw-p 00000000 00:00 0 
7f72dd196000-7f72dd1b5000 r-xp 00000000 08:11 1685082                    /usr/lib/x86_64-linux-gnu/libatk-1.0.so.0.21009.1
7f72dd1b5000-7f72dd3b5000 ---p 0001f000 08:11 1685082                    /usr/lib/x86_64-linux-gnu/libatk-1.0.so.0.21009.1
7f72dd3b5000-7f72dd3b7000 r--p 0001f000 08:11 1685082                    /usr/lib/x86_64-linux-gnu/libatk-1.0.so.0.21009.1
7f72dd3b7000-7f72dd3b8000 rw-p 00021000 08:11 1685082                    /usr/lib/x86_64-linux-gnu/libatk-1.0.so.0.21009.1
7f72dd3b8000-7f72dd3bd000 r-xp 00000000 08:11 1685018                    /usr/lib/x86_64-linux-gnu/libXfixes.so.3.1.0
7f72dd3bd000-7f72dd5bc000 ---p 00005000 08:11 1685018                    /usr/lib/x86_64-linux-gnu/libXfixes.so.3.1.0
7f72dd5bc000-7f72dd5bd000 r--p 00004000 08:11 1685018                    /usr/lib/x86_64-linux-gnu/libXfixes.so.3.1.0
7f72dd5bd000-7f72dd5be000 rw-p 00005000 08:11 1685018                    /usr/lib/x86_64-linux-gnu/libXfixes.so.3.1.0
7f72dd5be000-7f72dd5c9000 r-xp 00000000 08:11 1685660                    /usr/lib/x86_64-linux-gnu/libpangocairo-1.0.so.0.3200.5
7f72dd5c9000-7f72dd7c9000 ---p 0000b000 08:11 1685660                    /usr/lib/x86_64-linux-gnu/libpangocairo-1.0.so.0.3200.5
7f72dd7c9000-7f72dd7ca000 r--p 0000b000 08:11 1685660                    /usr/lib/x86_64-linux-gnu/libpangocairo-1.0.so.0.3200.5
7f72dd7ca000-7f72dd7cb000 rw-p 0000c000 08:11 1685660                    /usr/lib/x86_64-linux-gnu/libpangocairo-1.0.so.0.3200.5
7f72dd7cb000-7f72dd7ce000 r-xp 00000000 08:11 1685344                    /usr/lib/x86_64-linux-gnu/libgmodule-2.0.so.0.3800.0
7f72dd7ce000-7f72dd9cd000 ---p 00003000 08:11 1685344                    /usr/lib/x86_64-linux-gnu/libgmodule-2.0.so.0.3800.0
7f72dd9cd000-7f72dd9ce000 r--p 00002000 08:11 1685344                    /usr/lib/x86_64-linux-gnu/libgmodule-2.0.so.0.3800.0
7f72dd9ce000-7f72dd9cf000 rw-p 00003000 08:11 1685344                    /usr/lib/x86_64-linux-gnu/libgmodule-2.0.so.0.3800.0
7f72dd9cf000-7f72dd9ec000 r-xp 00000000 08:11 1685902                    /usr/lib/x86_64-linux-gnu/libxcb.so.1.1.0
7f72dd9ec000-7f72ddbeb000 ---p 0001d000 08:11 1685902                    /usr/lib/x86_64-linux-gnu/libxcb.so.1.1.0
7f72ddbeb000-7f72ddbec000 r--p 0001c000 08:11 1685902                    /usr/lib/x86_64-linux-gnu/libxcb.so.1.1.0
7f72ddbec000-7f72ddbed000 rw-p 0001d000 08:11 1685902                    /usr/lib/x86_64-linux-gnu/libxcb.so.1.1.0
7f72ddbed000-7f72ddc59000 r-xp 00000000 08:11 1685175                    /usr/lib/x86_64-linux-gnu/libcups.so.2
7f72ddc59000-7f72dde58000 ---p 0006c000 08:11 1685175                    /usr/lib/x86_64-linux-gnu/libcups.so.2
7f72dde58000-7f72dde5f000 r--p 0006b000 08:11 1685175                    /usr/lib/x86_64-linux-gnu/libcups.so.2
7f72dde5f000-7f72dde60000 rw-p 00072000 08:11 1685175                    /usr/lib/x86_64-linux-gnu/libcups.so.2
7f72dde60000-7f72ddf5e000 r-xp 00000000 08:11 565116                     /lib/x86_64-linux-gnu/libglib-2.0.so.0.3800.0
7f72ddf5e000-7f72de15e000 ---p 000fe000 08:11 565116                     /lib/x86_64-linux-gnu/libglib-2.0.so.0.3800.0
7f72de15e000-7f72de15f000 r--p 000fe000 08:11 565116                     /lib/x86_64-linux-gnu/libglib-2.0.so.0.3800.0
7f72de15f000-7f72de160000 rw-p 000ff000 08:11 565116                     /lib/x86_64-linux-gnu/libglib-2.0.so.0.3800.0
7f72de160000-7f72de161000 rw-p 00000000 00:00 0 
7f72de161000-7f72de1b0000 r-xp 00000000 08:11 1685362                    /usr/lib/x86_64-linux-gnu/libgobject-2.0.so.0.3800.0
7f72de1b0000-7f72de3b0000 ---p 0004f000 08:11 1685362                    /usr/lib/x86_64-linux-gnu/libgobject-2.0.so.0.3800.0
7f72de3b0000-7f72de3b1000 r--p 0004f000 08:11 1685362                    /usr/lib/x86_64-linux-gnu/libgobject-2.0.so.0.3800.0
7f72de3b1000-7f72de3b2000 rw-p 00050000 08:11 1685362                    /usr/lib/x86_64-linux-gnu/libgobject-2.0.so.0.3800.0
7f72de3b2000-7f72de3eb000 r-xp 00000000 08:11 1685260                    /usr/lib/x86_64-linux-gnu/libfontconfig.so.1.7.0
7f72de3eb000-7f72de5eb000 ---p 00039000 08:11 1685260                    /usr/lib/x86_64-linux-gnu/libfontconfig.so.1.7.0
7f72de5eb000-7f72de5ed000 r--p 00039000 08:11 1685260                    /usr/lib/x86_64-linux-gnu/libfontconfig.so.1.7.0
7f72de5ed000-7f72de5ee000 rw-p 0003b000 08:11 1685260                    /usr/lib/x86_64-linux-gnu/libfontconfig.so.1.7.0
7f72de5ee000-7f72de638000 r-xp 00000000 08:11 1685658                    /usr/lib/x86_64-linux-gnu/libpango-1.0.so.0.3200.5
7f72de638000-7f72de837000 ---p 0004a000 08:11 1685658                    /usr/lib/x86_64-linux-gnu/libpango-1.0.so.0.3200.5
7f72de837000-7f72de839000 r--p 00049000 08:11 1685658                    /usr/lib/x86_64-linux-gnu/libpango-1.0.so.0.3200.5
7f72de839000-7f72de83a000 rw-p 0004b000 08:11 1685658                    /usr/lib/x86_64-linux-gnu/libpango-1.0.so.0.3200.5
7f72de83a000-7f72de859000 r-xp 00000000 08:11 1685309                    /usr/lib/x86_64-linux-gnu/libgdk_pixbuf-2.0.so.0.2800.1
7f72de859000-7f72dea58000 ---p 0001f000 08:11 1685309                    /usr/lib/x86_64-linux-gnu/libgdk_pixbuf-2.0.so.0.2800.1
7f72dea58000-7f72dea59000 r--p 0001e000 08:11 1685309                    /usr/lib/x86_64-linux-gnu/libgdk_pixbuf-2.0.so.0.2800.1
7f72dea59000-7f72dea5a000 rw-p 0001f000 08:11 1685309                    /usr/lib/x86_64-linux-gnu/libgdk_pixbuf-2.0.so.0.2800.1
7f72dea5a000-7f72debb6000 r-xp 00000000 08:11 1685332                    /usr/lib/x86_64-linux-gnu/libgio-2.0.so.0.3800.0
7f72debb6000-7f72dedb5000 ---p 0015c000 08:11 1685332                    /usr/lib/x86_64-linux-gnu/libgio-2.0.so.0.3800.0
7f72dedb5000-7f72dedb9000 r--p 0015b000 08:11 1685332                    /usr/lib/x86_64-linux-gnu/libgio-2.0.so.0.3800.0
7f72dedb9000-7f72dedbb000 rw-p 0015f000 08:11 1685332                    /usr/lib/x86_64-linux-gnu/libgio-2.0.so.0.3800.0
7f72dedbb000-7f72dedbd000 rw-p 00000000 00:00 0 
7f72dedbd000-7f72dee6a000 r-xp 00000000 08:11 1685307                    /usr/lib/x86_64-linux-gnu/libgdk-x11-2.0.so.0.2400.20
7f72dee6a000-7f72df069000 ---p 000ad000 08:11 1685307                    /usr/lib/x86_64-linux-gnu/libgdk-x11-2.0.so.0.2400.20
7f72df069000-7f72df06d000 r--p 000ac000 08:11 1685307                    /usr/lib/x86_64-linux-gnu/libgdk-x11-2.0.so.0.2400.20
7f72df06d000-7f72df06f000 rw-p 000b0000 08:11 1685307                    /usr/lib/x86_64-linux-gnu/libgdk-x11-2.0.so.0.2400.20
7f72df06f000-7f72df49e000 r-xp 00000000 08:11 1685472                    /usr/lib/x86_64-linux-gnu/libgtk-x11-2.0.so.0.2400.20
7f72df49e000-7f72df69d000 ---p 0042f000 08:11 1685472                    /usr/lib/x86_64-linux-gnu/libgtk-x11-2.0.so.0.2400.20
7f72df69d000-7f72df6a4000 r--p 0042e000 08:11 1685472                    /usr/lib/x86_64-linux-gnu/libgtk-x11-2.0.so.0.2400.20
7f72df6a4000-7f72df6a8000 rw-p 00435000 08:11 1685472                    /usr/lib/x86_64-linux-gnu/libgtk-x11-2.0.so.0.2400.20
7f72df6a8000-7f72df6ab000 rw-p 00000000 00:00 0 
7f72df6ab000-7f72df6ba000 r-xp 00000000 08:11 1685024                    /usr/lib/x86_64-linux-gnu/libXi.so.6.1.0
7f72df6ba000-7f72df8b9000 ---p 0000f000 08:11 1685024                    /usr/lib/x86_64-linux-gnu/libXi.so.6.1.0
7f72df8b9000-7f72df8ba000 r--p 0000e000 08:11 1685024                    /usr/lib/x86_64-linux-gnu/libXi.so.6.1.0
7f72df8ba000-7f72df8bb000 rw-p 0000f000 08:11 1685024                    /usr/lib/x86_64-linux-gnu/libXi.so.6.1.0
7f72df8bb000-7f72df8c0000 r-xp 00000000 08:11 1685044                    /usr/lib/x86_64-linux-gnu/libXtst.so.6.1.0
7f72df8c0000-7f72dfabf000 ---p 00005000 08:11 1685044                    /usr/lib/x86_64-linux-gnu/libXtst.so.6.1.0
7f72dfabf000-7f72dfac0000 r--p 00004000 08:11 1685044                    /usr/lib/x86_64-linux-gnu/libXtst.so.6.1.0
7f72dfac0000-7f72dfac1000 rw-p 00005000 08:11 1685044                    /usr/lib/x86_64-linux-gnu/libXtst.so.6.1.0
7f72dfac1000-7f72dfaca000 r-xp 00000000 08:11 1685038                    /usr/lib/x86_64-linux-gnu/libXrender.so.1.3.0
7f72dfaca000-7f72dfcc9000 ---p 00009000 08:11 1685038                    /usr/lib/x86_64-linux-gnu/libXrender.so.1.3.0
7f72dfcc9000-7f72dfcca000 r--p 00008000 08:11 1685038                    /usr/lib/x86_64-linux-gnu/libXrender.so.1.3.0
7f72dfcca000-7f72dfccb000 rw-p 00009000 08:11 1685038                    /usr/lib/x86_64-linux-gnu/libXrender.so.1.3.0
7f72dfccb000-7f72dfdfb000 r-xp 00000000 08:11 1684999                    /usr/lib/x86_64-linux-gnu/libX11.so.6.3.0
7f72dfdfb000-7f72dfffb000 ---p 00130000 08:11 1684999                    /usr/lib/x86_64-linux-gnu/libX11.so.6.3.0
7f72dfffb000-7f72dfffc000 r--p 00130000 08:11 1684999                    /usr/lib/x86_64-linux-gnu/libX11.so.6.3.0
7f72dfffc000-7f72e0000000 rw-p 00131000 08:11 1684999                    /usr/lib/x86_64-linux-gnu/libX11.so.6.3.0
7f72e0000000-7f72e0021000 rw-p 00000000 00:00 0 
7f72e0021000-7f72e4000000 ---p 00000000 00:00 0 
7f72e4000000-7f72e4021000 rw-p 00000000 00:00 0 
7f72e4021000-7f72e8000000 ---p 00000000 00:00 0 
7f72e8000000-7f72e8c2d000 rw-p 00000000 00:00 0 
7f72e8c2d000-7f72ec000000 ---p 00000000 00:00 0 
7f72ec000000-7f72ecadc000 rw-p 00000000 00:00 0 
7f72ecadc000-7f72f0000000 ---p 00000000 00:00 0 
7f72f0000000-7f72f0021000 rw-p 00000000 00:00 0 
7f72f0021000-7f72f4000000 ---p 00000000 00:00 0 
7f72f4000000-7f72f4021000 rw-p 00000000 00:00 0 
7f72f4021000-7f72f8000000 ---p 00000000 00:00 0 
7f72f8000000-7f72f8021000 rw-p 00000000 00:00 0 
7f72f8021000-7f72fc000000 ---p 00000000 00:00 0 
7f72fc000000-7f72fc021000 rw-p 00000000 00:00 0 
7f72fc021000-7f7300000000 ---p 00000000 00:00 0 
7f7300000000-7f7300021000 rw-p 00000000 00:00 0 
7f7300021000-7f7304000000 ---p 00000000 00:00 0 
7f7304000000-7f7304021000 rw-p 00000000 00:00 0 
7f7304021000-7f7308000000 ---p 00000000 00:00 0 
7f7308000000-7f7308021000 rw-p 00000000 00:00 0 
7f7308021000-7f730c000000 ---p 00000000 00:00 0 
7f730c000000-7f730c001000 r--s 00000000 08:05 106                        /var/cache/fontconfig/b9d506c9ac06c20b433354fa67a72993-le64.cache-4
7f730c001000-7f730c002000 r-xp 00000000 08:11 1685468                    /usr/lib/x86_64-linux-gnu/libgthread-2.0.so.0.3800.0
7f730c002000-7f730c201000 ---p 00001000 08:11 1685468                    /usr/lib/x86_64-linux-gnu/libgthread-2.0.so.0.3800.0
7f730c201000-7f730c202000 r--p 00000000 08:11 1685468                    /usr/lib/x86_64-linux-gnu/libgthread-2.0.so.0.3800.0
7f730c202000-7f730c203000 rw-p 00001000 08:11 1685468                    /usr/lib/x86_64-linux-gnu/libgthread-2.0.so.0.3800.0
7f730c203000-7f730c214000 r-xp 00000000 08:11 1685016                    /usr/lib/x86_64-linux-gnu/libXext.so.6.4.0
7f730c214000-7f730c413000 ---p 00011000 08:11 1685016                    /usr/lib/x86_64-linux-gnu/libXext.so.6.4.0
7f730c413000-7f730c414000 r--p 00010000 08:11 1685016                    /usr/lib/x86_64-linux-gnu/libXext.so.6.4.0
7f730c414000-7f730c415000 rw-p 00011000 08:11 1685016                    /usr/lib/x86_64-linux-gnu/libXext.so.6.4.0
7f730c415000-7f730c466000 r-xp 00000000 08:11 117162                     /usr/lib/jvm/java-7-openjdk-amd64/jre/lib/amd64/xawt/libmawt.so
7f730c466000-7f730c665000 ---p 00051000 08:11 117162                     /usr/lib/jvm/java-7-openjdk-amd64/jre/lib/amd64/xawt/libmawt.so
7f730c665000-7f730c666000 r--p 00050000 08:11 117162                     /usr/lib/jvm/java-7-openjdk-amd64/jre/lib/amd64/xawt/libmawt.so
7f730c666000-7f730c669000 rw-p 00051000 08:11 117162                     /usr/lib/jvm/java-7-openjdk-amd64/jre/lib/amd64/xawt/libmawt.so
7f730c669000-7f730c66a000 rw-p 00000000 00:00 0 
7f730c66a000-7f730c70b000 r-xp 00000000 08:11 84586                      /usr/lib/jvm/java-7-openjdk-amd64/jre/lib/amd64/libawt.so
7f730c70b000-7f730c90a000 ---p 000a1000 08:11 84586                      /usr/lib/jvm/java-7-openjdk-amd64/jre/lib/amd64/libawt.so
7f730c90a000-7f730c90b000 r--p 000a0000 08:11 84586                      /usr/lib/jvm/java-7-openjdk-amd64/jre/lib/amd64/libawt.so
7f730c90b000-7f730c916000 rw-p 000a1000 08:11 84586                      /usr/lib/jvm/java-7-openjdk-amd64/jre/lib/amd64/libawt.so
7f730c916000-7f730c93b000 rw-p 00000000 00:00 0 
7f730c93b000-7f730c9bf000 r-xp 00000000 08:06 47                         /tmp/sqlite-3.7.2-libsqlitejdbc.so
7f730c9bf000-7f730cbbf000 ---p 00084000 08:06 47                         /tmp/sqlite-3.7.2-libsqlitejdbc.so
7f730cbbf000-7f730cbc0000 r--p 00084000 08:06 47                         /tmp/sqlite-3.7.2-libsqlitejdbc.so
7f730cbc0000-7f730cbc3000 rw-p 00085000 08:06 47                         /tmp/sqlite-3.7.2-libsqlitejdbc.so
7f730cbc3000-7f730cbc4000 ---p 00000000 00:00 0 
7f730cbc4000-7f730ccc4000 rw-p 00000000 00:00 0                          [stack:27846]
7f730ccc4000-7f730ccc7000 ---p 00000000 00:00 0 
7f730ccc7000-7f730cdc5000 rw-p 00000000 00:00 0                          [stack:27845]
7f730cdc5000-7f730cdc8000 ---p 00000000 00:00 0 
7f730cdc8000-7f730cec6000 rw-p 00000000 00:00 0                          [stack:27844]
7f730cec6000-7f730cec9000 ---p 00000000 00:00 0 
7f730cec9000-7f730cfc7000 rw-p 00000000 00:00 0                          [stack:27843]
7f730cfc7000-7f730cfca000 ---p 00000000 00:00 0 
7f730cfca000-7f730d0c8000 rw-p 00000000 00:00 0                          [stack:27842]
7f730d0c8000-7f730d7ab000 r--p 00000000 08:11 1678019                    /usr/lib/locale/locale-archive
7f730d7ab000-7f730d7ae000 ---p 00000000 00:00 0 
7f730d7ae000-7f730d8ac000 rw-p 00000000 00:00 0                          [stack:27841]
7f730d8ac000-7f730d8af000 ---p 00000000 00:00 0 
7f730d8af000-7f730d9ad000 rw-p 00000000 00:00 0                          [stack:27840]
7f730d9ad000-7f730d9ae000 ---p 00000000 00:00 0 
7f730d9ae000-7f7310000000 rw-p 00000000 00:00 0                          [stack:27839]
7f7310000000-7f7310021000 rw-p 00000000 00:00 0 
7f7310021000-7f7314000000 ---p 00000000 00:00 0 
7f7314000000-7f7314001000 r--s 00000000 08:05 80                         /var/cache/fontconfig/0c9eb80ebd1c36541ebe2852d3bb0c49-le64.cache-4
7f7314001000-7f7314005000 r--s 00000000 08:05 1226                       /var/cache/fontconfig/7ef2298fde41cc6eeb7af42e48b7d293-le64.cache-4
7f7314031000-7f7314032000 rw-p 00000000 00:00 0 
7f7314032000-7f731403d000 rw-s 00000000 00:04 369918001                  /SYSV00000000 (deleted)
7f731403d000-7f7314048000 rw-s 00000000 00:04 369885232                  /SYSV00000000 (deleted)
7f7314048000-7f7314053000 rw-s 00000000 00:04 369852463                  /SYSV00000000 (deleted)
7f7314053000-7f7314061000 rw-s 00000000 00:04 369819693                  /SYSV00000000 (deleted)
7f7314061000-7f731406a000 r--s 000bc000 08:11 1875034                    /usr/lib/jvm/java-7-openjdk-common/jre/lib/resources.jar
7f731406a000-7f7314077000 r--s 00087000 08:08 13500606                   /home/sapk/Documents/NetBeansProjects/jrecon/jRecon/lib/prefuse.jar
7f7314077000-7f7314e53000 rw-p 00000000 00:00 0 
7f7314e53000-7f7315000000 r--s 01cec000 08:11 84556                      /usr/lib/jvm/java-7-openjdk-amd64/jre/lib/rt.jar
7f7315000000-7f73152d0000 rwxp 00000000 00:00 0 
7f73152d0000-7f7318589000 rw-p 00000000 00:00 0 
7f7318589000-7f731c000000 ---p 00000000 00:00 0 
7f731c000000-7f731c005000 r--s 0004c000 08:11 1875045                    /usr/lib/jvm/java-7-openjdk-common/jre/lib/jsse.jar
7f731c005000-7f731c00a000 r--s 00309000 08:08 13500607                   /home/sapk/Documents/NetBeansProjects/jrecon/jRecon/lib/sqlite-jdbc-3.7.2.jar
7f731c00a000-7f731c00e000 r--s 00085000 08:11 1875030                    /usr/lib/jvm/java-7-openjdk-common/jre/lib/ext/localedata.jar
7f731c00e000-7f731c011000 r--s 0000f000 08:11 1875027                    /usr/lib/jvm/java-7-openjdk-common/jre/lib/ext/pulse-java.jar
7f731c011000-7f731c92e000 rw-p 00000000 00:00 0 
7f731c92e000-7f731c92f000 ---p 00000000 00:00 0 
7f731c92f000-7f731ca2f000 rw-p 00000000 00:00 0                          [stack:27838]
7f731ca2f000-7f731ca30000 ---p 00000000 00:00 0 
7f731ca30000-7f731cb30000 rw-p 00000000 00:00 0                          [stack:27837]
7f731cb30000-7f731cb31000 ---p 00000000 00:00 0 
7f731cb31000-7f731cc31000 rw-p 00000000 00:00 0                          [stack:27836]
7f731cc31000-7f731cc32000 ---p 00000000 00:00 0 
7f731cc32000-7f731cd46000 rw-p 00000000 00:00 0                          [stack:27835]
7f731cd46000-7f731cd85000 rw-p 00000000 00:00 0 
7f731cd85000-7f731cd98000 rw-p 00000000 00:00 0 
7f731cd98000-7f731cd9a000 ---p 00000000 00:00 0 
7f731cd9a000-7f731cec7000 rw-p 00000000 00:00 0 
7f731cec7000-7f731cedb000 rw-p 00000000 00:00 0 
7f731cedb000-7f731cf1a000 rw-p 00000000 00:00 0 
7f731cf1a000-7f731cf2d000 rw-p 00000000 00:00 0 
7f731cf2d000-7f731cf2f000 ---p 00000000 00:00 0 
7f731cf2f000-7f731d05b000 rw-p 00000000 00:00 0 
7f731d05b000-7f731d060000 rw-p 00000000 00:00 0 
7f731d060000-7f731d06a000 ---p 00000000 00:00 0 
7f731d06a000-7f731d0fc000 rw-p 00000000 00:00 0 
7f731d0fc000-7f731d0fd000 rw-p 00000000 00:00 0 
7f731d0fd000-7f731d105000 r-xp 00000000 08:11 84598                      /usr/lib/jvm/java-7-openjdk-amd64/jre/lib/amd64/libzip.so
7f731d105000-7f731d304000 ---p 00008000 08:11 84598                      /usr/lib/jvm/java-7-openjdk-amd64/jre/lib/amd64/libzip.so
7f731d304000-7f731d305000 r--p 00007000 08:11 84598                      /usr/lib/jvm/java-7-openjdk-amd64/jre/lib/amd64/libzip.so
7f731d305000-7f731d306000 rw-p 00008000 08:11 84598                      /usr/lib/jvm/java-7-openjdk-amd64/jre/lib/amd64/libzip.so
7f731d306000-7f731d312000 r-xp 00000000 08:11 565163                     /lib/x86_64-linux-gnu/libnss_files-2.17.so
7f731d312000-7f731d511000 ---p 0000c000 08:11 565163                     /lib/x86_64-linux-gnu/libnss_files-2.17.so
7f731d511000-7f731d512000 r--p 0000b000 08:11 565163                     /lib/x86_64-linux-gnu/libnss_files-2.17.so
7f731d512000-7f731d513000 rw-p 0000c000 08:11 565163                     /lib/x86_64-linux-gnu/libnss_files-2.17.so
7f731d513000-7f731d51e000 r-xp 00000000 08:11 565168                     /lib/x86_64-linux-gnu/libnss_nis-2.17.so
7f731d51e000-7f731d71d000 ---p 0000b000 08:11 565168                     /lib/x86_64-linux-gnu/libnss_nis-2.17.so
7f731d71d000-7f731d71e000 r--p 0000a000 08:11 565168                     /lib/x86_64-linux-gnu/libnss_nis-2.17.so
7f731d71e000-7f731d71f000 rw-p 0000b000 08:11 565168                     /lib/x86_64-linux-gnu/libnss_nis-2.17.so
7f731d71f000-7f731d736000 r-xp 00000000 08:11 565157                     /lib/x86_64-linux-gnu/libnsl-2.17.so
7f731d736000-7f731d935000 ---p 00017000 08:11 565157                     /lib/x86_64-linux-gnu/libnsl-2.17.so
7f731d935000-7f731d936000 r--p 00016000 08:11 565157                     /lib/x86_64-linux-gnu/libnsl-2.17.so
7f731d936000-7f731d937000 rw-p 00017000 08:11 565157                     /lib/x86_64-linux-gnu/libnsl-2.17.so
7f731d937000-7f731d939000 rw-p 00000000 00:00 0 
7f731d939000-7f731d941000 r-xp 00000000 08:11 565159                     /lib/x86_64-linux-gnu/libnss_compat-2.17.so
7f731d941000-7f731db40000 ---p 00008000 08:11 565159                     /lib/x86_64-linux-gnu/libnss_compat-2.17.so
7f731db40000-7f731db41000 r--p 00007000 08:11 565159                     /lib/x86_64-linux-gnu/libnss_compat-2.17.so
7f731db41000-7f731db42000 rw-p 00008000 08:11 565159                     /lib/x86_64-linux-gnu/libnss_compat-2.17.so
7f731db42000-7f731db6d000 r-xp 00000000 08:11 84585                      /usr/lib/jvm/java-7-openjdk-amd64/jre/lib/amd64/libjava.so
7f731db6d000-7f731dd6c000 ---p 0002b000 08:11 84585                      /usr/lib/jvm/java-7-openjdk-amd64/jre/lib/amd64/libjava.so
7f731dd6c000-7f731dd6d000 r--p 0002a000 08:11 84585                      /usr/lib/jvm/java-7-openjdk-amd64/jre/lib/amd64/libjava.so
7f731dd6d000-7f731dd6f000 rw-p 0002b000 08:11 84585                      /usr/lib/jvm/java-7-openjdk-amd64/jre/lib/amd64/libjava.so
7f731dd6f000-7f731dd7f000 r-xp 00000000 08:11 84584                      /usr/lib/jvm/java-7-openjdk-amd64/jre/lib/amd64/libverify.so
7f731dd7f000-7f731df7e000 ---p 00010000 08:11 84584                      /usr/lib/jvm/java-7-openjdk-amd64/jre/lib/amd64/libverify.so
7f731df7e000-7f731df80000 r--p 0000f000 08:11 84584                      /usr/lib/jvm/java-7-openjdk-amd64/jre/lib/amd64/libverify.so
7f731df80000-7f731df81000 rw-p 00011000 08:11 84584                      /usr/lib/jvm/java-7-openjdk-amd64/jre/lib/amd64/libverify.so
7f731df81000-7f731df88000 r-xp 00000000 08:11 565211                     /lib/x86_64-linux-gnu/librt-2.17.so
7f731df88000-7f731e187000 ---p 00007000 08:11 565211                     /lib/x86_64-linux-gnu/librt-2.17.so
7f731e187000-7f731e188000 r--p 00006000 08:11 565211                     /lib/x86_64-linux-gnu/librt-2.17.so
7f731e188000-7f731e189000 rw-p 00007000 08:11 565211                     /lib/x86_64-linux-gnu/librt-2.17.so
7f731e189000-7f731e19e000 r-xp 00000000 08:11 565112                     /lib/x86_64-linux-gnu/libgcc_s.so.1
7f731e19e000-7f731e39d000 ---p 00015000 08:11 565112                     /lib/x86_64-linux-gnu/libgcc_s.so.1
7f731e39d000-7f731e39e000 r--p 00014000 08:11 565112                     /lib/x86_64-linux-gnu/libgcc_s.so.1
7f731e39e000-7f731e39f000 rw-p 00015000 08:11 565112                     /lib/x86_64-linux-gnu/libgcc_s.so.1
7f731e39f000-7f731e4a2000 r-xp 00000000 08:11 565138                     /lib/x86_64-linux-gnu/libm-2.17.so
7f731e4a2000-7f731e6a1000 ---p 00103000 08:11 565138                     /lib/x86_64-linux-gnu/libm-2.17.so
7f731e6a1000-7f731e6a2000 r--p 00102000 08:11 565138                     /lib/x86_64-linux-gnu/libm-2.17.so
7f731e6a2000-7f731e6a3000 rw-p 00103000 08:11 565138                     /lib/x86_64-linux-gnu/libm-2.17.so
7f731e6a3000-7f731e789000 r-xp 00000000 08:11 1685794                    /usr/lib/x86_64-linux-gnu/libstdc++.so.6.0.18
7f731e789000-7f731e988000 ---p 000e6000 08:11 1685794                    /usr/lib/x86_64-linux-gnu/libstdc++.so.6.0.18
7f731e988000-7f731e990000 r--p 000e5000 08:11 1685794                    /usr/lib/x86_64-linux-gnu/libstdc++.so.6.0.18
7f731e990000-7f731e992000 rw-p 000ed000 08:11 1685794                    /usr/lib/x86_64-linux-gnu/libstdc++.so.6.0.18
7f731e992000-7f731e9a7000 rw-p 00000000 00:00 0 
7f731e9a7000-7f731f3b5000 r-xp 00000000 08:11 109096                     /usr/lib/jvm/java-7-openjdk-amd64/jre/lib/amd64/server/libjvm.so
7f731f3b5000-7f731f5b4000 ---p 00a0e000 08:11 109096                     /usr/lib/jvm/java-7-openjdk-amd64/jre/lib/amd64/server/libjvm.so
7f731f5b4000-7f731f62d000 r--p 00a0d000 08:11 109096                     /usr/lib/jvm/java-7-openjdk-amd64/jre/lib/amd64/server/libjvm.so
7f731f62d000-7f731f650000 rw-p 00a86000 08:11 109096                     /usr/lib/jvm/java-7-openjdk-amd64/jre/lib/amd64/server/libjvm.so
7f731f650000-7f731f67b000 rw-p 00000000 00:00 0 
7f731f67b000-7f731f693000 r-xp 00000000 08:11 565245                     /lib/x86_64-linux-gnu/libz.so.1.2.8
7f731f693000-7f731f892000 ---p 00018000 08:11 565245                     /lib/x86_64-linux-gnu/libz.so.1.2.8
7f731f892000-7f731f893000 r--p 00017000 08:11 565245                     /lib/x86_64-linux-gnu/libz.so.1.2.8
7f731f893000-7f731f894000 rw-p 00018000 08:11 565245                     /lib/x86_64-linux-gnu/libz.so.1.2.8
7f731f894000-7f731f8ab000 r-xp 00000000 08:11 565203                     /lib/x86_64-linux-gnu/libpthread-2.17.so
7f731f8ab000-7f731faab000 ---p 00017000 08:11 565203                     /lib/x86_64-linux-gnu/libpthread-2.17.so
7f731faab000-7f731faac000 r--p 00017000 08:11 565203                     /lib/x86_64-linux-gnu/libpthread-2.17.so
7f731faac000-7f731faad000 rw-p 00018000 08:11 565203                     /lib/x86_64-linux-gnu/libpthread-2.17.so
7f731faad000-7f731fab1000 rw-p 00000000 00:00 0 
7f731fab1000-7f731fab4000 r-xp 00000000 08:11 565102                     /lib/x86_64-linux-gnu/libdl-2.17.so
7f731fab4000-7f731fcb3000 ---p 00003000 08:11 565102                     /lib/x86_64-linux-gnu/libdl-2.17.so
7f731fcb3000-7f731fcb4000 r--p 00002000 08:11 565102                     /lib/x86_64-linux-gnu/libdl-2.17.so
7f731fcb4000-7f731fcb5000 rw-p 00003000 08:11 565102                     /lib/x86_64-linux-gnu/libdl-2.17.so
7f731fcb5000-7f731fe72000 r-xp 00000000 08:11 565087                     /lib/x86_64-linux-gnu/libc-2.17.so
7f731fe72000-7f7320072000 ---p 001bd000 08:11 565087                     /lib/x86_64-linux-gnu/libc-2.17.so
7f7320072000-7f7320076000 r--p 001bd000 08:11 565087                     /lib/x86_64-linux-gnu/libc-2.17.so
7f7320076000-7f7320078000 rw-p 001c1000 08:11 565087                     /lib/x86_64-linux-gnu/libc-2.17.so
7f7320078000-7f732007d000 rw-p 00000000 00:00 0 
7f732007d000-7f732008a000 r-xp 00000000 08:11 84567                      /usr/lib/jvm/java-7-openjdk-amd64/jre/lib/amd64/jli/libjli.so
7f732008a000-7f7320289000 ---p 0000d000 08:11 84567                      /usr/lib/jvm/java-7-openjdk-amd64/jre/lib/amd64/jli/libjli.so
7f7320289000-7f732028a000 r--p 0000c000 08:11 84567                      /usr/lib/jvm/java-7-openjdk-amd64/jre/lib/amd64/jli/libjli.so
7f732028a000-7f732028b000 rw-p 0000d000 08:11 84567                      /usr/lib/jvm/java-7-openjdk-amd64/jre/lib/amd64/jli/libjli.so
7f732028b000-7f73202ae000 r-xp 00000000 08:11 565063                     /lib/x86_64-linux-gnu/ld-2.17.so
7f73202ae000-7f73202b0000 r--s 00006000 08:11 1774583                    /usr/share/java/java-atk-wrapper.jar
7f73202b0000-7f73202dd000 rw-p 00000000 00:00 0 
7f73202dd000-7f7320391000 rw-p 00000000 00:00 0 
7f7320391000-7f7320394000 ---p 00000000 00:00 0 
7f7320394000-7f7320497000 rw-p 00000000 00:00 0                          [stack:27834]
7f7320497000-7f7320498000 r--s 00000000 08:05 93                         /var/cache/fontconfig/62f91419b9ebdb6975e7e41ab6412357-le64.cache-4
7f7320498000-7f7320499000 r--s 00002000 08:11 1875032                    /usr/lib/jvm/java-7-openjdk-common/jre/lib/ext/dnsns.jar
7f7320499000-7f732049b000 r--s 00012000 08:11 1875028                    /usr/lib/jvm/java-7-openjdk-common/jre/lib/ext/zipfs.jar
7f732049b000-7f732049e000 r--s 00032000 08:11 1875029                    /usr/lib/jvm/java-7-openjdk-common/jre/lib/ext/sunjce_provider.jar
7f732049e000-7f73204a1000 r--s 0003c000 08:11 1875031                    /usr/lib/jvm/java-7-openjdk-common/jre/lib/ext/sunpkcs11.jar
7f73204a1000-7f73204a9000 rw-s 00000000 08:06 60                         /tmp/hsperfdata_sapk/27830
7f73204a9000-7f73204aa000 rw-p 00000000 00:00 0 
7f73204aa000-7f73204ab000 r--p 00000000 00:00 0 
7f73204ab000-7f73204ad000 rw-p 00000000 00:00 0 
7f73204ad000-7f73204ae000 r--p 00022000 08:11 565063                     /lib/x86_64-linux-gnu/ld-2.17.so
7f73204ae000-7f73204b0000 rw-p 00023000 08:11 565063                     /lib/x86_64-linux-gnu/ld-2.17.so
7fff99114000-7fff99135000 rw-p 00000000 00:00 0                          [stack]
7fff9916b000-7fff9916d000 r-xp 00000000 00:00 0                          [vdso]
ffffffffff600000-ffffffffff601000 r-xp 00000000 00:00 0                  [vsyscall]

VM Arguments:
jvm_args: -Dfile.encoding=UTF-8 
java_command: fr.sapk.jrecon.JRecon
Launcher Type: SUN_STANDARD

Environment Variables:
PATH=/usr/local/sbin:/usr/local/bin:/usr/sbin:/usr/bin:/sbin:/bin:/usr/games:/usr/local/games
USERNAME=sapk
LD_LIBRARY_PATH=/usr/lib/jvm/java-7-openjdk-amd64/jre/lib/amd64:/usr/lib/jvm/java-7-openjdk-amd64/jre/lib/i386:
SHELL=/bin/bash
DISPLAY=:0

Signal Handlers:
SIGSEGV: [libjvm.so+0x871410], sa_mask[0]=0x7ffbfeff, sa_flags=0x10000004
SIGBUS: [libjvm.so+0x871410], sa_mask[0]=0x7ffbfeff, sa_flags=0x10000004
SIGFPE: [libjvm.so+0x709540], sa_mask[0]=0x7ffbfeff, sa_flags=0x10000004
SIGPIPE: SIG_IGN, sa_mask[0]=0x00001000, sa_flags=0x10000000
SIGXFSZ: [libjvm.so+0x709540], sa_mask[0]=0x7ffbfeff, sa_flags=0x10000004
SIGILL: [libjvm.so+0x709540], sa_mask[0]=0x7ffbfeff, sa_flags=0x10000004
SIGUSR1: SIG_DFL, sa_mask[0]=0x00000000, sa_flags=0x00000000
SIGUSR2: [libjvm.so+0x709270], sa_mask[0]=0x00000004, sa_flags=0x10000004
SIGHUP: [libjvm.so+0x709550], sa_mask[0]=0x7ffbfeff, sa_flags=0x10000004
SIGINT: SIG_IGN, sa_mask[0]=0x00000000, sa_flags=0x00000000
SIGTERM: [libjvm.so+0x709550], sa_mask[0]=0x7ffbfeff, sa_flags=0x10000004
SIGQUIT: [libjvm.so+0x709550], sa_mask[0]=0x7ffbfeff, sa_flags=0x10000004


---------------  S Y S T E M  ---------------

OS:Ubuntu 13.10 (saucy)
uname:Linux 3.11.0-12-generic #19-Ubuntu SMP Wed Oct 9 16:20:46 UTC 2013 x86_64
libc:glibc 2.17 NPTL 2.17 
rlimit: STACK 8192k, CORE 0k, NPROC 30689, NOFILE 4096, AS infinity
load average:2,03 1,69 1,22

/proc/meminfo:
MemTotal:        3948428 kB
MemFree:          362212 kB
Buffers:          105304 kB
Cached:          1515796 kB
SwapCached:         4440 kB
Active:          1931836 kB
Inactive:        1293888 kB
Active(anon):    1255536 kB
Inactive(anon):   397460 kB
Active(file):     676300 kB
Inactive(file):   896428 kB
Unevictable:         336 kB
Mlocked:             336 kB
SwapTotal:       3905532 kB
SwapFree:        3887696 kB
Dirty:               220 kB
Writeback:             4 kB
AnonPages:       1600796 kB
Mapped:           311184 kB
Shmem:             48360 kB
Slab:             105780 kB
SReclaimable:      67168 kB
SUnreclaim:        38612 kB
KernelStack:        3952 kB
PageTables:        31316 kB
NFS_Unstable:          0 kB
Bounce:                0 kB
WritebackTmp:          0 kB
CommitLimit:     5879744 kB
Committed_AS:    4170784 kB
VmallocTotal:   34359738367 kB
VmallocUsed:      565060 kB
VmallocChunk:   34359169216 kB
HardwareCorrupted:     0 kB
AnonHugePages:         0 kB
HugePages_Total:       0
HugePages_Free:        0
HugePages_Rsvd:        0
HugePages_Surp:        0
Hugepagesize:       2048 kB
DirectMap4k:      154364 kB
DirectMap2M:     3940352 kB


CPU:total 4 (2 cores per cpu, 2 threads per core) family 6 model 58 stepping 9, cmov, cx8, fxsr, mmx, sse, sse2, sse3, ssse3, sse4.1, sse4.2, popcnt, avx, ht, tsc, tscinvbit, tscinv

/proc/cpuinfo:
processor	: 0
vendor_id	: GenuineIntel
cpu family	: 6
model		: 58
model name	: Intel(R) Core(TM) i5-3317U CPU @ 1.70GHz
stepping	: 9
microcode	: 0x12
cpu MHz		: 1700.000
cache size	: 3072 KB
physical id	: 0
siblings	: 4
core id		: 0
cpu cores	: 2
apicid		: 0
initial apicid	: 0
fpu		: yes
fpu_exception	: yes
cpuid level	: 13
wp		: yes
flags		: fpu vme de pse tsc msr pae mce cx8 apic sep mtrr pge mca cmov pat pse36 clflush dts acpi mmx fxsr sse sse2 ss ht tm pbe syscall nx rdtscp lm constant_tsc arch_perfmon pebs bts rep_good nopl xtopology nonstop_tsc aperfmperf eagerfpu pni pclmulqdq dtes64 monitor ds_cpl vmx est tm2 ssse3 cx16 xtpr pdcm pcid sse4_1 sse4_2 x2apic popcnt tsc_deadline_timer aes xsave avx f16c rdrand lahf_lm ida arat epb xsaveopt pln pts dtherm tpr_shadow vnmi flexpriority ept vpid fsgsbase smep erms
bogomips	: 3392.26
clflush size	: 64
cache_alignment	: 64
address sizes	: 36 bits physical, 48 bits virtual
power management:

processor	: 1
vendor_id	: GenuineIntel
cpu family	: 6
model		: 58
model name	: Intel(R) Core(TM) i5-3317U CPU @ 1.70GHz
stepping	: 9
microcode	: 0x12
cpu MHz		: 1700.000
cache size	: 3072 KB
physical id	: 0
siblings	: 4
core id		: 0
cpu cores	: 2
apicid		: 1
initial apicid	: 1
fpu		: yes
fpu_exception	: yes
cpuid level	: 13
wp		: yes
flags		: fpu vme de pse tsc msr pae mce cx8 apic sep mtrr pge mca cmov pat pse36 clflush dts acpi mmx fxsr sse sse2 ss ht tm pbe syscall nx rdtscp lm constant_tsc arch_perfmon pebs bts rep_good nopl xtopology nonstop_tsc aperfmperf eagerfpu pni pclmulqdq dtes64 monitor ds_cpl vmx est tm2 ssse3 cx16 xtpr pdcm pcid sse4_1 sse4_2 x2apic popcnt tsc_deadline_timer aes xsave avx f16c rdrand lahf_lm ida arat epb xsaveopt pln pts dtherm tpr_shadow vnmi flexpriority ept vpid fsgsbase smep erms
bogomips	: 3392.26
clflush size	: 64
cache_alignment	: 64
address sizes	: 36 bits physical, 48 bits virtual
power management:

processor	: 2
vendor_id	: GenuineIntel
cpu family	: 6
model		: 58
model name	: Intel(R) Core(TM) i5-3317U CPU @ 1.70GHz
stepping	: 9
microcode	: 0x12
cpu MHz		: 782.000
cache size	: 3072 KB
physical id	: 0
siblings	: 4
core id		: 1
cpu cores	: 2
apicid		: 2
initial apicid	: 2
fpu		: yes
fpu_exception	: yes
cpuid level	: 13
wp		: yes
flags		: fpu vme de pse tsc msr pae mce cx8 apic sep mtrr pge mca cmov pat pse36 clflush dts acpi mmx fxsr sse sse2 ss ht tm pbe syscall nx rdtscp lm constant_tsc arch_perfmon pebs bts rep_good nopl xtopology nonstop_tsc aperfmperf eagerfpu pni pclmulqdq dtes64 monitor ds_cpl vmx est tm2 ssse3 cx16 xtpr pdcm pcid sse4_1 sse4_2 x2apic popcnt tsc_deadline_timer aes xsave avx f16c rdrand lahf_lm ida arat epb xsaveopt pln pts dtherm tpr_shadow vnmi flexpriority ept vpid fsgsbase smep erms
bogomips	: 3392.26
clflush size	: 64
cache_alignment	: 64
address sizes	: 36 bits physical, 48 bits virtual
power management:

processor	: 3
vendor_id	: GenuineIntel
cpu family	: 6
model		: 58
model name	: Intel(R) Core(TM) i5-3317U CPU @ 1.70GHz
stepping	: 9
microcode	: 0x12
cpu MHz		: 782.000
cache size	: 3072 KB
physical id	: 0
siblings	: 4
core id		: 1
cpu cores	: 2
apicid		: 3
initial apicid	: 3
fpu		: yes
fpu_exception	: yes
cpuid level	: 13
wp		: yes
flags		: fpu vme de pse tsc msr pae mce cx8 apic sep mtrr pge mca cmov pat pse36 clflush dts acpi mmx fxsr sse sse2 ss ht tm pbe syscall nx rdtscp lm constant_tsc arch_perfmon pebs bts rep_good nopl xtopology nonstop_tsc aperfmperf eagerfpu pni pclmulqdq dtes64 monitor ds_cpl vmx est tm2 ssse3 cx16 xtpr pdcm pcid sse4_1 sse4_2 x2apic popcnt tsc_deadline_timer aes xsave avx f16c rdrand lahf_lm ida arat epb xsaveopt pln pts dtherm tpr_shadow vnmi flexpriority ept vpid fsgsbase smep erms
bogomips	: 3392.26
clflush size	: 64
cache_alignment	: 64
address sizes	: 36 bits physical, 48 bits virtual
power management:



Memory: 4k page, physical 3948428k(362212k free), swap 3905532k(3887696k free)

vm_info: OpenJDK 64-Bit Server VM (23.7-b01) for linux-amd64 JRE (1.7.0_25-b30), built on Oct 11 2013 18:04:12 by "buildd" with gcc 4.8.1

time: Tue Oct 22 02:19:18 2013
elapsed time: 268 seconds

